{"/Users/alfredourdaneta/Documents/AI/devcontext/src/config.js": {"path":"/Users/alfredourdaneta/Documents/AI/devcontext/src/config.js","statementMap":{"0":{"start":{"line":15,"column":0},"end":{"line":15,"column":16}},"1":{"start":{"line":22,"column":25},"end":{"line":28,"column":1}},"2":{"start":{"line":23,"column":22},"end":{"line":23,"column":56}},"3":{"start":{"line":24,"column":2},"end":{"line":26,"column":3}},"4":{"start":{"line":25,"column":4},"end":{"line":25,"column":31}},"5":{"start":{"line":27,"column":2},"end":{"line":27,"column":16}},"6":{"start":{"line":35,"column":33},"end":{"line":46,"column":1}},"7":{"start":{"line":36,"column":2},"end":{"line":39,"column":3}},"8":{"start":{"line":38,"column":4},"end":{"line":38,"column":50}},"9":{"start":{"line":42,"column":2},"end":{"line":45,"column":39}},"10":{"start":{"line":44,"column":19},"end":{"line":44,"column":30}},"11":{"start":{"line":45,"column":22},"end":{"line":45,"column":37}},"12":{"start":{"line":53,"column":29},"end":{"line":65,"column":1}},"13":{"start":{"line":55,"column":17},"end":{"line":55,"column":33}},"14":{"start":{"line":58,"column":2},"end":{"line":61,"column":3}},"15":{"start":{"line":60,"column":4},"end":{"line":60,"column":32}},"16":{"start":{"line":64,"column":2},"end":{"line":64,"column":25}},"17":{"start":{"line":71,"column":29},"end":{"line":90,"column":1}},"18":{"start":{"line":73,"column":14},"end":{"line":73,"column":27}},"19":{"start":{"line":76,"column":2},"end":{"line":84,"column":3}},"20":{"start":{"line":77,"column":27},"end":{"line":77,"column":51}},"21":{"start":{"line":78,"column":4},"end":{"line":83,"column":5}},"22":{"start":{"line":79,"column":6},"end":{"line":82,"column":8}},"23":{"start":{"line":86,"column":2},"end":{"line":89,"column":4}},"24":{"start":{"line":97,"column":30},"end":{"line":124,"column":1}},"25":{"start":{"line":98,"column":2},"end":{"line":123,"column":3}},"26":{"start":{"line":100,"column":4},"end":{"line":100,"column":64}},"27":{"start":{"line":103,"column":4},"end":{"line":103,"column":76}},"28":{"start":{"line":105,"column":4},"end":{"line":108,"column":6}},"29":{"start":{"line":111,"column":4},"end":{"line":117,"column":6}},"30":{"start":{"line":119,"column":4},"end":{"line":122,"column":6}},"31":{"start":{"line":127,"column":24},"end":{"line":127,"column":46}},"32":{"start":{"line":132,"column":15},"end":{"line":154,"column":1}},"33":{"start":{"line":152,"column":4},"end":{"line":152,"column":60}},"34":{"start":{"line":157,"column":0},"end":{"line":164,"column":3}},"35":{"start":{"line":167,"column":0},"end":{"line":170,"column":3}},"36":{"start":{"line":173,"column":0},"end":{"line":179,"column":1}},"37":{"start":{"line":174,"column":2},"end":{"line":178,"column":5}}},"fnMap":{"0":{"name":"(anonymous_0)","decl":{"start":{"line":22,"column":25},"end":{"line":22,"column":26}},"loc":{"start":{"line":22,"column":36},"end":{"line":28,"column":1}},"line":22},"1":{"name":"(anonymous_1)","decl":{"start":{"line":35,"column":33},"end":{"line":35,"column":34}},"loc":{"start":{"line":35,"column":48},"end":{"line":46,"column":1}},"line":35},"2":{"name":"(anonymous_2)","decl":{"start":{"line":44,"column":9},"end":{"line":44,"column":10}},"loc":{"start":{"line":44,"column":19},"end":{"line":44,"column":30}},"line":44},"3":{"name":"(anonymous_3)","decl":{"start":{"line":45,"column":12},"end":{"line":45,"column":13}},"loc":{"start":{"line":45,"column":22},"end":{"line":45,"column":37}},"line":45},"4":{"name":"(anonymous_4)","decl":{"start":{"line":53,"column":29},"end":{"line":53,"column":30}},"loc":{"start":{"line":53,"column":39},"end":{"line":65,"column":1}},"line":53},"5":{"name":"(anonymous_5)","decl":{"start":{"line":71,"column":29},"end":{"line":71,"column":30}},"loc":{"start":{"line":71,"column":35},"end":{"line":90,"column":1}},"line":71},"6":{"name":"(anonymous_6)","decl":{"start":{"line":97,"column":30},"end":{"line":97,"column":31}},"loc":{"start":{"line":97,"column":53},"end":{"line":124,"column":1}},"line":97},"7":{"name":"(anonymous_7)","decl":{"start":{"line":151,"column":25},"end":{"line":151,"column":26}},"loc":{"start":{"line":151,"column":37},"end":{"line":153,"column":3}},"line":151}},"branchMap":{"0":{"loc":{"start":{"line":24,"column":2},"end":{"line":26,"column":3}},"type":"if","locations":[{"start":{"line":24,"column":2},"end":{"line":26,"column":3}},{"start":{},"end":{}}],"line":24},"1":{"loc":{"start":{"line":24,"column":6},"end":{"line":24,"column":56}},"type":"binary-expr","locations":[{"start":{"line":24,"column":6},"end":{"line":24,"column":11}},{"start":{"line":24,"column":15},"end":{"line":24,"column":56}}],"line":24},"2":{"loc":{"start":{"line":36,"column":2},"end":{"line":39,"column":3}},"type":"if","locations":[{"start":{"line":36,"column":2},"end":{"line":39,"column":3}},{"start":{},"end":{}}],"line":36},"3":{"loc":{"start":{"line":36,"column":6},"end":{"line":36,"column":49}},"type":"binary-expr","locations":[{"start":{"line":36,"column":6},"end":{"line":36,"column":16}},{"start":{"line":36,"column":20},"end":{"line":36,"column":49}}],"line":36},"4":{"loc":{"start":{"line":58,"column":2},"end":{"line":61,"column":3}},"type":"if","locations":[{"start":{"line":58,"column":2},"end":{"line":61,"column":3}},{"start":{},"end":{}}],"line":58},"5":{"loc":{"start":{"line":58,"column":6},"end":{"line":58,"column":34}},"type":"binary-expr","locations":[{"start":{"line":58,"column":6},"end":{"line":58,"column":20}},{"start":{"line":58,"column":24},"end":{"line":58,"column":34}}],"line":58},"6":{"loc":{"start":{"line":76,"column":2},"end":{"line":84,"column":3}},"type":"if","locations":[{"start":{"line":76,"column":2},"end":{"line":84,"column":3}},{"start":{},"end":{}}],"line":76},"7":{"loc":{"start":{"line":78,"column":4},"end":{"line":83,"column":5}},"type":"if","locations":[{"start":{"line":78,"column":4},"end":{"line":83,"column":5}},{"start":{},"end":{}}],"line":78},"8":{"loc":{"start":{"line":78,"column":8},"end":{"line":78,"column":54}},"type":"binary-expr","locations":[{"start":{"line":78,"column":8},"end":{"line":78,"column":22}},{"start":{"line":78,"column":26},"end":{"line":78,"column":54}}],"line":78},"9":{"loc":{"start":{"line":145,"column":25},"end":{"line":145,"column":75}},"type":"binary-expr","locations":[{"start":{"line":145,"column":25},"end":{"line":145,"column":70}},{"start":{"line":145,"column":74},"end":{"line":145,"column":75}}],"line":145},"10":{"loc":{"start":{"line":159,"column":22},"end":{"line":159,"column":71}},"type":"cond-expr","locations":[{"start":{"line":159,"column":50},"end":{"line":159,"column":57}},{"start":{"line":159,"column":60},"end":{"line":159,"column":71}}],"line":159},"11":{"loc":{"start":{"line":160,"column":20},"end":{"line":160,"column":67}},"type":"cond-expr","locations":[{"start":{"line":160,"column":46},"end":{"line":160,"column":53}},{"start":{"line":160,"column":56},"end":{"line":160,"column":67}}],"line":160},"12":{"loc":{"start":{"line":173,"column":0},"end":{"line":179,"column":1}},"type":"if","locations":[{"start":{"line":173,"column":0},"end":{"line":179,"column":1}},{"start":{},"end":{}}],"line":173}},"s":{"0":0,"1":0,"2":0,"3":0,"4":0,"5":0,"6":0,"7":0,"8":0,"9":0,"10":0,"11":0,"12":0,"13":0,"14":0,"15":0,"16":0,"17":0,"18":0,"19":0,"20":0,"21":0,"22":0,"23":0,"24":0,"25":0,"26":0,"27":0,"28":0,"29":0,"30":0,"31":0,"32":0,"33":0,"34":0,"35":0,"36":0,"37":0},"f":{"0":0,"1":0,"2":0,"3":0,"4":0,"5":0,"6":0,"7":0},"b":{"0":[0,0],"1":[0,0],"2":[0,0],"3":[0,0],"4":[0,0],"5":[0,0],"6":[0,0],"7":[0,0],"8":[0,0],"9":[0,0],"10":[0,0],"11":[0,0],"12":[0,0]}}
,"/Users/alfredourdaneta/Documents/AI/devcontext/src/main.js": {"path":"/Users/alfredourdaneta/Documents/AI/devcontext/src/main.js","statementMap":{"0":{"start":{"line":22,"column":2},"end":{"line":178,"column":3}},"1":{"start":{"line":24,"column":4},"end":{"line":24,"column":49}},"2":{"start":{"line":27,"column":26},"end":{"line":27,"column":62}},"3":{"start":{"line":29,"column":4},"end":{"line":41,"column":5}},"4":{"start":{"line":31,"column":6},"end":{"line":37,"column":8}},"5":{"start":{"line":40,"column":6},"end":{"line":40,"column":22}},"6":{"start":{"line":44,"column":4},"end":{"line":44,"column":68}},"7":{"start":{"line":47,"column":21},"end":{"line":47,"column":41}},"8":{"start":{"line":50,"column":4},"end":{"line":67,"column":5}},"9":{"start":{"line":51,"column":6},"end":{"line":51,"column":53}},"10":{"start":{"line":52,"column":6},"end":{"line":52,"column":41}},"11":{"start":{"line":53,"column":6},"end":{"line":53,"column":62}},"12":{"start":{"line":56,"column":6},"end":{"line":63,"column":9}},"13":{"start":{"line":66,"column":6},"end":{"line":66,"column":22}},"14":{"start":{"line":70,"column":4},"end":{"line":83,"column":5}},"15":{"start":{"line":71,"column":6},"end":{"line":71,"column":53}},"16":{"start":{"line":72,"column":6},"end":{"line":72,"column":47}},"17":{"start":{"line":73,"column":6},"end":{"line":73,"column":75}},"18":{"start":{"line":76,"column":6},"end":{"line":79,"column":9}},"19":{"start":{"line":82,"column":6},"end":{"line":82,"column":22}},"20":{"start":{"line":86,"column":4},"end":{"line":111,"column":5}},"21":{"start":{"line":87,"column":6},"end":{"line":87,"column":57}},"22":{"start":{"line":88,"column":25},"end":{"line":88,"column":70}},"23":{"start":{"line":89,"column":6},"end":{"line":103,"column":7}},"24":{"start":{"line":90,"column":8},"end":{"line":93,"column":11}},"25":{"start":{"line":94,"column":13},"end":{"line":103,"column":7}},"26":{"start":{"line":95,"column":8},"end":{"line":97,"column":11}},"27":{"start":{"line":99,"column":8},"end":{"line":102,"column":11}},"28":{"start":{"line":106,"column":6},"end":{"line":109,"column":9}},"29":{"start":{"line":110,"column":6},"end":{"line":110,"column":76}},"30":{"start":{"line":114,"column":4},"end":{"line":134,"column":5}},"31":{"start":{"line":115,"column":6},"end":{"line":115,"column":60}},"32":{"start":{"line":116,"column":32},"end":{"line":116,"column":63}},"33":{"start":{"line":119,"column":6},"end":{"line":119,"column":43}},"34":{"start":{"line":122,"column":6},"end":{"line":122,"column":48}},"35":{"start":{"line":124,"column":6},"end":{"line":124,"column":65}},"36":{"start":{"line":127,"column":6},"end":{"line":130,"column":9}},"37":{"start":{"line":131,"column":6},"end":{"line":133,"column":8}},"38":{"start":{"line":137,"column":4},"end":{"line":168,"column":5}},"39":{"start":{"line":138,"column":6},"end":{"line":138,"column":48}},"40":{"start":{"line":141,"column":24},"end":{"line":145,"column":8}},"41":{"start":{"line":148,"column":6},"end":{"line":152,"column":8}},"42":{"start":{"line":155,"column":6},"end":{"line":155,"column":31}},"43":{"start":{"line":157,"column":6},"end":{"line":157,"column":71}},"44":{"start":{"line":158,"column":6},"end":{"line":158,"column":60}},"45":{"start":{"line":161,"column":6},"end":{"line":164,"column":9}},"46":{"start":{"line":167,"column":6},"end":{"line":167,"column":22}},"47":{"start":{"line":171,"column":4},"end":{"line":174,"column":7}},"48":{"start":{"line":177,"column":4},"end":{"line":177,"column":20}},"49":{"start":{"line":182,"column":0},"end":{"line":188,"column":3}},"50":{"start":{"line":183,"column":2},"end":{"line":186,"column":5}},"51":{"start":{"line":187,"column":2},"end":{"line":187,"column":18}},"52":{"start":{"line":191,"column":0},"end":{"line":197,"column":3}},"53":{"start":{"line":192,"column":2},"end":{"line":195,"column":5}},"54":{"start":{"line":196,"column":2},"end":{"line":196,"column":18}},"55":{"start":{"line":200,"column":0},"end":{"line":200,"column":14}}},"fnMap":{"0":{"name":"startServer","decl":{"start":{"line":21,"column":15},"end":{"line":21,"column":26}},"loc":{"start":{"line":21,"column":29},"end":{"line":179,"column":1}},"line":21},"1":{"name":"(anonymous_1)","decl":{"start":{"line":182,"column":32},"end":{"line":182,"column":33}},"loc":{"start":{"line":182,"column":43},"end":{"line":188,"column":1}},"line":182},"2":{"name":"(anonymous_2)","decl":{"start":{"line":191,"column":33},"end":{"line":191,"column":34}},"loc":{"start":{"line":191,"column":54},"end":{"line":197,"column":1}},"line":191}},"branchMap":{"0":{"loc":{"start":{"line":29,"column":4},"end":{"line":41,"column":5}},"type":"if","locations":[{"start":{"line":29,"column":4},"end":{"line":41,"column":5}},{"start":{},"end":{}}],"line":29},"1":{"loc":{"start":{"line":35,"column":17},"end":{"line":35,"column":64}},"type":"binary-expr","locations":[{"start":{"line":35,"column":17},"end":{"line":35,"column":45}},{"start":{"line":35,"column":49},"end":{"line":35,"column":64}}],"line":35},"2":{"loc":{"start":{"line":59,"column":21},"end":{"line":59,"column":70}},"type":"cond-expr","locations":[{"start":{"line":59,"column":49},"end":{"line":59,"column":56}},{"start":{"line":59,"column":59},"end":{"line":59,"column":70}}],"line":59},"3":{"loc":{"start":{"line":60,"column":19},"end":{"line":62,"column":29}},"type":"cond-expr","locations":[{"start":{"line":61,"column":12},"end":{"line":61,"column":35}},{"start":{"line":62,"column":12},"end":{"line":62,"column":29}}],"line":60},"4":{"loc":{"start":{"line":89,"column":6},"end":{"line":103,"column":7}},"type":"if","locations":[{"start":{"line":89,"column":6},"end":{"line":103,"column":7}},{"start":{"line":94,"column":13},"end":{"line":103,"column":7}}],"line":89},"5":{"loc":{"start":{"line":94,"column":13},"end":{"line":103,"column":7}},"type":"if","locations":[{"start":{"line":94,"column":13},"end":{"line":103,"column":7}},{"start":{"line":98,"column":13},"end":{"line":103,"column":7}}],"line":94},"6":{"loc":{"start":{"line":143,"column":17},"end":{"line":143,"column":42}},"type":"binary-expr","locations":[{"start":{"line":143,"column":17},"end":{"line":143,"column":31}},{"start":{"line":143,"column":35},"end":{"line":143,"column":42}}],"line":143},"7":{"loc":{"start":{"line":193,"column":12},"end":{"line":193,"column":69}},"type":"cond-expr","locations":[{"start":{"line":193,"column":38},"end":{"line":193,"column":52}},{"start":{"line":193,"column":55},"end":{"line":193,"column":69}}],"line":193},"8":{"loc":{"start":{"line":194,"column":11},"end":{"line":194,"column":61}},"type":"cond-expr","locations":[{"start":{"line":194,"column":37},"end":{"line":194,"column":49}},{"start":{"line":194,"column":52},"end":{"line":194,"column":61}}],"line":194}},"s":{"0":0,"1":0,"2":0,"3":0,"4":0,"5":0,"6":0,"7":0,"8":0,"9":0,"10":0,"11":0,"12":0,"13":0,"14":0,"15":0,"16":0,"17":0,"18":0,"19":0,"20":0,"21":0,"22":0,"23":0,"24":0,"25":0,"26":0,"27":0,"28":0,"29":0,"30":0,"31":0,"32":0,"33":0,"34":0,"35":0,"36":0,"37":0,"38":0,"39":0,"40":0,"41":0,"42":0,"43":0,"44":0,"45":0,"46":0,"47":0,"48":0,"49":0,"50":0,"51":0,"52":0,"53":0,"54":0,"55":0},"f":{"0":0,"1":0,"2":0},"b":{"0":[0,0],"1":[0,0],"2":[0,0],"3":[0,0],"4":[0,0],"5":[0,0],"6":[0,0],"7":[0,0],"8":[0,0]}}
,"/Users/alfredourdaneta/Documents/AI/devcontext/src/db/client.js": {"path":"/Users/alfredourdaneta/Documents/AI/devcontext/src/db/client.js","statementMap":{"0":{"start":{"line":16,"column":34},"end":{"line":51,"column":1}},"1":{"start":{"line":17,"column":2},"end":{"line":17,"column":45}},"2":{"start":{"line":20,"column":51},"end":{"line":20,"column":57}},"3":{"start":{"line":23,"column":2},"end":{"line":27,"column":3}},"4":{"start":{"line":24,"column":18},"end":{"line":24,"column":78}},"5":{"start":{"line":25,"column":4},"end":{"line":25,"column":67}},"6":{"start":{"line":26,"column":4},"end":{"line":26,"column":16}},"7":{"start":{"line":30,"column":23},"end":{"line":32,"column":3}},"8":{"start":{"line":35,"column":2},"end":{"line":40,"column":3}},"9":{"start":{"line":36,"column":4},"end":{"line":36,"column":46}},"10":{"start":{"line":37,"column":4},"end":{"line":37,"column":73}},"11":{"start":{"line":39,"column":4},"end":{"line":39,"column":62}},"12":{"start":{"line":42,"column":2},"end":{"line":50,"column":3}},"13":{"start":{"line":44,"column":19},"end":{"line":44,"column":45}},"14":{"start":{"line":45,"column":4},"end":{"line":45,"column":59}},"15":{"start":{"line":46,"column":4},"end":{"line":46,"column":18}},"16":{"start":{"line":48,"column":4},"end":{"line":48,"column":61}},"17":{"start":{"line":49,"column":4},"end":{"line":49,"column":16}}},"fnMap":{"0":{"name":"(anonymous_0)","decl":{"start":{"line":16,"column":34},"end":{"line":16,"column":35}},"loc":{"start":{"line":16,"column":40},"end":{"line":51,"column":1}},"line":16}},"branchMap":{"0":{"loc":{"start":{"line":23,"column":2},"end":{"line":27,"column":3}},"type":"if","locations":[{"start":{"line":23,"column":2},"end":{"line":27,"column":3}},{"start":{},"end":{}}],"line":23},"1":{"loc":{"start":{"line":35,"column":2},"end":{"line":40,"column":3}},"type":"if","locations":[{"start":{"line":35,"column":2},"end":{"line":40,"column":3}},{"start":{"line":38,"column":9},"end":{"line":40,"column":3}}],"line":35}},"s":{"0":0,"1":0,"2":0,"3":0,"4":0,"5":0,"6":0,"7":0,"8":0,"9":0,"10":0,"11":0,"12":0,"13":0,"14":0,"15":0,"16":0,"17":0},"f":{"0":0},"b":{"0":[0,0],"1":[0,0]}}
,"/Users/alfredourdaneta/Documents/AI/devcontext/src/db/queries.js": {"path":"/Users/alfredourdaneta/Documents/AI/devcontext/src/db/queries.js","statementMap":{"0":{"start":{"line":17,"column":2},"end":{"line":45,"column":3}},"1":{"start":{"line":18,"column":4},"end":{"line":18,"column":51}},"2":{"start":{"line":21,"column":4},"end":{"line":30,"column":7}},"3":{"start":{"line":33,"column":4},"end":{"line":36,"column":7}},"4":{"start":{"line":38,"column":4},"end":{"line":38,"column":53}},"5":{"start":{"line":40,"column":4},"end":{"line":43,"column":7}},"6":{"start":{"line":44,"column":4},"end":{"line":44,"column":16}},"7":{"start":{"line":54,"column":2},"end":{"line":87,"column":3}},"8":{"start":{"line":55,"column":4},"end":{"line":55,"column":56}},"9":{"start":{"line":58,"column":4},"end":{"line":66,"column":7}},"10":{"start":{"line":69,"column":4},"end":{"line":72,"column":7}},"11":{"start":{"line":75,"column":4},"end":{"line":78,"column":7}},"12":{"start":{"line":80,"column":4},"end":{"line":80,"column":58}},"13":{"start":{"line":82,"column":4},"end":{"line":85,"column":7}},"14":{"start":{"line":86,"column":4},"end":{"line":86,"column":16}},"15":{"start":{"line":96,"column":2},"end":{"line":207,"column":3}},"16":{"start":{"line":97,"column":4},"end":{"line":97,"column":61}},"17":{"start":{"line":100,"column":4},"end":{"line":123,"column":7}},"18":{"start":{"line":126,"column":4},"end":{"line":129,"column":7}},"19":{"start":{"line":131,"column":4},"end":{"line":134,"column":7}},"20":{"start":{"line":136,"column":4},"end":{"line":139,"column":7}},"21":{"start":{"line":141,"column":4},"end":{"line":144,"column":7}},"22":{"start":{"line":147,"column":4},"end":{"line":156,"column":7}},"23":{"start":{"line":159,"column":4},"end":{"line":178,"column":7}},"24":{"start":{"line":181,"column":4},"end":{"line":191,"column":7}},"25":{"start":{"line":194,"column":4},"end":{"line":198,"column":7}},"26":{"start":{"line":200,"column":4},"end":{"line":200,"column":63}},"27":{"start":{"line":202,"column":4},"end":{"line":205,"column":7}},"28":{"start":{"line":206,"column":4},"end":{"line":206,"column":16}},"29":{"start":{"line":216,"column":2},"end":{"line":314,"column":3}},"30":{"start":{"line":217,"column":4},"end":{"line":217,"column":65}},"31":{"start":{"line":220,"column":4},"end":{"line":235,"column":7}},"32":{"start":{"line":238,"column":4},"end":{"line":241,"column":7}},"33":{"start":{"line":243,"column":4},"end":{"line":246,"column":7}},"34":{"start":{"line":248,"column":4},"end":{"line":251,"column":7}},"35":{"start":{"line":254,"column":4},"end":{"line":263,"column":7}},"36":{"start":{"line":266,"column":4},"end":{"line":285,"column":7}},"37":{"start":{"line":288,"column":4},"end":{"line":298,"column":7}},"38":{"start":{"line":301,"column":4},"end":{"line":305,"column":7}},"39":{"start":{"line":307,"column":4},"end":{"line":307,"column":67}},"40":{"start":{"line":309,"column":4},"end":{"line":312,"column":7}},"41":{"start":{"line":313,"column":4},"end":{"line":313,"column":16}},"42":{"start":{"line":323,"column":2},"end":{"line":367,"column":3}},"43":{"start":{"line":324,"column":4},"end":{"line":324,"column":58}},"44":{"start":{"line":327,"column":4},"end":{"line":340,"column":7}},"45":{"start":{"line":343,"column":4},"end":{"line":346,"column":7}},"46":{"start":{"line":349,"column":4},"end":{"line":352,"column":7}},"47":{"start":{"line":355,"column":4},"end":{"line":358,"column":7}},"48":{"start":{"line":360,"column":4},"end":{"line":360,"column":60}},"49":{"start":{"line":362,"column":4},"end":{"line":365,"column":7}},"50":{"start":{"line":366,"column":4},"end":{"line":366,"column":16}},"51":{"start":{"line":376,"column":2},"end":{"line":421,"column":3}},"52":{"start":{"line":377,"column":4},"end":{"line":377,"column":55}},"53":{"start":{"line":380,"column":4},"end":{"line":388,"column":7}},"54":{"start":{"line":391,"column":4},"end":{"line":394,"column":7}},"55":{"start":{"line":397,"column":4},"end":{"line":400,"column":7}},"56":{"start":{"line":403,"column":4},"end":{"line":406,"column":7}},"57":{"start":{"line":409,"column":4},"end":{"line":412,"column":7}},"58":{"start":{"line":414,"column":4},"end":{"line":414,"column":57}},"59":{"start":{"line":416,"column":4},"end":{"line":419,"column":7}},"60":{"start":{"line":420,"column":4},"end":{"line":420,"column":16}},"61":{"start":{"line":430,"column":2},"end":{"line":460,"column":3}},"62":{"start":{"line":431,"column":4},"end":{"line":431,"column":60}},"63":{"start":{"line":434,"column":4},"end":{"line":445,"column":7}},"64":{"start":{"line":448,"column":4},"end":{"line":451,"column":7}},"65":{"start":{"line":453,"column":4},"end":{"line":453,"column":62}},"66":{"start":{"line":455,"column":4},"end":{"line":458,"column":7}},"67":{"start":{"line":459,"column":4},"end":{"line":459,"column":16}},"68":{"start":{"line":469,"column":2},"end":{"line":503,"column":3}},"69":{"start":{"line":470,"column":4},"end":{"line":470,"column":59}},"70":{"start":{"line":473,"column":4},"end":{"line":488,"column":7}},"71":{"start":{"line":491,"column":4},"end":{"line":494,"column":7}},"72":{"start":{"line":496,"column":4},"end":{"line":496,"column":61}},"73":{"start":{"line":498,"column":4},"end":{"line":501,"column":7}},"74":{"start":{"line":502,"column":4},"end":{"line":502,"column":16}},"75":{"start":{"line":512,"column":2},"end":{"line":564,"column":3}},"76":{"start":{"line":513,"column":4},"end":{"line":513,"column":58}},"77":{"start":{"line":516,"column":4},"end":{"line":532,"column":7}},"78":{"start":{"line":535,"column":4},"end":{"line":538,"column":7}},"79":{"start":{"line":541,"column":4},"end":{"line":544,"column":7}},"80":{"start":{"line":547,"column":4},"end":{"line":555,"column":7}},"81":{"start":{"line":557,"column":4},"end":{"line":557,"column":60}},"82":{"start":{"line":559,"column":4},"end":{"line":562,"column":7}},"83":{"start":{"line":563,"column":4},"end":{"line":563,"column":16}},"84":{"start":{"line":574,"column":2},"end":{"line":604,"column":3}},"85":{"start":{"line":575,"column":4},"end":{"line":575,"column":55}},"86":{"start":{"line":578,"column":4},"end":{"line":584,"column":7}},"87":{"start":{"line":587,"column":4},"end":{"line":595,"column":7}},"88":{"start":{"line":597,"column":4},"end":{"line":597,"column":57}},"89":{"start":{"line":599,"column":4},"end":{"line":602,"column":7}},"90":{"start":{"line":603,"column":4},"end":{"line":603,"column":16}},"91":{"start":{"line":613,"column":2},"end":{"line":635,"column":3}},"92":{"start":{"line":614,"column":4},"end":{"line":614,"column":74}},"93":{"start":{"line":616,"column":19},"end":{"line":619,"column":6}},"94":{"start":{"line":621,"column":4},"end":{"line":625,"column":5}},"95":{"start":{"line":622,"column":18},"end":{"line":622,"column":38}},"96":{"start":{"line":623,"column":6},"end":{"line":623,"column":66}},"97":{"start":{"line":624,"column":6},"end":{"line":624,"column":17}},"98":{"start":{"line":627,"column":4},"end":{"line":627,"column":55}},"99":{"start":{"line":628,"column":4},"end":{"line":628,"column":16}},"100":{"start":{"line":630,"column":4},"end":{"line":633,"column":7}},"101":{"start":{"line":634,"column":4},"end":{"line":634,"column":16}},"102":{"start":{"line":645,"column":2},"end":{"line":661,"column":3}},"103":{"start":{"line":646,"column":4},"end":{"line":646,"column":65}},"104":{"start":{"line":648,"column":4},"end":{"line":651,"column":7}},"105":{"start":{"line":653,"column":4},"end":{"line":653,"column":66}},"106":{"start":{"line":655,"column":4},"end":{"line":659,"column":7}},"107":{"start":{"line":660,"column":4},"end":{"line":660,"column":16}},"108":{"start":{"line":676,"column":2},"end":{"line":712,"column":3}},"109":{"start":{"line":677,"column":4},"end":{"line":677,"column":77}},"110":{"start":{"line":681,"column":6},"end":{"line":683,"column":32}},"111":{"start":{"line":685,"column":4},"end":{"line":702,"column":7}},"112":{"start":{"line":704,"column":4},"end":{"line":704,"column":76}},"113":{"start":{"line":706,"column":4},"end":{"line":710,"column":7}},"114":{"start":{"line":711,"column":4},"end":{"line":711,"column":16}},"115":{"start":{"line":731,"column":2},"end":{"line":775,"column":3}},"116":{"start":{"line":732,"column":4},"end":{"line":734,"column":6}},"117":{"start":{"line":736,"column":4},"end":{"line":745,"column":7}},"118":{"start":{"line":748,"column":4},"end":{"line":761,"column":5}},"119":{"start":{"line":749,"column":6},"end":{"line":749,"column":71}},"120":{"start":{"line":751,"column":6},"end":{"line":760,"column":9}},"121":{"start":{"line":763,"column":4},"end":{"line":765,"column":6}},"122":{"start":{"line":767,"column":4},"end":{"line":773,"column":7}},"123":{"start":{"line":774,"column":4},"end":{"line":774,"column":16}},"124":{"start":{"line":792,"column":2},"end":{"line":832,"column":3}},"125":{"start":{"line":793,"column":4},"end":{"line":795,"column":6}},"126":{"start":{"line":798,"column":19},"end":{"line":798,"column":46}},"127":{"start":{"line":800,"column":4},"end":{"line":821,"column":7}},"128":{"start":{"line":823,"column":4},"end":{"line":823,"column":75}},"129":{"start":{"line":825,"column":4},"end":{"line":830,"column":7}},"130":{"start":{"line":831,"column":4},"end":{"line":831,"column":16}},"131":{"start":{"line":845,"column":2},"end":{"line":873,"column":3}},"132":{"start":{"line":846,"column":4},"end":{"line":848,"column":6}},"133":{"start":{"line":851,"column":19},"end":{"line":858,"column":6}},"134":{"start":{"line":860,"column":25},"end":{"line":860,"column":44}},"135":{"start":{"line":861,"column":4},"end":{"line":863,"column":6}},"136":{"start":{"line":865,"column":4},"end":{"line":865,"column":28}},"137":{"start":{"line":867,"column":4},"end":{"line":871,"column":7}},"138":{"start":{"line":872,"column":4},"end":{"line":872,"column":16}},"139":{"start":{"line":883,"column":2},"end":{"line":950,"column":3}},"140":{"start":{"line":884,"column":4},"end":{"line":884,"column":62}},"141":{"start":{"line":887,"column":4},"end":{"line":887,"column":45}},"142":{"start":{"line":890,"column":4},"end":{"line":890,"column":41}},"143":{"start":{"line":891,"column":4},"end":{"line":891,"column":45}},"144":{"start":{"line":894,"column":4},"end":{"line":894,"column":43}},"145":{"start":{"line":895,"column":4},"end":{"line":895,"column":47}},"146":{"start":{"line":898,"column":4},"end":{"line":898,"column":48}},"147":{"start":{"line":899,"column":4},"end":{"line":899,"column":45}},"148":{"start":{"line":903,"column":4},"end":{"line":938,"column":5}},"149":{"start":{"line":904,"column":6},"end":{"line":914,"column":9}},"150":{"start":{"line":916,"column":6},"end":{"line":929,"column":9}},"151":{"start":{"line":932,"column":6},"end":{"line":932,"column":51}},"152":{"start":{"line":933,"column":6},"end":{"line":933,"column":52}},"153":{"start":{"line":936,"column":6},"end":{"line":936,"column":52}},"154":{"start":{"line":937,"column":6},"end":{"line":937,"column":51}},"155":{"start":{"line":941,"column":4},"end":{"line":941,"column":47}},"156":{"start":{"line":943,"column":4},"end":{"line":943,"column":73}},"157":{"start":{"line":945,"column":4},"end":{"line":948,"column":7}},"158":{"start":{"line":949,"column":4},"end":{"line":949,"column":16}},"159":{"start":{"line":976,"column":2},"end":{"line":1070,"column":3}},"160":{"start":{"line":977,"column":4},"end":{"line":979,"column":6}},"161":{"start":{"line":982,"column":4},"end":{"line":993,"column":5}},"162":{"start":{"line":992,"column":6},"end":{"line":992,"column":65}},"163":{"start":{"line":996,"column":26},"end":{"line":996,"column":64}},"164":{"start":{"line":997,"column":21},"end":{"line":997,"column":54}},"165":{"start":{"line":999,"column":19},"end":{"line":1057,"column":6}},"166":{"start":{"line":1059,"column":4},"end":{"line":1061,"column":6}},"167":{"start":{"line":1062,"column":4},"end":{"line":1062,"column":18}},"168":{"start":{"line":1064,"column":4},"end":{"line":1068,"column":7}},"169":{"start":{"line":1069,"column":4},"end":{"line":1069,"column":16}},"170":{"start":{"line":1080,"column":2},"end":{"line":1102,"column":3}},"171":{"start":{"line":1081,"column":4},"end":{"line":1081,"column":62}},"172":{"start":{"line":1083,"column":19},"end":{"line":1086,"column":6}},"173":{"start":{"line":1088,"column":4},"end":{"line":1091,"column":5}},"174":{"start":{"line":1089,"column":6},"end":{"line":1089,"column":64}},"175":{"start":{"line":1090,"column":6},"end":{"line":1090,"column":18}},"176":{"start":{"line":1093,"column":4},"end":{"line":1093,"column":67}},"177":{"start":{"line":1094,"column":4},"end":{"line":1094,"column":26}},"178":{"start":{"line":1096,"column":4},"end":{"line":1100,"column":7}},"179":{"start":{"line":1101,"column":4},"end":{"line":1101,"column":16}},"180":{"start":{"line":1112,"column":2},"end":{"line":1133,"column":3}},"181":{"start":{"line":1113,"column":4},"end":{"line":1113,"column":70}},"182":{"start":{"line":1115,"column":19},"end":{"line":1118,"column":6}},"183":{"start":{"line":1120,"column":25},"end":{"line":1120,"column":44}},"184":{"start":{"line":1121,"column":4},"end":{"line":1123,"column":6}},"185":{"start":{"line":1125,"column":4},"end":{"line":1125,"column":28}},"186":{"start":{"line":1127,"column":4},"end":{"line":1131,"column":7}},"187":{"start":{"line":1132,"column":4},"end":{"line":1132,"column":16}},"188":{"start":{"line":1152,"column":2},"end":{"line":1200,"column":3}},"189":{"start":{"line":1153,"column":4},"end":{"line":1155,"column":6}},"190":{"start":{"line":1159,"column":6},"end":{"line":1161,"column":55}},"191":{"start":{"line":1165,"column":6},"end":{"line":1165,"column":72}},"192":{"start":{"line":1166,"column":17},"end":{"line":1166,"column":40}},"193":{"start":{"line":1169,"column":4},"end":{"line":1172,"column":5}},"194":{"start":{"line":1170,"column":6},"end":{"line":1170,"column":29}},"195":{"start":{"line":1171,"column":6},"end":{"line":1171,"column":25}},"196":{"start":{"line":1175,"column":4},"end":{"line":1175,"column":72}},"197":{"start":{"line":1176,"column":4},"end":{"line":1176,"column":24}},"198":{"start":{"line":1178,"column":19},"end":{"line":1181,"column":6}},"199":{"start":{"line":1183,"column":4},"end":{"line":1189,"column":5}},"200":{"start":{"line":1184,"column":6},"end":{"line":1184,"column":73}},"201":{"start":{"line":1186,"column":6},"end":{"line":1188,"column":8}},"202":{"start":{"line":1191,"column":4},"end":{"line":1191,"column":18}},"203":{"start":{"line":1193,"column":4},"end":{"line":1198,"column":7}},"204":{"start":{"line":1199,"column":4},"end":{"line":1199,"column":16}},"205":{"start":{"line":1210,"column":2},"end":{"line":1229,"column":3}},"206":{"start":{"line":1211,"column":4},"end":{"line":1211,"column":72}},"207":{"start":{"line":1213,"column":19},"end":{"line":1216,"column":6}},"208":{"start":{"line":1218,"column":4},"end":{"line":1220,"column":6}},"209":{"start":{"line":1221,"column":4},"end":{"line":1221,"column":23}},"210":{"start":{"line":1223,"column":4},"end":{"line":1227,"column":7}},"211":{"start":{"line":1228,"column":4},"end":{"line":1228,"column":16}},"212":{"start":{"line":1246,"column":2},"end":{"line":1299,"column":3}},"213":{"start":{"line":1247,"column":4},"end":{"line":1249,"column":6}},"214":{"start":{"line":1252,"column":4},"end":{"line":1258,"column":5}},"215":{"start":{"line":1257,"column":6},"end":{"line":1257,"column":71}},"216":{"start":{"line":1261,"column":19},"end":{"line":1261,"column":49}},"217":{"start":{"line":1263,"column":19},"end":{"line":1285,"column":6}},"218":{"start":{"line":1287,"column":4},"end":{"line":1289,"column":6}},"219":{"start":{"line":1290,"column":4},"end":{"line":1290,"column":18}},"220":{"start":{"line":1292,"column":4},"end":{"line":1297,"column":7}},"221":{"start":{"line":1298,"column":4},"end":{"line":1298,"column":16}},"222":{"start":{"line":1312,"column":2},"end":{"line":1335,"column":3}},"223":{"start":{"line":1313,"column":4},"end":{"line":1315,"column":6}},"224":{"start":{"line":1317,"column":19},"end":{"line":1320,"column":6}},"225":{"start":{"line":1322,"column":25},"end":{"line":1322,"column":44}},"226":{"start":{"line":1323,"column":4},"end":{"line":1325,"column":6}},"227":{"start":{"line":1327,"column":4},"end":{"line":1327,"column":28}},"228":{"start":{"line":1329,"column":4},"end":{"line":1333,"column":7}},"229":{"start":{"line":1334,"column":4},"end":{"line":1334,"column":16}},"230":{"start":{"line":1348,"column":2},"end":{"line":1371,"column":3}},"231":{"start":{"line":1349,"column":4},"end":{"line":1351,"column":6}},"232":{"start":{"line":1353,"column":19},"end":{"line":1356,"column":6}},"233":{"start":{"line":1358,"column":25},"end":{"line":1358,"column":44}},"234":{"start":{"line":1359,"column":4},"end":{"line":1361,"column":6}},"235":{"start":{"line":1363,"column":4},"end":{"line":1363,"column":28}},"236":{"start":{"line":1365,"column":4},"end":{"line":1369,"column":7}},"237":{"start":{"line":1370,"column":4},"end":{"line":1370,"column":16}},"238":{"start":{"line":1381,"column":2},"end":{"line":1410,"column":3}},"239":{"start":{"line":1382,"column":4},"end":{"line":1382,"column":75}},"240":{"start":{"line":1384,"column":19},"end":{"line":1395,"column":6}},"241":{"start":{"line":1397,"column":25},"end":{"line":1397,"column":44}},"242":{"start":{"line":1398,"column":4},"end":{"line":1400,"column":6}},"243":{"start":{"line":1402,"column":4},"end":{"line":1402,"column":28}},"244":{"start":{"line":1404,"column":4},"end":{"line":1408,"column":7}},"245":{"start":{"line":1409,"column":4},"end":{"line":1409,"column":16}},"246":{"start":{"line":1430,"column":2},"end":{"line":1498,"column":3}},"247":{"start":{"line":1431,"column":4},"end":{"line":1433,"column":6}},"248":{"start":{"line":1436,"column":4},"end":{"line":1438,"column":5}},"249":{"start":{"line":1437,"column":6},"end":{"line":1437,"column":70}},"250":{"start":{"line":1441,"column":26},"end":{"line":1441,"column":61}},"251":{"start":{"line":1442,"column":21},"end":{"line":1442,"column":51}},"252":{"start":{"line":1444,"column":19},"end":{"line":1484,"column":6}},"253":{"start":{"line":1486,"column":4},"end":{"line":1488,"column":6}},"254":{"start":{"line":1489,"column":4},"end":{"line":1489,"column":18}},"255":{"start":{"line":1491,"column":4},"end":{"line":1496,"column":7}},"256":{"start":{"line":1497,"column":4},"end":{"line":1497,"column":16}},"257":{"start":{"line":1508,"column":2},"end":{"line":1530,"column":3}},"258":{"start":{"line":1509,"column":4},"end":{"line":1509,"column":74}},"259":{"start":{"line":1511,"column":19},"end":{"line":1514,"column":6}},"260":{"start":{"line":1516,"column":4},"end":{"line":1519,"column":5}},"261":{"start":{"line":1517,"column":6},"end":{"line":1517,"column":76}},"262":{"start":{"line":1518,"column":6},"end":{"line":1518,"column":18}},"263":{"start":{"line":1521,"column":4},"end":{"line":1521,"column":76}},"264":{"start":{"line":1522,"column":4},"end":{"line":1522,"column":26}},"265":{"start":{"line":1524,"column":4},"end":{"line":1528,"column":7}},"266":{"start":{"line":1529,"column":4},"end":{"line":1529,"column":16}},"267":{"start":{"line":1540,"column":2},"end":{"line":1561,"column":3}},"268":{"start":{"line":1541,"column":4},"end":{"line":1541,"column":73}},"269":{"start":{"line":1543,"column":19},"end":{"line":1546,"column":6}},"270":{"start":{"line":1548,"column":25},"end":{"line":1548,"column":44}},"271":{"start":{"line":1549,"column":4},"end":{"line":1551,"column":6}},"272":{"start":{"line":1553,"column":4},"end":{"line":1553,"column":28}},"273":{"start":{"line":1555,"column":4},"end":{"line":1559,"column":7}},"274":{"start":{"line":1560,"column":4},"end":{"line":1560,"column":16}},"275":{"start":{"line":1580,"column":2},"end":{"line":1628,"column":3}},"276":{"start":{"line":1581,"column":4},"end":{"line":1583,"column":6}},"277":{"start":{"line":1587,"column":6},"end":{"line":1589,"column":55}},"278":{"start":{"line":1593,"column":6},"end":{"line":1593,"column":76}},"279":{"start":{"line":1594,"column":17},"end":{"line":1594,"column":40}},"280":{"start":{"line":1597,"column":4},"end":{"line":1600,"column":5}},"281":{"start":{"line":1598,"column":6},"end":{"line":1598,"column":29}},"282":{"start":{"line":1599,"column":6},"end":{"line":1599,"column":25}},"283":{"start":{"line":1603,"column":4},"end":{"line":1603,"column":74}},"284":{"start":{"line":1604,"column":4},"end":{"line":1604,"column":26}},"285":{"start":{"line":1606,"column":19},"end":{"line":1609,"column":6}},"286":{"start":{"line":1611,"column":4},"end":{"line":1617,"column":5}},"287":{"start":{"line":1612,"column":6},"end":{"line":1612,"column":80}},"288":{"start":{"line":1614,"column":6},"end":{"line":1616,"column":8}},"289":{"start":{"line":1619,"column":4},"end":{"line":1619,"column":18}},"290":{"start":{"line":1621,"column":4},"end":{"line":1626,"column":7}},"291":{"start":{"line":1627,"column":4},"end":{"line":1627,"column":16}},"292":{"start":{"line":1644,"column":2},"end":{"line":1703,"column":3}},"293":{"start":{"line":1645,"column":4},"end":{"line":1647,"column":6}},"294":{"start":{"line":1650,"column":4},"end":{"line":1656,"column":5}},"295":{"start":{"line":1655,"column":6},"end":{"line":1655,"column":74}},"296":{"start":{"line":1659,"column":23},"end":{"line":1659,"column":31}},"297":{"start":{"line":1662,"column":29},"end":{"line":1664,"column":12}},"298":{"start":{"line":1667,"column":19},"end":{"line":1686,"column":6}},"299":{"start":{"line":1688,"column":4},"end":{"line":1690,"column":6}},"300":{"start":{"line":1692,"column":4},"end":{"line":1695,"column":6}},"301":{"start":{"line":1697,"column":4},"end":{"line":1701,"column":7}},"302":{"start":{"line":1702,"column":4},"end":{"line":1702,"column":16}},"303":{"start":{"line":1712,"column":2},"end":{"line":1734,"column":3}},"304":{"start":{"line":1713,"column":4},"end":{"line":1713,"column":76}},"305":{"start":{"line":1715,"column":19},"end":{"line":1718,"column":6}},"306":{"start":{"line":1720,"column":4},"end":{"line":1723,"column":5}},"307":{"start":{"line":1721,"column":6},"end":{"line":1721,"column":63}},"308":{"start":{"line":1722,"column":6},"end":{"line":1722,"column":18}},"309":{"start":{"line":1725,"column":4},"end":{"line":1725,"column":65}},"310":{"start":{"line":1726,"column":4},"end":{"line":1726,"column":17}},"311":{"start":{"line":1728,"column":4},"end":{"line":1731,"column":7}},"312":{"start":{"line":1733,"column":4},"end":{"line":1733,"column":17}},"313":{"start":{"line":1743,"column":2},"end":{"line":1758,"column":3}},"314":{"start":{"line":1744,"column":4},"end":{"line":1744,"column":66}},"315":{"start":{"line":1746,"column":4},"end":{"line":1749,"column":7}},"316":{"start":{"line":1751,"column":4},"end":{"line":1751,"column":62}},"317":{"start":{"line":1753,"column":4},"end":{"line":1756,"column":7}},"318":{"start":{"line":1757,"column":4},"end":{"line":1757,"column":16}}},"fnMap":{"0":{"name":"setupGitCommitsTable","decl":{"start":{"line":16,"column":22},"end":{"line":16,"column":42}},"loc":{"start":{"line":16,"column":53},"end":{"line":46,"column":1}},"line":16},"1":{"name":"setupGitCommitFilesTable","decl":{"start":{"line":53,"column":22},"end":{"line":53,"column":46}},"loc":{"start":{"line":53,"column":57},"end":{"line":88,"column":1}},"line":53},"2":{"name":"setupCodeEntitiesTable","decl":{"start":{"line":95,"column":22},"end":{"line":95,"column":44}},"loc":{"start":{"line":95,"column":55},"end":{"line":208,"column":1}},"line":95},"3":{"name":"setupProjectDocumentsTable","decl":{"start":{"line":215,"column":22},"end":{"line":215,"column":48}},"loc":{"start":{"line":215,"column":59},"end":{"line":315,"column":1}},"line":215},"4":{"name":"setupCodeRelationshipsTable","decl":{"start":{"line":322,"column":22},"end":{"line":322,"column":49}},"loc":{"start":{"line":322,"column":60},"end":{"line":368,"column":1}},"line":322},"5":{"name":"setupEntityKeywordsTable","decl":{"start":{"line":375,"column":22},"end":{"line":375,"column":46}},"loc":{"start":{"line":375,"column":57},"end":{"line":422,"column":1}},"line":375},"6":{"name":"setupConversationHistoryTable","decl":{"start":{"line":429,"column":22},"end":{"line":429,"column":51}},"loc":{"start":{"line":429,"column":62},"end":{"line":461,"column":1}},"line":429},"7":{"name":"setupConversationTopicsTable","decl":{"start":{"line":468,"column":22},"end":{"line":468,"column":50}},"loc":{"start":{"line":468,"column":61},"end":{"line":504,"column":1}},"line":468},"8":{"name":"setupBackgroundAiJobsTable","decl":{"start":{"line":511,"column":22},"end":{"line":511,"column":48}},"loc":{"start":{"line":511,"column":59},"end":{"line":565,"column":1}},"line":511},"9":{"name":"setupSystemMetadataTable","decl":{"start":{"line":573,"column":22},"end":{"line":573,"column":46}},"loc":{"start":{"line":573,"column":57},"end":{"line":605,"column":1}},"line":573},"10":{"name":"getLastProcessedCommitOid","decl":{"start":{"line":612,"column":22},"end":{"line":612,"column":47}},"loc":{"start":{"line":612,"column":58},"end":{"line":636,"column":1}},"line":612},"11":{"name":"setLastProcessedCommitOid","decl":{"start":{"line":644,"column":22},"end":{"line":644,"column":47}},"loc":{"start":{"line":644,"column":63},"end":{"line":662,"column":1}},"line":644},"12":{"name":"addGitCommit","decl":{"start":{"line":675,"column":22},"end":{"line":675,"column":34}},"loc":{"start":{"line":675,"column":57},"end":{"line":713,"column":1}},"line":675},"13":{"name":"addGitCommitFile","decl":{"start":{"line":724,"column":22},"end":{"line":724,"column":38}},"loc":{"start":{"line":730,"column":2},"end":{"line":776,"column":1}},"line":730},"14":{"name":"addBackgroundAiJob","decl":{"start":{"line":791,"column":22},"end":{"line":791,"column":40}},"loc":{"start":{"line":791,"column":60},"end":{"line":833,"column":1}},"line":791},"15":{"name":"cancelBackgroundAiJobsForEntity","decl":{"start":{"line":841,"column":22},"end":{"line":841,"column":53}},"loc":{"start":{"line":844,"column":2},"end":{"line":874,"column":1}},"line":844},"16":{"name":"initializeDatabaseSchema","decl":{"start":{"line":882,"column":22},"end":{"line":882,"column":46}},"loc":{"start":{"line":882,"column":57},"end":{"line":951,"column":1}},"line":882},"17":{"name":"addOrUpdateCodeEntity","decl":{"start":{"line":975,"column":22},"end":{"line":975,"column":43}},"loc":{"start":{"line":975,"column":66},"end":{"line":1071,"column":1}},"line":975},"18":{"name":"getCodeEntityById","decl":{"start":{"line":1079,"column":22},"end":{"line":1079,"column":39}},"loc":{"start":{"line":1079,"column":60},"end":{"line":1103,"column":1}},"line":1079},"19":{"name":"deleteCodeEntitiesByFilePath","decl":{"start":{"line":1111,"column":22},"end":{"line":1111,"column":50}},"loc":{"start":{"line":1111,"column":71},"end":{"line":1134,"column":1}},"line":1111},"20":{"name":"updateCodeEntityAiStatus","decl":{"start":{"line":1145,"column":22},"end":{"line":1145,"column":46}},"loc":{"start":{"line":1151,"column":2},"end":{"line":1201,"column":1}},"line":1151},"21":{"name":"getCodeEntitiesByFilePath","decl":{"start":{"line":1209,"column":22},"end":{"line":1209,"column":47}},"loc":{"start":{"line":1209,"column":68},"end":{"line":1230,"column":1}},"line":1209},"22":{"name":"addCodeRelationship","decl":{"start":{"line":1245,"column":22},"end":{"line":1245,"column":41}},"loc":{"start":{"line":1245,"column":70},"end":{"line":1300,"column":1}},"line":1245},"23":{"name":"deleteCodeRelationshipsBySourceEntityId","decl":{"start":{"line":1308,"column":22},"end":{"line":1308,"column":61}},"loc":{"start":{"line":1311,"column":2},"end":{"line":1336,"column":1}},"line":1311},"24":{"name":"deleteCodeRelationshipsByTargetEntityId","decl":{"start":{"line":1344,"column":22},"end":{"line":1344,"column":61}},"loc":{"start":{"line":1347,"column":2},"end":{"line":1372,"column":1}},"line":1347},"25":{"name":"deleteCodeRelationshipsByFilePath","decl":{"start":{"line":1380,"column":22},"end":{"line":1380,"column":55}},"loc":{"start":{"line":1380,"column":76},"end":{"line":1411,"column":1}},"line":1380},"26":{"name":"addOrUpdateProjectDocument","decl":{"start":{"line":1429,"column":22},"end":{"line":1429,"column":48}},"loc":{"start":{"line":1429,"column":68},"end":{"line":1499,"column":1}},"line":1429},"27":{"name":"getProjectDocumentByFilePath","decl":{"start":{"line":1507,"column":22},"end":{"line":1507,"column":50}},"loc":{"start":{"line":1507,"column":71},"end":{"line":1531,"column":1}},"line":1507},"28":{"name":"deleteProjectDocumentByFilePath","decl":{"start":{"line":1539,"column":22},"end":{"line":1539,"column":53}},"loc":{"start":{"line":1539,"column":74},"end":{"line":1562,"column":1}},"line":1539},"29":{"name":"updateProjectDocumentAiStatus","decl":{"start":{"line":1573,"column":22},"end":{"line":1573,"column":51}},"loc":{"start":{"line":1579,"column":2},"end":{"line":1629,"column":1}},"line":1579},"30":{"name":"logConversationMessage","decl":{"start":{"line":1643,"column":22},"end":{"line":1643,"column":44}},"loc":{"start":{"line":1643,"column":68},"end":{"line":1704,"column":1}},"line":1643},"31":{"name":"hasInitialScanBeenCompleted","decl":{"start":{"line":1711,"column":22},"end":{"line":1711,"column":49}},"loc":{"start":{"line":1711,"column":60},"end":{"line":1735,"column":1}},"line":1711},"32":{"name":"markInitialScanCompleted","decl":{"start":{"line":1742,"column":22},"end":{"line":1742,"column":46}},"loc":{"start":{"line":1742,"column":57},"end":{"line":1759,"column":1}},"line":1742}},"branchMap":{"0":{"loc":{"start":{"line":621,"column":4},"end":{"line":625,"column":5}},"type":"if","locations":[{"start":{"line":621,"column":4},"end":{"line":625,"column":5}},{"start":{},"end":{}}],"line":621},"1":{"loc":{"start":{"line":681,"column":6},"end":{"line":683,"column":32}},"type":"cond-expr","locations":[{"start":{"line":682,"column":10},"end":{"line":682,"column":46}},{"start":{"line":683,"column":10},"end":{"line":683,"column":32}}],"line":681},"2":{"loc":{"start":{"line":729,"column":2},"end":{"line":729,"column":20}},"type":"default-arg","locations":[{"start":{"line":729,"column":16},"end":{"line":729,"column":20}}],"line":729},"3":{"loc":{"start":{"line":748,"column":4},"end":{"line":761,"column":5}},"type":"if","locations":[{"start":{"line":748,"column":4},"end":{"line":761,"column":5}},{"start":{},"end":{}}],"line":748},"4":{"loc":{"start":{"line":748,"column":8},"end":{"line":748,"column":43}},"type":"binary-expr","locations":[{"start":{"line":748,"column":8},"end":{"line":748,"column":28}},{"start":{"line":748,"column":32},"end":{"line":748,"column":43}}],"line":748},"5":{"loc":{"start":{"line":798,"column":19},"end":{"line":798,"column":46}},"type":"binary-expr","locations":[{"start":{"line":798,"column":19},"end":{"line":798,"column":33}},{"start":{"line":798,"column":37},"end":{"line":798,"column":46}}],"line":798},"6":{"loc":{"start":{"line":818,"column":8},"end":{"line":818,"column":31}},"type":"binary-expr","locations":[{"start":{"line":818,"column":8},"end":{"line":818,"column":23}},{"start":{"line":818,"column":27},"end":{"line":818,"column":31}}],"line":818},"7":{"loc":{"start":{"line":819,"column":8},"end":{"line":819,"column":36}},"type":"binary-expr","locations":[{"start":{"line":819,"column":8},"end":{"line":819,"column":28}},{"start":{"line":819,"column":32},"end":{"line":819,"column":36}}],"line":819},"8":{"loc":{"start":{"line":982,"column":4},"end":{"line":993,"column":5}},"type":"if","locations":[{"start":{"line":982,"column":4},"end":{"line":993,"column":5}},{"start":{},"end":{}}],"line":982},"9":{"loc":{"start":{"line":983,"column":6},"end":{"line":990,"column":41}},"type":"binary-expr","locations":[{"start":{"line":983,"column":6},"end":{"line":983,"column":27}},{"start":{"line":984,"column":6},"end":{"line":984,"column":27}},{"start":{"line":985,"column":6},"end":{"line":985,"column":29}},{"start":{"line":986,"column":6},"end":{"line":986,"column":26}},{"start":{"line":987,"column":6},"end":{"line":987,"column":41}},{"start":{"line":988,"column":6},"end":{"line":988,"column":43}},{"start":{"line":989,"column":6},"end":{"line":989,"column":39}},{"start":{"line":990,"column":6},"end":{"line":990,"column":41}}],"line":983},"10":{"loc":{"start":{"line":996,"column":26},"end":{"line":996,"column":64}},"type":"binary-expr","locations":[{"start":{"line":996,"column":26},"end":{"line":996,"column":51}},{"start":{"line":996,"column":55},"end":{"line":996,"column":64}}],"line":996},"11":{"loc":{"start":{"line":997,"column":21},"end":{"line":997,"column":54}},"type":"binary-expr","locations":[{"start":{"line":997,"column":21},"end":{"line":997,"column":41}},{"start":{"line":997,"column":45},"end":{"line":997,"column":54}}],"line":997},"12":{"loc":{"start":{"line":1043,"column":8},"end":{"line":1043,"column":31}},"type":"binary-expr","locations":[{"start":{"line":1043,"column":8},"end":{"line":1043,"column":23}},{"start":{"line":1043,"column":27},"end":{"line":1043,"column":31}}],"line":1043},"13":{"loc":{"start":{"line":1048,"column":8},"end":{"line":1048,"column":39}},"type":"binary-expr","locations":[{"start":{"line":1048,"column":8},"end":{"line":1048,"column":31}},{"start":{"line":1048,"column":35},"end":{"line":1048,"column":39}}],"line":1048},"14":{"loc":{"start":{"line":1049,"column":8},"end":{"line":1049,"column":38}},"type":"binary-expr","locations":[{"start":{"line":1049,"column":8},"end":{"line":1049,"column":30}},{"start":{"line":1049,"column":34},"end":{"line":1049,"column":38}}],"line":1049},"15":{"loc":{"start":{"line":1050,"column":8},"end":{"line":1050,"column":34}},"type":"binary-expr","locations":[{"start":{"line":1050,"column":8},"end":{"line":1050,"column":26}},{"start":{"line":1050,"column":30},"end":{"line":1050,"column":34}}],"line":1050},"16":{"loc":{"start":{"line":1052,"column":8},"end":{"line":1052,"column":43}},"type":"binary-expr","locations":[{"start":{"line":1052,"column":8},"end":{"line":1052,"column":35}},{"start":{"line":1052,"column":39},"end":{"line":1052,"column":43}}],"line":1052},"17":{"loc":{"start":{"line":1055,"column":8},"end":{"line":1055,"column":42}},"type":"binary-expr","locations":[{"start":{"line":1055,"column":8},"end":{"line":1055,"column":34}},{"start":{"line":1055,"column":38},"end":{"line":1055,"column":42}}],"line":1055},"18":{"loc":{"start":{"line":1088,"column":4},"end":{"line":1091,"column":5}},"type":"if","locations":[{"start":{"line":1088,"column":4},"end":{"line":1091,"column":5}},{"start":{},"end":{}}],"line":1088},"19":{"loc":{"start":{"line":1149,"column":2},"end":{"line":1149,"column":16}},"type":"default-arg","locations":[{"start":{"line":1149,"column":12},"end":{"line":1149,"column":16}}],"line":1149},"20":{"loc":{"start":{"line":1150,"column":2},"end":{"line":1150,"column":26}},"type":"default-arg","locations":[{"start":{"line":1150,"column":22},"end":{"line":1150,"column":26}}],"line":1150},"21":{"loc":{"start":{"line":1159,"column":6},"end":{"line":1161,"column":55}},"type":"cond-expr","locations":[{"start":{"line":1160,"column":10},"end":{"line":1160,"column":41}},{"start":{"line":1161,"column":10},"end":{"line":1161,"column":55}}],"line":1159},"22":{"loc":{"start":{"line":1161,"column":10},"end":{"line":1161,"column":55}},"type":"binary-expr","locations":[{"start":{"line":1161,"column":10},"end":{"line":1161,"column":27}},{"start":{"line":1161,"column":31},"end":{"line":1161,"column":55}}],"line":1161},"23":{"loc":{"start":{"line":1169,"column":4},"end":{"line":1172,"column":5}},"type":"if","locations":[{"start":{"line":1169,"column":4},"end":{"line":1172,"column":5}},{"start":{},"end":{}}],"line":1169},"24":{"loc":{"start":{"line":1183,"column":4},"end":{"line":1189,"column":5}},"type":"if","locations":[{"start":{"line":1183,"column":4},"end":{"line":1189,"column":5}},{"start":{"line":1185,"column":11},"end":{"line":1189,"column":5}}],"line":1183},"25":{"loc":{"start":{"line":1252,"column":4},"end":{"line":1258,"column":5}},"type":"if","locations":[{"start":{"line":1252,"column":4},"end":{"line":1258,"column":5}},{"start":{},"end":{}}],"line":1252},"26":{"loc":{"start":{"line":1253,"column":6},"end":{"line":1255,"column":41}},"type":"binary-expr","locations":[{"start":{"line":1253,"column":6},"end":{"line":1253,"column":39}},{"start":{"line":1254,"column":6},"end":{"line":1254,"column":40}},{"start":{"line":1255,"column":6},"end":{"line":1255,"column":41}}],"line":1253},"27":{"loc":{"start":{"line":1261,"column":19},"end":{"line":1261,"column":49}},"type":"binary-expr","locations":[{"start":{"line":1261,"column":19},"end":{"line":1261,"column":42}},{"start":{"line":1261,"column":46},"end":{"line":1261,"column":49}}],"line":1261},"28":{"loc":{"start":{"line":1279,"column":8},"end":{"line":1279,"column":49}},"type":"binary-expr","locations":[{"start":{"line":1279,"column":8},"end":{"line":1279,"column":41}},{"start":{"line":1279,"column":45},"end":{"line":1279,"column":49}}],"line":1279},"29":{"loc":{"start":{"line":1280,"column":8},"end":{"line":1280,"column":51}},"type":"binary-expr","locations":[{"start":{"line":1280,"column":8},"end":{"line":1280,"column":43}},{"start":{"line":1280,"column":47},"end":{"line":1280,"column":51}}],"line":1280},"30":{"loc":{"start":{"line":1283,"column":8},"end":{"line":1283,"column":48}},"type":"binary-expr","locations":[{"start":{"line":1283,"column":8},"end":{"line":1283,"column":40}},{"start":{"line":1283,"column":44},"end":{"line":1283,"column":48}}],"line":1283},"31":{"loc":{"start":{"line":1436,"column":4},"end":{"line":1438,"column":5}},"type":"if","locations":[{"start":{"line":1436,"column":4},"end":{"line":1438,"column":5}},{"start":{},"end":{}}],"line":1436},"32":{"loc":{"start":{"line":1436,"column":8},"end":{"line":1436,"column":72}},"type":"binary-expr","locations":[{"start":{"line":1436,"column":8},"end":{"line":1436,"column":28}},{"start":{"line":1436,"column":32},"end":{"line":1436,"column":50}},{"start":{"line":1436,"column":54},"end":{"line":1436,"column":72}}],"line":1436},"33":{"loc":{"start":{"line":1441,"column":26},"end":{"line":1441,"column":61}},"type":"binary-expr","locations":[{"start":{"line":1441,"column":26},"end":{"line":1441,"column":48}},{"start":{"line":1441,"column":52},"end":{"line":1441,"column":61}}],"line":1441},"34":{"loc":{"start":{"line":1442,"column":21},"end":{"line":1442,"column":51}},"type":"binary-expr","locations":[{"start":{"line":1442,"column":21},"end":{"line":1442,"column":38}},{"start":{"line":1442,"column":42},"end":{"line":1442,"column":51}}],"line":1442},"35":{"loc":{"start":{"line":1476,"column":8},"end":{"line":1476,"column":35}},"type":"binary-expr","locations":[{"start":{"line":1476,"column":8},"end":{"line":1476,"column":27}},{"start":{"line":1476,"column":31},"end":{"line":1476,"column":35}}],"line":1476},"36":{"loc":{"start":{"line":1477,"column":8},"end":{"line":1477,"column":36}},"type":"binary-expr","locations":[{"start":{"line":1477,"column":8},"end":{"line":1477,"column":28}},{"start":{"line":1477,"column":32},"end":{"line":1477,"column":36}}],"line":1477},"37":{"loc":{"start":{"line":1478,"column":8},"end":{"line":1478,"column":31}},"type":"binary-expr","locations":[{"start":{"line":1478,"column":8},"end":{"line":1478,"column":23}},{"start":{"line":1478,"column":27},"end":{"line":1478,"column":31}}],"line":1478},"38":{"loc":{"start":{"line":1481,"column":8},"end":{"line":1481,"column":44}},"type":"binary-expr","locations":[{"start":{"line":1481,"column":8},"end":{"line":1481,"column":36}},{"start":{"line":1481,"column":40},"end":{"line":1481,"column":44}}],"line":1481},"39":{"loc":{"start":{"line":1482,"column":8},"end":{"line":1482,"column":39}},"type":"binary-expr","locations":[{"start":{"line":1482,"column":8},"end":{"line":1482,"column":31}},{"start":{"line":1482,"column":35},"end":{"line":1482,"column":39}}],"line":1482},"40":{"loc":{"start":{"line":1516,"column":4},"end":{"line":1519,"column":5}},"type":"if","locations":[{"start":{"line":1516,"column":4},"end":{"line":1519,"column":5}},{"start":{},"end":{}}],"line":1516},"41":{"loc":{"start":{"line":1577,"column":2},"end":{"line":1577,"column":16}},"type":"default-arg","locations":[{"start":{"line":1577,"column":12},"end":{"line":1577,"column":16}}],"line":1577},"42":{"loc":{"start":{"line":1578,"column":2},"end":{"line":1578,"column":26}},"type":"default-arg","locations":[{"start":{"line":1578,"column":22},"end":{"line":1578,"column":26}}],"line":1578},"43":{"loc":{"start":{"line":1587,"column":6},"end":{"line":1589,"column":55}},"type":"cond-expr","locations":[{"start":{"line":1588,"column":10},"end":{"line":1588,"column":41}},{"start":{"line":1589,"column":10},"end":{"line":1589,"column":55}}],"line":1587},"44":{"loc":{"start":{"line":1589,"column":10},"end":{"line":1589,"column":55}},"type":"binary-expr","locations":[{"start":{"line":1589,"column":10},"end":{"line":1589,"column":27}},{"start":{"line":1589,"column":31},"end":{"line":1589,"column":55}}],"line":1589},"45":{"loc":{"start":{"line":1597,"column":4},"end":{"line":1600,"column":5}},"type":"if","locations":[{"start":{"line":1597,"column":4},"end":{"line":1600,"column":5}},{"start":{},"end":{}}],"line":1597},"46":{"loc":{"start":{"line":1611,"column":4},"end":{"line":1617,"column":5}},"type":"if","locations":[{"start":{"line":1611,"column":4},"end":{"line":1617,"column":5}},{"start":{"line":1613,"column":11},"end":{"line":1617,"column":5}}],"line":1611},"47":{"loc":{"start":{"line":1650,"column":4},"end":{"line":1656,"column":5}},"type":"if","locations":[{"start":{"line":1650,"column":4},"end":{"line":1656,"column":5}},{"start":{},"end":{}}],"line":1650},"48":{"loc":{"start":{"line":1651,"column":6},"end":{"line":1653,"column":39}},"type":"binary-expr","locations":[{"start":{"line":1651,"column":6},"end":{"line":1651,"column":34}},{"start":{"line":1652,"column":6},"end":{"line":1652,"column":23}},{"start":{"line":1653,"column":6},"end":{"line":1653,"column":39}}],"line":1651},"49":{"loc":{"start":{"line":1662,"column":29},"end":{"line":1664,"column":12}},"type":"cond-expr","locations":[{"start":{"line":1663,"column":8},"end":{"line":1663,"column":52}},{"start":{"line":1664,"column":8},"end":{"line":1664,"column":12}}],"line":1662},"50":{"loc":{"start":{"line":1684,"column":8},"end":{"line":1684,"column":36}},"type":"binary-expr","locations":[{"start":{"line":1684,"column":8},"end":{"line":1684,"column":28}},{"start":{"line":1684,"column":32},"end":{"line":1684,"column":36}}],"line":1684},"51":{"loc":{"start":{"line":1720,"column":4},"end":{"line":1723,"column":5}},"type":"if","locations":[{"start":{"line":1720,"column":4},"end":{"line":1723,"column":5}},{"start":{},"end":{}}],"line":1720},"52":{"loc":{"start":{"line":1720,"column":8},"end":{"line":1720,"column":65}},"type":"binary-expr","locations":[{"start":{"line":1720,"column":8},"end":{"line":1720,"column":30}},{"start":{"line":1720,"column":34},"end":{"line":1720,"column":65}}],"line":1720}},"s":{"0":0,"1":0,"2":0,"3":0,"4":0,"5":0,"6":0,"7":0,"8":0,"9":0,"10":0,"11":0,"12":0,"13":0,"14":0,"15":0,"16":0,"17":0,"18":0,"19":0,"20":0,"21":0,"22":0,"23":0,"24":0,"25":0,"26":0,"27":0,"28":0,"29":0,"30":0,"31":0,"32":0,"33":0,"34":0,"35":0,"36":0,"37":0,"38":0,"39":0,"40":0,"41":0,"42":0,"43":0,"44":0,"45":0,"46":0,"47":0,"48":0,"49":0,"50":0,"51":0,"52":0,"53":0,"54":0,"55":0,"56":0,"57":0,"58":0,"59":0,"60":0,"61":0,"62":0,"63":0,"64":0,"65":0,"66":0,"67":0,"68":0,"69":0,"70":0,"71":0,"72":0,"73":0,"74":0,"75":0,"76":0,"77":0,"78":0,"79":0,"80":0,"81":0,"82":0,"83":0,"84":0,"85":0,"86":0,"87":0,"88":0,"89":0,"90":0,"91":0,"92":0,"93":0,"94":0,"95":0,"96":0,"97":0,"98":0,"99":0,"100":0,"101":0,"102":0,"103":0,"104":0,"105":0,"106":0,"107":0,"108":0,"109":0,"110":0,"111":0,"112":0,"113":0,"114":0,"115":0,"116":0,"117":0,"118":0,"119":0,"120":0,"121":0,"122":0,"123":0,"124":0,"125":0,"126":0,"127":0,"128":0,"129":0,"130":0,"131":0,"132":0,"133":0,"134":0,"135":0,"136":0,"137":0,"138":0,"139":0,"140":0,"141":0,"142":0,"143":0,"144":0,"145":0,"146":0,"147":0,"148":0,"149":0,"150":0,"151":0,"152":0,"153":0,"154":0,"155":0,"156":0,"157":0,"158":0,"159":0,"160":0,"161":0,"162":0,"163":0,"164":0,"165":0,"166":0,"167":0,"168":0,"169":0,"170":0,"171":0,"172":0,"173":0,"174":0,"175":0,"176":0,"177":0,"178":0,"179":0,"180":0,"181":0,"182":0,"183":0,"184":0,"185":0,"186":0,"187":0,"188":0,"189":0,"190":0,"191":0,"192":0,"193":0,"194":0,"195":0,"196":0,"197":0,"198":0,"199":0,"200":0,"201":0,"202":0,"203":0,"204":0,"205":0,"206":0,"207":0,"208":0,"209":0,"210":0,"211":0,"212":0,"213":0,"214":0,"215":0,"216":0,"217":0,"218":0,"219":0,"220":0,"221":0,"222":0,"223":0,"224":0,"225":0,"226":0,"227":0,"228":0,"229":0,"230":0,"231":0,"232":0,"233":0,"234":0,"235":0,"236":0,"237":0,"238":0,"239":0,"240":0,"241":0,"242":0,"243":0,"244":0,"245":0,"246":0,"247":0,"248":0,"249":0,"250":0,"251":0,"252":0,"253":0,"254":0,"255":0,"256":0,"257":0,"258":0,"259":0,"260":0,"261":0,"262":0,"263":0,"264":0,"265":0,"266":0,"267":0,"268":0,"269":0,"270":0,"271":0,"272":0,"273":0,"274":0,"275":0,"276":0,"277":0,"278":0,"279":0,"280":0,"281":0,"282":0,"283":0,"284":0,"285":0,"286":0,"287":0,"288":0,"289":0,"290":0,"291":0,"292":0,"293":0,"294":0,"295":0,"296":0,"297":0,"298":0,"299":0,"300":0,"301":0,"302":0,"303":0,"304":0,"305":0,"306":0,"307":0,"308":0,"309":0,"310":0,"311":0,"312":0,"313":0,"314":0,"315":0,"316":0,"317":0,"318":0},"f":{"0":0,"1":0,"2":0,"3":0,"4":0,"5":0,"6":0,"7":0,"8":0,"9":0,"10":0,"11":0,"12":0,"13":0,"14":0,"15":0,"16":0,"17":0,"18":0,"19":0,"20":0,"21":0,"22":0,"23":0,"24":0,"25":0,"26":0,"27":0,"28":0,"29":0,"30":0,"31":0,"32":0},"b":{"0":[0,0],"1":[0,0],"2":[0],"3":[0,0],"4":[0,0],"5":[0,0],"6":[0,0],"7":[0,0],"8":[0,0],"9":[0,0,0,0,0,0,0,0],"10":[0,0],"11":[0,0],"12":[0,0],"13":[0,0],"14":[0,0],"15":[0,0],"16":[0,0],"17":[0,0],"18":[0,0],"19":[0],"20":[0],"21":[0,0],"22":[0,0],"23":[0,0],"24":[0,0],"25":[0,0],"26":[0,0,0],"27":[0,0],"28":[0,0],"29":[0,0],"30":[0,0],"31":[0,0],"32":[0,0,0],"33":[0,0],"34":[0,0],"35":[0,0],"36":[0,0],"37":[0,0],"38":[0,0],"39":[0,0],"40":[0,0],"41":[0],"42":[0],"43":[0,0],"44":[0,0],"45":[0,0],"46":[0,0],"47":[0,0],"48":[0,0,0],"49":[0,0],"50":[0,0],"51":[0,0],"52":[0,0]}}
,"/Users/alfredourdaneta/Documents/AI/devcontext/src/mcp-handlers/index.js": {"path":"/Users/alfredourdaneta/Documents/AI/devcontext/src/mcp-handlers/index.js","statementMap":{},"fnMap":{},"branchMap":{},"s":{},"f":{},"b":{}}
,"/Users/alfredourdaneta/Documents/AI/devcontext/src/mcp-handlers/pingServer.handler.js": {"path":"/Users/alfredourdaneta/Documents/AI/devcontext/src/mcp-handlers/pingServer.handler.js","statementMap":{"0":{"start":{"line":16,"column":26},"end":{"line":19,"column":3}},"1":{"start":{"line":22,"column":2},"end":{"line":29,"column":4}}},"fnMap":{"0":{"name":"pingServerHandler","decl":{"start":{"line":14,"column":22},"end":{"line":14,"column":39}},"loc":{"start":{"line":14,"column":42},"end":{"line":30,"column":1}},"line":14}},"branchMap":{},"s":{"0":0,"1":0},"f":{"0":0},"b":{}}
,"/Users/alfredourdaneta/Documents/AI/devcontext/src/schemas/mcp.schemas.js": {"path":"/Users/alfredourdaneta/Documents/AI/devcontext/src/schemas/mcp.schemas.js","statementMap":{"0":{"start":{"line":18,"column":38},"end":{"line":21,"column":2}}},"fnMap":{},"branchMap":{},"s":{"0":0},"f":{},"b":{}}
,"/Users/alfredourdaneta/Documents/AI/devcontext/src/services/git.service.js": {"path":"/Users/alfredourdaneta/Documents/AI/devcontext/src/services/git.service.js","statementMap":{"0":{"start":{"line":32,"column":4},"end":{"line":32,"column":29}},"1":{"start":{"line":33,"column":4},"end":{"line":33,"column":17}},"2":{"start":{"line":34,"column":4},"end":{"line":34,"column":35}},"3":{"start":{"line":35,"column":4},"end":{"line":35,"column":33}},"4":{"start":{"line":36,"column":4},"end":{"line":36,"column":29}},"5":{"start":{"line":37,"column":4},"end":{"line":37,"column":30}},"6":{"start":{"line":38,"column":4},"end":{"line":38,"column":32}},"7":{"start":{"line":39,"column":4},"end":{"line":39,"column":62}},"8":{"start":{"line":42,"column":4},"end":{"line":42,"column":57}},"9":{"start":{"line":50,"column":4},"end":{"line":93,"column":5}},"10":{"start":{"line":51,"column":6},"end":{"line":51,"column":55}},"11":{"start":{"line":54,"column":6},"end":{"line":54,"column":77}},"12":{"start":{"line":56,"column":6},"end":{"line":83,"column":7}},"13":{"start":{"line":57,"column":8},"end":{"line":59,"column":10}},"14":{"start":{"line":61,"column":8},"end":{"line":63,"column":10}},"15":{"start":{"line":66,"column":8},"end":{"line":82,"column":9}},"16":{"start":{"line":67,"column":33},"end":{"line":71,"column":12}},"17":{"start":{"line":72,"column":10},"end":{"line":72,"column":61}},"18":{"start":{"line":73,"column":10},"end":{"line":73,"column":49}},"19":{"start":{"line":76,"column":10},"end":{"line":76,"column":60}},"20":{"start":{"line":78,"column":10},"end":{"line":81,"column":13}},"21":{"start":{"line":85,"column":6},"end":{"line":85,"column":30}},"22":{"start":{"line":86,"column":6},"end":{"line":86,"column":64}},"23":{"start":{"line":88,"column":6},"end":{"line":91,"column":9}},"24":{"start":{"line":92,"column":6},"end":{"line":92,"column":18}},"25":{"start":{"line":101,"column":4},"end":{"line":105,"column":5}},"26":{"start":{"line":102,"column":6},"end":{"line":104,"column":8}},"27":{"start":{"line":107,"column":4},"end":{"line":110,"column":5}},"28":{"start":{"line":108,"column":6},"end":{"line":108,"column":54}},"29":{"start":{"line":109,"column":6},"end":{"line":109,"column":13}},"30":{"start":{"line":112,"column":4},"end":{"line":114,"column":6}},"31":{"start":{"line":117,"column":4},"end":{"line":117,"column":36}},"32":{"start":{"line":120,"column":4},"end":{"line":129,"column":24}},"33":{"start":{"line":121,"column":6},"end":{"line":128,"column":7}},"34":{"start":{"line":122,"column":8},"end":{"line":122,"column":40}},"35":{"start":{"line":124,"column":8},"end":{"line":127,"column":11}},"36":{"start":{"line":131,"column":4},"end":{"line":131,"column":29}},"37":{"start":{"line":132,"column":4},"end":{"line":132,"column":55}},"38":{"start":{"line":139,"column":4},"end":{"line":142,"column":5}},"39":{"start":{"line":140,"column":6},"end":{"line":140,"column":50}},"40":{"start":{"line":141,"column":6},"end":{"line":141,"column":13}},"41":{"start":{"line":144,"column":4},"end":{"line":144,"column":43}},"42":{"start":{"line":146,"column":4},"end":{"line":149,"column":5}},"43":{"start":{"line":147,"column":6},"end":{"line":147,"column":42}},"44":{"start":{"line":148,"column":6},"end":{"line":148,"column":34}},"45":{"start":{"line":151,"column":4},"end":{"line":151,"column":30}},"46":{"start":{"line":152,"column":4},"end":{"line":152,"column":55}},"47":{"start":{"line":160,"column":4},"end":{"line":164,"column":5}},"48":{"start":{"line":161,"column":6},"end":{"line":163,"column":8}},"49":{"start":{"line":166,"column":4},"end":{"line":232,"column":5}},"50":{"start":{"line":167,"column":6},"end":{"line":167,"column":54}},"51":{"start":{"line":170,"column":28},"end":{"line":173,"column":8}},"52":{"start":{"line":175,"column":6},"end":{"line":180,"column":7}},"53":{"start":{"line":176,"column":8},"end":{"line":178,"column":10}},"54":{"start":{"line":179,"column":8},"end":{"line":179,"column":21}},"55":{"start":{"line":182,"column":6},"end":{"line":182,"column":55}},"56":{"start":{"line":185,"column":24},"end":{"line":189,"column":8}},"57":{"start":{"line":191,"column":6},"end":{"line":191,"column":54}},"58":{"start":{"line":192,"column":6},"end":{"line":192,"column":67}},"59":{"start":{"line":195,"column":6},"end":{"line":225,"column":7}},"60":{"start":{"line":196,"column":8},"end":{"line":198,"column":10}},"61":{"start":{"line":201,"column":27},"end":{"line":201,"column":74}},"62":{"start":{"line":202,"column":8},"end":{"line":202,"column":62}},"63":{"start":{"line":205,"column":8},"end":{"line":205,"column":54}},"64":{"start":{"line":208,"column":32},"end":{"line":208,"column":74}},"65":{"start":{"line":211,"column":8},"end":{"line":216,"column":9}},"66":{"start":{"line":212,"column":10},"end":{"line":214,"column":12}},"67":{"start":{"line":215,"column":10},"end":{"line":215,"column":69}},"68":{"start":{"line":219,"column":8},"end":{"line":219,"column":53}},"69":{"start":{"line":221,"column":8},"end":{"line":221,"column":20}},"70":{"start":{"line":223,"column":8},"end":{"line":223,"column":48}},"71":{"start":{"line":224,"column":8},"end":{"line":224,"column":21}},"72":{"start":{"line":227,"column":6},"end":{"line":230,"column":9}},"73":{"start":{"line":231,"column":6},"end":{"line":231,"column":18}},"74":{"start":{"line":241,"column":4},"end":{"line":297,"column":5}},"75":{"start":{"line":242,"column":6},"end":{"line":244,"column":7}},"76":{"start":{"line":243,"column":8},"end":{"line":243,"column":18}},"77":{"start":{"line":246,"column":6},"end":{"line":248,"column":8}},"78":{"start":{"line":251,"column":26},"end":{"line":251,"column":35}},"79":{"start":{"line":256,"column":35},"end":{"line":256,"column":57}},"80":{"start":{"line":258,"column":6},"end":{"line":282,"column":7}},"81":{"start":{"line":259,"column":8},"end":{"line":261,"column":9}},"82":{"start":{"line":260,"column":10},"end":{"line":260,"column":19}},"83":{"start":{"line":263,"column":8},"end":{"line":281,"column":9}},"84":{"start":{"line":265,"column":10},"end":{"line":280,"column":11}},"85":{"start":{"line":268,"column":12},"end":{"line":268,"column":49}},"86":{"start":{"line":269,"column":12},"end":{"line":273,"column":15}},"87":{"start":{"line":276,"column":12},"end":{"line":279,"column":15}},"88":{"start":{"line":285,"column":33},"end":{"line":285,"column":65}},"89":{"start":{"line":287,"column":6},"end":{"line":289,"column":8}},"90":{"start":{"line":290,"column":6},"end":{"line":290,"column":32}},"91":{"start":{"line":292,"column":6},"end":{"line":295,"column":9}},"92":{"start":{"line":296,"column":6},"end":{"line":296,"column":16}},"93":{"start":{"line":306,"column":4},"end":{"line":370,"column":5}},"94":{"start":{"line":307,"column":6},"end":{"line":307,"column":62}},"95":{"start":{"line":309,"column":20},"end":{"line":309,"column":22}},"96":{"start":{"line":311,"column":6},"end":{"line":340,"column":7}},"97":{"start":{"line":313,"column":8},"end":{"line":313,"column":72}},"98":{"start":{"line":314,"column":29},"end":{"line":318,"column":10}},"99":{"start":{"line":320,"column":8},"end":{"line":320,"column":33}},"100":{"start":{"line":323,"column":8},"end":{"line":325,"column":10}},"101":{"start":{"line":327,"column":27},"end":{"line":331,"column":10}},"102":{"start":{"line":334,"column":8},"end":{"line":339,"column":9}},"103":{"start":{"line":335,"column":10},"end":{"line":337,"column":11}},"104":{"start":{"line":336,"column":12},"end":{"line":336,"column":18}},"105":{"start":{"line":338,"column":10},"end":{"line":338,"column":31}},"106":{"start":{"line":343,"column":30},"end":{"line":343,"column":32}},"107":{"start":{"line":345,"column":6},"end":{"line":359,"column":7}},"108":{"start":{"line":346,"column":44},"end":{"line":346,"column":50}},"109":{"start":{"line":349,"column":29},"end":{"line":349,"column":77}},"110":{"start":{"line":351,"column":8},"end":{"line":358,"column":11}},"111":{"start":{"line":361,"column":6},"end":{"line":361,"column":80}},"112":{"start":{"line":362,"column":6},"end":{"line":362,"column":29}},"113":{"start":{"line":364,"column":6},"end":{"line":368,"column":9}},"114":{"start":{"line":369,"column":6},"end":{"line":369,"column":18}},"115":{"start":{"line":379,"column":4},"end":{"line":529,"column":5}},"116":{"start":{"line":380,"column":42},"end":{"line":380,"column":48}},"117":{"start":{"line":381,"column":6},"end":{"line":381,"column":65}},"118":{"start":{"line":384,"column":29},"end":{"line":384,"column":44}},"119":{"start":{"line":387,"column":25},"end":{"line":387,"column":42}},"120":{"start":{"line":390,"column":6},"end":{"line":426,"column":7}},"121":{"start":{"line":391,"column":8},"end":{"line":391,"column":72}},"122":{"start":{"line":394,"column":29},"end":{"line":394,"column":31}},"123":{"start":{"line":397,"column":21},"end":{"line":401,"column":10}},"124":{"start":{"line":404,"column":8},"end":{"line":420,"column":11}},"125":{"start":{"line":409,"column":25},"end":{"line":409,"column":43}},"126":{"start":{"line":412,"column":12},"end":{"line":417,"column":13}},"127":{"start":{"line":413,"column":14},"end":{"line":416,"column":17}},"128":{"start":{"line":418,"column":12},"end":{"line":418,"column":24}},"129":{"start":{"line":422,"column":8},"end":{"line":424,"column":10}},"130":{"start":{"line":425,"column":8},"end":{"line":425,"column":28}},"131":{"start":{"line":430,"column":24},"end":{"line":430,"column":37}},"132":{"start":{"line":432,"column":6},"end":{"line":436,"column":7}},"133":{"start":{"line":433,"column":8},"end":{"line":435,"column":10}},"134":{"start":{"line":439,"column":27},"end":{"line":443,"column":8}},"135":{"start":{"line":445,"column":28},"end":{"line":445,"column":52}},"136":{"start":{"line":448,"column":25},"end":{"line":448,"column":27}},"137":{"start":{"line":449,"column":25},"end":{"line":449,"column":27}},"138":{"start":{"line":450,"column":27},"end":{"line":450,"column":29}},"139":{"start":{"line":451,"column":28},"end":{"line":451,"column":30}},"140":{"start":{"line":453,"column":6},"end":{"line":510,"column":9}},"141":{"start":{"line":462,"column":10},"end":{"line":506,"column":11}},"142":{"start":{"line":464,"column":24},"end":{"line":464,"column":48}},"143":{"start":{"line":465,"column":12},"end":{"line":469,"column":15}},"144":{"start":{"line":472,"column":15},"end":{"line":506,"column":11}},"145":{"start":{"line":474,"column":24},"end":{"line":474,"column":47}},"146":{"start":{"line":475,"column":12},"end":{"line":479,"column":15}},"147":{"start":{"line":482,"column":15},"end":{"line":506,"column":11}},"148":{"start":{"line":484,"column":30},"end":{"line":484,"column":53}},"149":{"start":{"line":485,"column":31},"end":{"line":485,"column":55}},"150":{"start":{"line":488,"column":12},"end":{"line":493,"column":13}},"151":{"start":{"line":489,"column":14},"end":{"line":492,"column":17}},"152":{"start":{"line":497,"column":31},"end":{"line":497,"column":55}},"153":{"start":{"line":498,"column":32},"end":{"line":498,"column":57}},"154":{"start":{"line":500,"column":12},"end":{"line":505,"column":13}},"155":{"start":{"line":501,"column":14},"end":{"line":504,"column":17}},"156":{"start":{"line":508,"column":10},"end":{"line":508,"column":22}},"157":{"start":{"line":513,"column":6},"end":{"line":517,"column":8}},"158":{"start":{"line":519,"column":6},"end":{"line":521,"column":8}},"159":{"start":{"line":522,"column":6},"end":{"line":522,"column":26}},"160":{"start":{"line":524,"column":6},"end":{"line":527,"column":9}},"161":{"start":{"line":528,"column":6},"end":{"line":528,"column":16}},"162":{"start":{"line":540,"column":4},"end":{"line":605,"column":5}},"163":{"start":{"line":542,"column":27},"end":{"line":542,"column":45}},"164":{"start":{"line":545,"column":32},"end":{"line":545,"column":41}},"165":{"start":{"line":546,"column":34},"end":{"line":546,"column":43}},"166":{"start":{"line":549,"column":6},"end":{"line":574,"column":7}},"167":{"start":{"line":550,"column":8},"end":{"line":573,"column":9}},"168":{"start":{"line":552,"column":10},"end":{"line":554,"column":11}},"169":{"start":{"line":553,"column":12},"end":{"line":553,"column":21}},"170":{"start":{"line":557,"column":10},"end":{"line":572,"column":11}},"171":{"start":{"line":559,"column":12},"end":{"line":564,"column":15}},"172":{"start":{"line":567,"column":12},"end":{"line":567,"column":54}},"173":{"start":{"line":568,"column":12},"end":{"line":568,"column":58}},"174":{"start":{"line":571,"column":12},"end":{"line":571,"column":18}},"175":{"start":{"line":577,"column":6},"end":{"line":584,"column":7}},"176":{"start":{"line":578,"column":8},"end":{"line":583,"column":9}},"177":{"start":{"line":579,"column":10},"end":{"line":582,"column":13}},"178":{"start":{"line":587,"column":6},"end":{"line":594,"column":7}},"179":{"start":{"line":588,"column":8},"end":{"line":593,"column":9}},"180":{"start":{"line":589,"column":10},"end":{"line":592,"column":13}},"181":{"start":{"line":596,"column":6},"end":{"line":596,"column":72}},"182":{"start":{"line":597,"column":6},"end":{"line":597,"column":26}},"183":{"start":{"line":599,"column":6},"end":{"line":602,"column":9}},"184":{"start":{"line":604,"column":6},"end":{"line":604,"column":64}},"185":{"start":{"line":614,"column":4},"end":{"line":710,"column":5}},"186":{"start":{"line":615,"column":6},"end":{"line":615,"column":74}},"187":{"start":{"line":617,"column":6},"end":{"line":701,"column":7}},"188":{"start":{"line":618,"column":8},"end":{"line":700,"column":9}},"189":{"start":{"line":620,"column":10},"end":{"line":626,"column":13}},"190":{"start":{"line":627,"column":10},"end":{"line":627,"column":67}},"191":{"start":{"line":630,"column":10},"end":{"line":671,"column":11}},"192":{"start":{"line":631,"column":12},"end":{"line":633,"column":14}},"193":{"start":{"line":635,"column":12},"end":{"line":670,"column":13}},"194":{"start":{"line":636,"column":14},"end":{"line":669,"column":15}},"195":{"start":{"line":637,"column":16},"end":{"line":654,"column":17}},"196":{"start":{"line":639,"column":18},"end":{"line":645,"column":20}},"197":{"start":{"line":648,"column":18},"end":{"line":653,"column":20}},"198":{"start":{"line":656,"column":16},"end":{"line":667,"column":18}},"199":{"start":{"line":674,"column":10},"end":{"line":692,"column":11}},"200":{"start":{"line":676,"column":34},"end":{"line":678,"column":65}},"201":{"start":{"line":677,"column":32},"end":{"line":677,"column":57}},"202":{"start":{"line":678,"column":29},"end":{"line":678,"column":64}},"203":{"start":{"line":681,"column":34},"end":{"line":685,"column":15}},"204":{"start":{"line":682,"column":32},"end":{"line":682,"column":57}},"205":{"start":{"line":684,"column":26},"end":{"line":684,"column":79}},"206":{"start":{"line":687,"column":31},"end":{"line":687,"column":78}},"207":{"start":{"line":689,"column":12},"end":{"line":691,"column":14}},"208":{"start":{"line":694,"column":10},"end":{"line":698,"column":13}},"209":{"start":{"line":703,"column":6},"end":{"line":703,"column":58}},"210":{"start":{"line":705,"column":6},"end":{"line":708,"column":9}},"211":{"start":{"line":709,"column":6},"end":{"line":709,"column":18}},"212":{"start":{"line":719,"column":4},"end":{"line":737,"column":5}},"213":{"start":{"line":720,"column":6},"end":{"line":725,"column":7}},"214":{"start":{"line":721,"column":8},"end":{"line":723,"column":10}},"215":{"start":{"line":724,"column":8},"end":{"line":724,"column":15}},"216":{"start":{"line":727,"column":6},"end":{"line":727,"column":58}},"217":{"start":{"line":728,"column":6},"end":{"line":728,"column":34}},"218":{"start":{"line":729,"column":6},"end":{"line":729,"column":66}},"219":{"start":{"line":731,"column":6},"end":{"line":735,"column":9}},"220":{"start":{"line":736,"column":6},"end":{"line":736,"column":18}},"221":{"start":{"line":745,"column":4},"end"
[...]
01":0,"402":0,"403":0,"404":0,"405":0,"406":0,"407":0,"408":0,"409":0,"410":0,"411":0,"412":0,"413":0,"414":0,"415":0,"416":0,"417":0,"418":0,"419":0,"420":0,"421":0,"422":0,"423":0,"424":0,"425":0,"426":0,"427":0,"428":0,"429":0,"430":0,"431":0,"432":0,"433":0,"434":0,"435":0,"436":0,"437":0,"438":0,"439":0,"440":0,"441":0,"442":0,"443":0,"444":0,"445":0,"446":0,"447":0,"448":0,"449":0,"450":0,"451":0,"452":0,"453":0,"454":0,"455":0,"456":0,"457":0,"458":0,"459":0,"460":0},"f":{"0":0,"1":0,"2":0,"3":0,"4":0,"5":0,"6":0,"7":0,"8":0,"9":0,"10":0,"11":0,"12":0,"13":0,"14":0,"15":0,"16":0,"17":0,"18":0,"19":0,"20":0,"21":0,"22":0},"b":{"0":[0],"1":[0,0],"2":[0,0],"3":[0,0],"4":[0],"5":[0,0],"6":[0,0],"7":[0],"8":[0,0],"9":[0,0],"10":[0,0],"11":[0,0],"12":[0,0],"13":[0],"14":[0,0],"15":[0,0],"16":[0,0],"17":[0,0],"18":[0,0],"19":[0,0],"20":[0],"21":[0,0],"22":[0,0],"23":[0,0],"24":[0,0],"25":[0],"26":[0,0],"27":[0,0],"28":[0,0],"29":[0,0],"30":[0,0],"31":[0,0],"32":[0],"33":[0,0],"34":[0,0],"35":[0,0],"36":[0,0],"37":[0,0],"38":[0],"39":[0,0],"40":[0,0],"41":[0,0],"42":[0,0],"43":[0,0],"44":[0,0],"45":[0,0],"46":[0,0],"47":[0,0],"48":[0],"49":[0,0],"50":[0,0],"51":[0,0],"52":[0,0],"53":[0,0],"54":[0,0],"55":[0],"56":[0,0],"57":[0,0],"58":[0,0],"59":[0,0],"60":[0,0],"61":[0,0],"62":[0,0],"63":[0,0],"64":[0,0],"65":[0],"66":[0,0],"67":[0,0],"68":[0,0],"69":[0,0],"70":[0,0],"71":[0,0],"72":[0,0],"73":[0,0],"74":[0,0],"75":[0,0],"76":[0,0],"77":[0,0],"78":[0,0],"79":[0,0],"80":[0,0],"81":[0,0],"82":[0,0],"83":[0,0],"84":[0,0],"85":[0,0],"86":[0,0],"87":[0,0],"88":[0,0],"89":[0,0],"90":[0,0],"91":[0,0],"92":[0,0],"93":[0,0,0],"94":[0,0],"95":[0,0],"96":[0,0],"97":[0,0],"98":[0,0],"99":[0,0],"100":[0,0],"101":[0,0],"102":[0,0],"103":[0,0],"104":[0,0],"105":[0,0],"106":[0],"107":[0,0],"108":[0,0],"109":[0,0],"110":[0,0],"111":[0,0],"112":[0,0],"113":[0,0],"114":[0,0],"115":[0],"116":[0,0],"117":[0,0],"118":[0,0],"119":[0,0],"120":[0,0],"121":[0,0],"122":[0],"123":[0,0],"124":[0,0],"125":[0,0],"126":[0,0],"127":[0,0],"128":[0,0],"129":[0,0],"130":[0,0],"131":[0,0],"132":[0,0],"133":[0,0],"134":[0,0],"135":[0,0],"136":[0],"137":[0,0],"138":[0,0,0,0,0,0,0,0,0,0,0,0,0,0,0,0,0,0,0,0],"139":[0,0],"140":[0,0],"141":[0,0],"142":[0,0],"143":[0,0],"144":[0,0],"145":[0,0],"146":[0,0],"147":[0,0],"148":[0,0],"149":[0,0],"150":[0,0],"151":[0,0],"152":[0,0],"153":[0,0],"154":[0,0],"155":[0,0]}}
,"/Users/alfredourdaneta/Documents/AI/devcontext/src/services/parsing/typescriptParser.test.js": {"path":"/Users/alfredourdaneta/Documents/AI/devcontext/src/services/parsing/typescriptParser.test.js","statementMap":{"0":{"start":{"line":17,"column":2},"end":{"line":270,"column":3}},"1":{"start":{"line":19,"column":20},"end":{"line":19,"column":43}},"2":{"start":{"line":22,"column":4},"end":{"line":22,"column":53}},"3":{"start":{"line":25,"column":28},"end":{"line":25,"column":56}},"4":{"start":{"line":26,"column":4},"end":{"line":26,"column":67}},"5":{"start":{"line":29,"column":27},"end":{"line":99,"column":5}},"6":{"start":{"line":102,"column":21},"end":{"line":102,"column":63}},"7":{"start":{"line":104,"column":4},"end":{"line":107,"column":5}},"8":{"start":{"line":105,"column":6},"end":{"line":105,"column":54}},"9":{"start":{"line":106,"column":6},"end":{"line":106,"column":13}},"10":{"start":{"line":109,"column":19},"end":{"line":109,"column":49}},"11":{"start":{"line":111,"column":4},"end":{"line":111,"column":74}},"12":{"start":{"line":114,"column":4},"end":{"line":114,"column":42}},"13":{"start":{"line":115,"column":4},"end":{"line":122,"column":5}},"14":{"start":{"line":115,"column":17},"end":{"line":115,"column":18}},"15":{"start":{"line":116,"column":20},"end":{"line":116,"column":49}},"16":{"start":{"line":117,"column":6},"end":{"line":121,"column":8}},"17":{"start":{"line":125,"column":40},"end":{"line":128,"column":5}},"18":{"start":{"line":131,"column":4},"end":{"line":131,"column":76}},"19":{"start":{"line":134,"column":4},"end":{"line":134,"column":51}},"20":{"start":{"line":135,"column":4},"end":{"line":139,"column":7}},"21":{"start":{"line":136,"column":6},"end":{"line":138,"column":8}},"22":{"start":{"line":142,"column":28},"end":{"line":142,"column":30}},"23":{"start":{"line":144,"column":4},"end":{"line":150,"column":7}},"24":{"start":{"line":145,"column":19},"end":{"line":145,"column":37}},"25":{"start":{"line":146,"column":6},"end":{"line":148,"column":7}},"26":{"start":{"line":147,"column":8},"end":{"line":147,"column":35}},"27":{"start":{"line":149,"column":6},"end":{"line":149,"column":41}},"28":{"start":{"line":153,"column":4},"end":{"line":153,"column":43}},"29":{"start":{"line":154,"column":4},"end":{"line":156,"column":5}},"30":{"start":{"line":155,"column":6},"end":{"line":155,"column":51}},"31":{"start":{"line":159,"column":4},"end":{"line":193,"column":5}},"32":{"start":{"line":160,"column":6},"end":{"line":160,"column":62}},"33":{"start":{"line":162,"column":6},"end":{"line":192,"column":9}},"34":{"start":{"line":163,"column":8},"end":{"line":163,"column":52}},"35":{"start":{"line":164,"column":8},"end":{"line":164,"column":73}},"36":{"start":{"line":167,"column":8},"end":{"line":180,"column":9}},"37":{"start":{"line":168,"column":10},"end":{"line":168,"column":38}},"38":{"start":{"line":169,"column":10},"end":{"line":179,"column":11}},"39":{"start":{"line":170,"column":12},"end":{"line":178,"column":13}},"40":{"start":{"line":171,"column":14},"end":{"line":171,"column":43}},"41":{"start":{"line":172,"column":19},"end":{"line":178,"column":13}},"42":{"start":{"line":177,"column":14},"end":{"line":177,"column":53}},"43":{"start":{"line":183,"column":31},"end":{"line":185,"column":32}},"44":{"start":{"line":186,"column":8},"end":{"line":190,"column":10}},"45":{"start":{"line":191,"column":8},"end":{"line":191,"column":27}},"46":{"start":{"line":196,"column":4},"end":{"line":198,"column":6}},"47":{"start":{"line":201,"column":33},"end":{"line":201,"column":35}},"48":{"start":{"line":202,"column":4},"end":{"line":208,"column":7}},"49":{"start":{"line":203,"column":19},"end":{"line":203,"column":49}},"50":{"start":{"line":204,"column":6},"end":{"line":206,"column":7}},"51":{"start":{"line":205,"column":8},"end":{"line":205,"column":40}},"52":{"start":{"line":207,"column":6},"end":{"line":207,"column":52}},"53":{"start":{"line":211,"column":4},"end":{"line":211,"column":49}},"54":{"start":{"line":212,"column":4},"end":{"line":214,"column":5}},"55":{"start":{"line":213,"column":6},"end":{"line":213,"column":47}},"56":{"start":{"line":217,"column":36},"end":{"line":221,"column":5}},"57":{"start":{"line":223,"column":4},"end":{"line":263,"column":5}},"58":{"start":{"line":224,"column":32},"end":{"line":224,"column":67}},"59":{"start":{"line":226,"column":6},"end":{"line":262,"column":7}},"60":{"start":{"line":227,"column":8},"end":{"line":229,"column":10}},"61":{"start":{"line":231,"column":8},"end":{"line":261,"column":11}},"62":{"start":{"line":233,"column":31},"end":{"line":235,"column":11}},"63":{"start":{"line":234,"column":19},"end":{"line":234,"column":48}},"64":{"start":{"line":236,"column":29},"end":{"line":236,"column":73}},"65":{"start":{"line":238,"column":10},"end":{"line":240,"column":12}},"66":{"start":{"line":243,"column":10},"end":{"line":258,"column":11}},"67":{"start":{"line":244,"column":12},"end":{"line":244,"column":40}},"68":{"start":{"line":245,"column":12},"end":{"line":257,"column":13}},"69":{"start":{"line":246,"column":14},"end":{"line":256,"column":15}},"70":{"start":{"line":247,"column":16},"end":{"line":247,"column":45}},"71":{"start":{"line":248,"column":21},"end":{"line":256,"column":15}},"72":{"start":{"line":249,"column":16},"end":{"line":249,"column":71}},"73":{"start":{"line":250,"column":21},"end":{"line":256,"column":15}},"74":{"start":{"line":255,"column":16},"end":{"line":255,"column":55}},"75":{"start":{"line":260,"column":10},"end":{"line":260,"column":29}},"76":{"start":{"line":265,"column":4},"end":{"line":265,"column":66}},"77":{"start":{"line":267,"column":4},"end":{"line":269,"column":7}},"78":{"start":{"line":274,"column":0},"end":{"line":274,"column":23}}},"fnMap":{"0":{"name":"testTypeScriptParser","decl":{"start":{"line":16,"column":15},"end":{"line":16,"column":35}},"loc":{"start":{"line":16,"column":38},"end":{"line":271,"column":1}},"line":16},"1":{"name":"(anonymous_1)","decl":{"start":{"line":135,"column":21},"end":{"line":135,"column":22}},"loc":{"start":{"line":135,"column":40},"end":{"line":139,"column":5}},"line":135},"2":{"name":"(anonymous_2)","decl":{"start":{"line":144,"column":21},"end":{"line":144,"column":22}},"loc":{"start":{"line":144,"column":33},"end":{"line":150,"column":5}},"line":144},"3":{"name":"(anonymous_3)","decl":{"start":{"line":162,"column":27},"end":{"line":162,"column":28}},"loc":{"start":{"line":162,"column":46},"end":{"line":192,"column":7}},"line":162},"4":{"name":"(anonymous_4)","decl":{"start":{"line":202,"column":26},"end":{"line":202,"column":27}},"loc":{"start":{"line":202,"column":44},"end":{"line":208,"column":5}},"line":202},"5":{"name":"(anonymous_5)","decl":{"start":{"line":231,"column":34},"end":{"line":231,"column":35}},"loc":{"start":{"line":231,"column":50},"end":{"line":261,"column":9}},"line":231},"6":{"name":"(anonymous_6)","decl":{"start":{"line":234,"column":12},"end":{"line":234,"column":13}},"loc":{"start":{"line":234,"column":19},"end":{"line":234,"column":48}},"line":234}},"branchMap":{"0":{"loc":{"start":{"line":104,"column":4},"end":{"line":107,"column":5}},"type":"if","locations":[{"start":{"line":104,"column":4},"end":{"line":107,"column":5}},{"start":{},"end":{}}],"line":104},"1":{"loc":{"start":{"line":120,"column":35},"end":{"line":120,"column":70}},"type":"cond-expr","locations":[{"start":{"line":120,"column":60},"end":{"line":120,"column":65}},{"start":{"line":120,"column":68},"end":{"line":120,"column":70}}],"line":120},"2":{"loc":{"start":{"line":146,"column":6},"end":{"line":148,"column":7}},"type":"if","locations":[{"start":{"line":146,"column":6},"end":{"line":148,"column":7}},{"start":{},"end":{}}],"line":146},"3":{"loc":{"start":{"line":167,"column":8},"end":{"line":180,"column":9}},"type":"if","locations":[{"start":{"line":167,"column":8},"end":{"line":180,"column":9}},{"start":{},"end":{}}],"line":167},"4":{"loc":{"start":{"line":170,"column":12},"end":{"line":178,"column":13}},"type":"if","locations":[{"start":{"line":170,"column":12},"end":{"line":178,"column":13}},{"start":{"line":172,"column":19},"end":{"line":178,"column":13}}],"line":170},"5":{"loc":{"start":{"line":172,"column":19},"end":{"line":178,"column":13}},"type":"if","locations":[{"start":{"line":172,"column":19},"end":{"line":178,"column":13}},{"start":{},"end":{}}],"line":172},"6":{"loc":{"start":{"line":173,"column":14},"end":{"line":175,"column":28}},"type":"binary-expr","locations":[{"start":{"line":173,"column":14},"end":{"line":173,"column":29}},{"start":{"line":174,"column":14},"end":{"line":174,"column":33}},{"start":{"line":175,"column":14},"end":{"line":175,"column":28}}],"line":173},"7":{"loc":{"start":{"line":188,"column":12},"end":{"line":188,"column":55}},"type":"cond-expr","locations":[{"start":{"line":188,"column":45},"end":{"line":188,"column":50}},{"start":{"line":188,"column":53},"end":{"line":188,"column":55}}],"line":188},"8":{"loc":{"start":{"line":204,"column":6},"end":{"line":206,"column":7}},"type":"if","locations":[{"start":{"line":204,"column":6},"end":{"line":206,"column":7}},{"start":{},"end":{}}],"line":204},"9":{"loc":{"start":{"line":224,"column":32},"end":{"line":224,"column":67}},"type":"binary-expr","locations":[{"start":{"line":224,"column":32},"end":{"line":224,"column":61}},{"start":{"line":224,"column":65},"end":{"line":224,"column":67}}],"line":224},"10":{"loc":{"start":{"line":226,"column":6},"end":{"line":262,"column":7}},"type":"if","locations":[{"start":{"line":226,"column":6},"end":{"line":262,"column":7}},{"start":{},"end":{}}],"line":226},"11":{"loc":{"start":{"line":236,"column":29},"end":{"line":236,"column":73}},"type":"cond-expr","locations":[{"start":{"line":236,"column":44},"end":{"line":236,"column":61}},{"start":{"line":236,"column":64},"end":{"line":236,"column":73}}],"line":236},"12":{"loc":{"start":{"line":243,"column":10},"end":{"line":258,"column":11}},"type":"if","locations":[{"start":{"line":243,"column":10},"end":{"line":258,"column":11}},{"start":{},"end":{}}],"line":243},"13":{"loc":{"start":{"line":246,"column":14},"end":{"line":256,"column":15}},"type":"if","locations":[{"start":{"line":246,"column":14},"end":{"line":256,"column":15}},{"start":{"line":248,"column":21},"end":{"line":256,"column":15}}],"line":246},"14":{"loc":{"start":{"line":248,"column":21},"end":{"line":256,"column":15}},"type":"if","locations":[{"start":{"line":248,"column":21},"end":{"line":256,"column":15}},{"start":{"line":250,"column":21},"end":{"line":256,"column":15}}],"line":248},"15":{"loc":{"start":{"line":250,"column":21},"end":{"line":256,"column":15}},"type":"if","locations":[{"start":{"line":250,"column":21},"end":{"line":256,"column":15}},{"start":{},"end":{}}],"line":250},"16":{"loc":{"start":{"line":251,"column":16},"end":{"line":253,"column":30}},"type":"binary-expr","locations":[{"start":{"line":251,"column":16},"end":{"line":251,"column":31}},{"start":{"line":252,"column":16},"end":{"line":252,"column":35}},{"start":{"line":253,"column":16},"end":{"line":253,"column":30}}],"line":251}},"s":{"0":0,"1":0,"2":0,"3":0,"4":0,"5":0,"6":0,"7":0,"8":0,"9":0,"10":0,"11":0,"12":0,"13":0,"14":0,"15":0,"16":0,"17":0,"18":0,"19":0,"20":0,"21":0,"22":0,"23":0,"24":0,"25":0,"26":0,"27":0,"28":0,"29":0,"30":0,"31":0,"32":0,"33":0,"34":0,"35":0,"36":0,"37":0,"38":0,"39":0,"40":0,"41":0,"42":0,"43":0,"44":0,"45":0,"46":0,"47":0,"48":0,"49":0,"50":0,"51":0,"52":0,"53":0,"54":0,"55":0,"56":0,"57":0,"58":0,"59":0,"60":0,"61":0,"62":0,"63":0,"64":0,"65":0,"66":0,"67":0,"68":0,"69":0,"70":0,"71":0,"72":0,"73":0,"74":0,"75":0,"76":0,"77":0,"78":0},"f":{"0":0,"1":0,"2":0,"3":0,"4":0,"5":0,"6":0},"b":{"0":[0,0],"1":[0,0],"2":[0,0],"3":[0,0],"4":[0,0],"5":[0,0],"6":[0,0,0],"7":[0,0],"8":[0,0],"9":[0,0],"10":[0,0],"11":[0,0],"12":[0,0],"13":[0,0],"14":[0,0],"15":[0,0],"16":[0,0,0]}}
,"/Users/alfredourdaneta/Documents/AI/devcontext/src/utils/logger.js": {"path":"/Users/alfredourdaneta/Documents/AI/devcontext/src/utils/logger.js","statementMap":{"0":{"start":{"line":9,"column":19},"end":{"line":14,"column":1}},"1":{"start":{"line":17,"column":27},"end":{"line":20,"column":1}},"2":{"start":{"line":18,"column":19},"end":{"line":18,"column":65}},"3":{"start":{"line":19,"column":2},"end":{"line":19,"column":64}},"4":{"start":{"line":27,"column":18},"end":{"line":31,"column":1}},"5":{"start":{"line":28,"column":23},"end":{"line":28,"column":55}},"6":{"start":{"line":29,"column":22},"end":{"line":29,"column":39}},"7":{"start":{"line":30,"column":2},"end":{"line":30,"column":37}},"8":{"start":{"line":38,"column":23},"end":{"line":46,"column":1}},"9":{"start":{"line":39,"column":2},"end":{"line":44,"column":3}},"10":{"start":{"line":40,"column":4},"end":{"line":43,"column":6}},"11":{"start":{"line":45,"column":2},"end":{"line":45,"column":21}},"12":{"start":{"line":53,"column":23},"end":{"line":66,"column":1}},"13":{"start":{"line":54,"column":2},"end":{"line":54,"column":33}},"14":{"start":{"line":54,"column":16},"end":{"line":54,"column":33}},"15":{"start":{"line":56,"column":2},"end":{"line":63,"column":3}},"16":{"start":{"line":57,"column":4},"end":{"line":62,"column":6}},"17":{"start":{"line":65,"column":2},"end":{"line":65,"column":17}},"18":{"start":{"line":74,"column":12},"end":{"line":89,"column":1}},"19":{"start":{"line":75,"column":2},"end":{"line":75,"column":32}},"20":{"start":{"line":75,"column":25},"end":{"line":75,"column":32}},"21":{"start":{"line":77,"column":27},"end":{"line":77,"column":50}},"22":{"start":{"line":78,"column":27},"end":{"line":78,"column":50}},"23":{"start":{"line":80,"column":20},"end":{"line":85,"column":3}},"24":{"start":{"line":88,"column":2},"end":{"line":88,"column":57}},"25":{"start":{"line":94,"column":15},"end":{"line":122,"column":1}},"26":{"start":{"line":100,"column":31},"end":{"line":100,"column":61}},"27":{"start":{"line":107,"column":30},"end":{"line":107,"column":59}},"28":{"start":{"line":114,"column":30},"end":{"line":114,"column":59}},"29":{"start":{"line":121,"column":31},"end":{"line":121,"column":61}}},"fnMap":{"0":{"name":"(anonymous_0)","decl":{"start":{"line":17,"column":27},"end":{"line":17,"column":28}},"loc":{"start":{"line":17,"column":33},"end":{"line":20,"column":1}},"line":17},"1":{"name":"(anonymous_1)","decl":{"start":{"line":27,"column":18},"end":{"line":27,"column":19}},"loc":{"start":{"line":27,"column":29},"end":{"line":31,"column":1}},"line":27},"2":{"name":"(anonymous_2)","decl":{"start":{"line":38,"column":23},"end":{"line":38,"column":24}},"loc":{"start":{"line":38,"column":36},"end":{"line":46,"column":1}},"line":38},"3":{"name":"(anonymous_3)","decl":{"start":{"line":53,"column":23},"end":{"line":53,"column":24}},"loc":{"start":{"line":53,"column":36},"end":{"line":66,"column":1}},"line":53},"4":{"name":"(anonymous_4)","decl":{"start":{"line":74,"column":12},"end":{"line":74,"column":13}},"loc":{"start":{"line":74,"column":41},"end":{"line":89,"column":1}},"line":74},"5":{"name":"(anonymous_5)","decl":{"start":{"line":100,"column":9},"end":{"line":100,"column":10}},"loc":{"start":{"line":100,"column":31},"end":{"line":100,"column":61}},"line":100},"6":{"name":"(anonymous_6)","decl":{"start":{"line":107,"column":8},"end":{"line":107,"column":9}},"loc":{"start":{"line":107,"column":30},"end":{"line":107,"column":59}},"line":107},"7":{"name":"(anonymous_7)","decl":{"start":{"line":114,"column":8},"end":{"line":114,"column":9}},"loc":{"start":{"line":114,"column":30},"end":{"line":114,"column":59}},"line":114},"8":{"name":"(anonymous_8)","decl":{"start":{"line":121,"column":9},"end":{"line":121,"column":10}},"loc":{"start":{"line":121,"column":31},"end":{"line":121,"column":61}},"line":121}},"branchMap":{"0":{"loc":{"start":{"line":18,"column":19},"end":{"line":18,"column":65}},"type":"binary-expr","locations":[{"start":{"line":18,"column":19},"end":{"line":18,"column":55}},{"start":{"line":18,"column":59},"end":{"line":18,"column":65}}],"line":18},"1":{"loc":{"start":{"line":19,"column":9},"end":{"line":19,"column":63}},"type":"cond-expr","locations":[{"start":{"line":19,"column":46},"end":{"line":19,"column":54}},{"start":{"line":19,"column":57},"end":{"line":19,"column":63}}],"line":19},"2":{"loc":{"start":{"line":39,"column":2},"end":{"line":44,"column":3}},"type":"if","locations":[{"start":{"line":39,"column":2},"end":{"line":44,"column":3}},{"start":{},"end":{}}],"line":39},"3":{"loc":{"start":{"line":54,"column":2},"end":{"line":54,"column":33}},"type":"if","locations":[{"start":{"line":54,"column":2},"end":{"line":54,"column":33}},{"start":{},"end":{}}],"line":54},"4":{"loc":{"start":{"line":56,"column":2},"end":{"line":63,"column":3}},"type":"if","locations":[{"start":{"line":56,"column":2},"end":{"line":63,"column":3}},{"start":{},"end":{}}],"line":56},"5":{"loc":{"start":{"line":75,"column":2},"end":{"line":75,"column":32}},"type":"if","locations":[{"start":{"line":75,"column":2},"end":{"line":75,"column":32}},{"start":{},"end":{}}],"line":75},"6":{"loc":{"start":{"line":84,"column":8},"end":{"line":84,"column":61}},"type":"cond-expr","locations":[{"start":{"line":84,"column":27},"end":{"line":84,"column":56}},{"start":{"line":84,"column":59},"end":{"line":84,"column":61}}],"line":84}},"s":{"0":0,"1":0,"2":0,"3":0,"4":0,"5":0,"6":0,"7":0,"8":0,"9":0,"10":0,"11":0,"12":0,"13":0,"14":0,"15":0,"16":0,"17":0,"18":0,"19":0,"20":0,"21":0,"22":0,"23":0,"24":0,"25":0,"26":0,"27":0,"28":0,"29":0},"f":{"0":0,"1":0,"2":0,"3":0,"4":0,"5":0,"6":0,"7":0,"8":0},"b":{"0":[0,0],"1":[0,0],"2":[0,0],"3":[0,0],"4":[0,0],"5":[0,0],"6":[0,0]}}
}
