TN:
SF:src/config.js
FN:22,(anonymous_0)
FN:35,(anonymous_1)
FN:44,(anonymous_2)
FN:45,(anonymous_3)
FN:53,(anonymous_4)
FN:71,(anonymous_5)
FN:97,(anonymous_6)
FN:151,(anonymous_7)
FNF:8
FNH:0
FNDA:0,(anonymous_0)
FNDA:0,(anonymous_1)
FNDA:0,(anonymous_2)
FNDA:0,(anonymous_3)
FNDA:0,(anonymous_4)
FNDA:0,(anonymous_5)
FNDA:0,(anonymous_6)
FNDA:0,(anonymous_7)
DA:15,0
DA:22,0
DA:23,0
DA:24,0
DA:25,0
DA:27,0
DA:35,0
DA:36,0
DA:38,0
DA:42,0
DA:44,0
DA:45,0
DA:53,0
DA:55,0
DA:58,0
DA:60,0
DA:64,0
DA:71,0
DA:73,0
DA:76,0
DA:77,0
DA:78,0
DA:79,0
DA:86,0
DA:97,0
DA:98,0
DA:100,0
DA:103,0
DA:105,0
DA:111,0
DA:119,0
DA:127,0
DA:132,0
DA:152,0
DA:157,0
DA:167,0
DA:173,0
DA:174,0
LF:38
LH:0
BRDA:24,0,0,0
BRDA:24,0,1,0
BRDA:24,1,0,0
BRDA:24,1,1,0
BRDA:36,2,0,0
BRDA:36,2,1,0
BRDA:36,3,0,0
BRDA:36,3,1,0
BRDA:58,4,0,0
BRDA:58,4,1,0
BRDA:58,5,0,0
BRDA:58,5,1,0
BRDA:76,6,0,0
BRDA:76,6,1,0
BRDA:78,7,0,0
BRDA:78,7,1,0
BRDA:78,8,0,0
BRDA:78,8,1,0
BRDA:145,9,0,0
BRDA:145,9,1,0
BRDA:159,10,0,0
BRDA:159,10,1,0
BRDA:160,11,0,0
BRDA:160,11,1,0
BRDA:173,12,0,0
BRDA:173,12,1,0
BRF:26
BRH:0
end_of_record
TN:
SF:src/main.js
FN:21,startServer
FN:182,(anonymous_1)
FN:191,(anonymous_2)
FNF:3
FNH:0
FNDA:0,startServer
FNDA:0,(anonymous_1)
FNDA:0,(anonymous_2)
DA:22,0
DA:24,0
DA:27,0
DA:29,0
DA:31,0
DA:40,0
DA:44,0
DA:47,0
DA:50,0
DA:51,0
DA:52,0
DA:53,0
DA:56,0
DA:66,0
DA:70,0
DA:71,0
DA:72,0
DA:73,0
DA:76,0
DA:82,0
DA:86,0
DA:87,0
DA:88,0
DA:89,0
DA:90,0
DA:94,0
DA:95,0
DA:99,0
DA:106,0
DA:110,0
DA:114,0
DA:115,0
DA:116,0
DA:119,0
DA:122,0
DA:124,0
DA:127,0
DA:131,0
DA:137,0
DA:138,0
DA:141,0
DA:148,0
DA:155,0
DA:157,0
DA:158,0
DA:161,0
DA:167,0
DA:171,0
DA:177,0
DA:182,0
DA:183,0
DA:187,0
DA:191,0
DA:192,0
DA:196,0
DA:200,0
LF:56
LH:0
BRDA:29,0,0,0
BRDA:29,0,1,0
BRDA:35,1,0,0
BRDA:35,1,1,0
BRDA:59,2,0,0
BRDA:59,2,1,0
BRDA:60,3,0,0
BRDA:60,3,1,0
BRDA:89,4,0,0
BRDA:89,4,1,0
BRDA:94,5,0,0
BRDA:94,5,1,0
BRDA:143,6,0,0
BRDA:143,6,1,0
BRDA:193,7,0,0
BRDA:193,7,1,0
BRDA:194,8,0,0
BRDA:194,8,1,0
BRF:18
BRH:0
end_of_record
TN:
SF:src/db/client.js
FN:16,(anonymous_0)
FNF:1
FNH:0
FNDA:0,(anonymous_0)
DA:16,0
DA:17,0
DA:20,0
DA:23,0
DA:24,0
DA:25,0
DA:26,0
DA:30,0
DA:35,0
DA:36,0
DA:37,0
DA:39,0
DA:42,0
DA:44,0
DA:45,0
DA:46,0
DA:48,0
DA:49,0
LF:18
LH:0
BRDA:23,0,0,0
BRDA:23,0,1,0
BRDA:35,1,0,0
BRDA:35,1,1,0
BRF:4
BRH:0
end_of_record
TN:
SF:src/db/queries.js
FN:16,setupGitCommitsTable
FN:53,setupGitCommitFilesTable
FN:95,setupCodeEntitiesTable
FN:215,setupProjectDocumentsTable
FN:322,setupCodeRelationshipsTable
FN:375,setupEntityKeywordsTable
FN:429,setupConversationHistoryTable
FN:468,setupConversationTopicsTable
FN:511,setupBackgroundAiJobsTable
FN:573,setupSystemMetadataTable
FN:612,getLastProcessedCommitOid
FN:644,setLastProcessedCommitOid
FN:675,addGitCommit
FN:724,addGitCommitFile
FN:791,addBackgroundAiJob
FN:841,cancelBackgroundAiJobsForEntity
FN:882,initializeDatabaseSchema
FN:975,addOrUpdateCodeEntity
FN:1079,getCodeEntityById
FN:1111,deleteCodeEntitiesByFilePath
FN:1145,updateCodeEntityAiStatus
FN:1209,getCodeEntitiesByFilePath
FN:1245,addCodeRelationship
FN:1308,deleteCodeRelationshipsBySourceEntityId
FN:1344,deleteCodeRelationshipsByTargetEntityId
FN:1380,deleteCodeRelationshipsByFilePath
FN:1429,addOrUpdateProjectDocument
FN:1507,getProjectDocumentByFilePath
FN:1539,deleteProjectDocumentByFilePath
FN:1573,updateProjectDocumentAiStatus
FN:1643,logConversationMessage
FN:1711,hasInitialScanBeenCompleted
FN:1742,markInitialScanCompleted
FNF:33
FNH:0
FNDA:0,setupGitCommitsTable
FNDA:0,setupGitCommitFilesTable
FNDA:0,setupCodeEntitiesTable
FNDA:0,setupProjectDocumentsTable
FNDA:0,setupCodeRelationshipsTable
FNDA:0,setupEntityKeywordsTable
FNDA:0,setupConversationHistoryTable
FNDA:0,setupConversationTopicsTable
FNDA:0,setupBackgroundAiJobsTable
FNDA:0,setupSystemMetadataTable
FNDA:0,getLastProcessedCommitOid
FNDA:0,setLastProcessedCommitOid
FNDA:0,addGitCommit
FNDA:0,addGitCommitFile
FNDA:0,addBackgroundAiJob
FNDA:0,cancelBackgroundAiJobsForEntity
FNDA:0,initializeDatabaseSchema
FNDA:0,addOrUpdateCodeEntity
FNDA:0,getCodeEntityById
FNDA:0,deleteCodeEntitiesByFilePath
FNDA:0,updateCodeEntityAiStatus
FNDA:0,getCodeEntitiesByFilePath
FNDA:0,addCodeRelationship
FNDA:0,deleteCodeRelationshipsBySourceEntityId
FNDA:0,deleteCodeRelationshipsByTargetEntityId
FNDA:0,deleteCodeRelationshipsByFilePath
FNDA:0,addOrUpdateProjectDocument
FNDA:0,getProjectDocumentByFilePath
FNDA:0,deleteProjectDocumentByFilePath
FNDA:0,updateProjectDocumentAiStatus
FNDA:0,logConversationMessage
FNDA:0,hasInitialScanBeenCompleted
FNDA:0,markInitialScanCompleted
DA:17,0
DA:18,0
DA:21,0
DA:33,0
DA:38,0
DA:40,0
DA:44,0
DA:54,0
DA:55,0
DA:58,0
DA:69,0
DA:75,0
DA:80,0
DA:82,0
DA:86,0
DA:96,0
DA:97,0
DA:100,0
DA:126,0
DA:131,0
DA:136,0
DA:141,0
DA:147,0
DA:159,0
DA:181,0
DA:194,0
DA:200,0
DA:202,0
DA:206,0
DA:216,0
DA:217,0
DA:220,0
DA:238,0
DA:243,0
DA:248,0
DA:254,0
DA:266,0
DA:288,0
DA:301,0
DA:307,0
DA:309,0
DA:313,0
DA:323,0
DA:324,0
DA:327,0
DA:343,0
DA:349,0
DA:355,0
DA:360,0
DA:362,0
DA:366,0
DA:376,0
DA:377,0
DA:380,0
DA:391,0
DA:397,0
DA:403,0
DA:409,0
DA:414,0
DA:416,0
DA:420,0
DA:430,0
DA:431,0
DA:434,0
DA:448,0
DA:453,0
DA:455,0
DA:459,0
DA:469,0
DA:470,0
DA:473,0
DA:491,0
DA:496,0
DA:498,0
DA:502,0
DA:512,0
DA:513,0
DA:516,0
DA:535,0
DA:541,0
DA:547,0
DA:557,0
DA:559,0
DA:563,0
DA:574,0
DA:575,0
DA:578,0
DA:587,0
DA:597,0
DA:599,0
DA:603,0
DA:613,0
DA:614,0
DA:616,0
DA:621,0
DA:622,0
DA:623,0
DA:624,0
DA:627,0
DA:628,0
DA:630,0
DA:634,0
DA:645,0
DA:646,0
DA:648,0
DA:653,0
DA:655,0
DA:660,0
DA:676,0
DA:677,0
DA:681,0
DA:685,0
DA:704,0
DA:706,0
DA:711,0
DA:731,0
DA:732,0
DA:736,0
DA:748,0
DA:749,0
DA:751,0
DA:763,0
DA:767,0
DA:774,0
DA:792,0
DA:793,0
DA:798,0
DA:800,0
DA:823,0
DA:825,0
DA:831,0
DA:845,0
DA:846,0
DA:851,0
DA:860,0
DA:861,0
DA:865,0
DA:867,0
DA:872,0
DA:883,0
DA:884,0
DA:887,0
DA:890,0
DA:891,0
DA:894,0
DA:895,0
DA:898,0
DA:899,0
DA:903,0
DA:904,0
DA:916,0
DA:932,0
DA:933,0
DA:936,0
DA:937,0
DA:941,0
DA:943,0
DA:945,0
DA:949,0
DA:976,0
DA:977,0
DA:982,0
DA:992,0
DA:996,0
DA:997,0
DA:999,0
DA:1059,0
DA:1062,0
DA:1064,0
DA:1069,0
DA:1080,0
DA:1081,0
DA:1083,0
DA:1088,0
DA:1089,0
DA:1090,0
DA:1093,0
DA:1094,0
DA:1096,0
DA:1101,0
DA:1112,0
DA:1113,0
DA:1115,0
DA:1120,0
DA:1121,0
DA:1125,0
DA:1127,0
DA:1132,0
DA:1152,0
DA:1153,0
DA:1159,0
DA:1165,0
DA:1166,0
DA:1169,0
DA:1170,0
DA:1171,0
DA:1175,0
DA:1176,0
DA:1178,0
DA:1183,0
DA:1184,0
DA:1186,0
DA:1191,0
DA:1193,0
DA:1199,0
DA:1210,0
DA:1211,0
DA:1213,0
DA:1218,0
DA:1221,0
DA:1223,0
DA:1228,0
DA:1246,0
DA:1247,0
DA:1252,0
DA:1257,0
DA:1261,0
DA:1263,0
DA:1287,0
DA:1290,0
DA:1292,0
DA:1298,0
DA:1312,0
DA:1313,0
DA:1317,0
DA:1322,0
DA:1323,0
DA:1327,0
DA:1329,0
DA:1334,0
DA:1348,0
DA:1349,0
DA:1353,0
DA:1358,0
DA:1359,0
DA:1363,0
DA:1365,0
DA:1370,0
DA:1381,0
DA:1382,0
DA:1384,0
DA:1397,0
DA:1398,0
DA:1402,0
DA:1404,0
DA:1409,0
DA:1430,0
DA:1431,0
DA:1436,0
DA:1437,0
DA:1441,0
DA:1442,0
DA:1444,0
DA:1486,0
DA:1489,0
DA:1491,0
DA:1497,0
DA:1508,0
DA:1509,0
DA:1511,0
DA:1516,0
DA:1517,0
DA:1518,0
DA:1521,0
DA:1522,0
DA:1524,0
DA:1529,0
DA:1540,0
DA:1541,0
DA:1543,0
DA:1548,0
DA:1549,0
DA:1553,0
DA:1555,0
DA:1560,0
DA:1580,0
DA:1581,0
DA:1587,0
DA:1593,0
DA:1594,0
DA:1597,0
DA:1598,0
DA:1599,0
DA:1603,0
DA:1604,0
DA:1606,0
DA:1611,0
DA:1612,0
DA:1614,0
DA:1619,0
DA:1621,0
DA:1627,0
DA:1644,0
DA:1645,0
DA:1650,0
DA:1655,0
DA:1659,0
DA:1662,0
DA:1667,0
DA:1688,0
DA:1692,0
DA:1697,0
DA:1702,0
DA:1712,0
DA:1713,0
DA:1715,0
DA:1720,0
DA:1721,0
DA:1722,0
DA:1725,0
DA:1726,0
DA:1728,0
DA:1733,0
DA:1743,0
DA:1744,0
DA:1746,0
DA:1751,0
DA:1753,0
DA:1757,0
LF:319
LH:0
BRDA:621,0,0,0
BRDA:621,0,1,0
BRDA:681,1,0,0
BRDA:681,1,1,0
BRDA:729,2,0,0
BRDA:748,3,0,0
BRDA:748,3,1,0
BRDA:748,4,0,0
BRDA:748,4,1,0
BRDA:798,5,0,0
BRDA:798,5,1,0
BRDA:818,6,0,0
BRDA:818,6,1,0
BRDA:819,7,0,0
BRDA:819,7,1,0
BRDA:982,8,0,0
BRDA:982,8,1,0
BRDA:983,9,0,0
BRDA:983,9,1,0
BRDA:983,9,2,0
BRDA:983,9,3,0
BRDA:983,9,4,0
BRDA:983,9,5,0
BRDA:983,9,6,0
BRDA:983,9,7,0
BRDA:996,10,0,0
BRDA:996,10,1,0
BRDA:997,11,0,0
BRDA:997,11,1,0
BRDA:1043,12,0,0
BRDA:1043,12,1,0
BRDA:1048,13,0,0
BRDA:1048,13,1,0
BRDA:1049,14,0,0
BRDA:1049,14,1,0
BRDA:1050,15,0,0
BRDA:1050,15,1,0
BRDA:1052,16,0,0
BRDA:1052,16,1,0
BRDA:1055,17,0,0
BRDA:1055,17,1,0
BRDA:1088,18,0,0
BRDA:1088,18,1,0
BRDA:1149,19,0,0
BRDA:1150,20,0,0
BRDA:1159,21,0,0
BRDA:1159,21,1,0
BRDA:1161,22,0,0
BRDA:1161,22,1,0
BRDA:1169,23,0,0
BRDA:1169,23,1,0
BRDA:1183,24,0,0
BRDA:1183,24,1,0
BRDA:1252,25,0,0
BRDA:1252,25,1,0
BRDA:1253,26,0,0
BRDA:1253,26,1,0
BRDA:1253,26,2,0
BRDA:1261,27,0,0
BRDA:1261,27,1,0
BRDA:1279,28,0,0
BRDA:1279,28,1,0
BRDA:1280,29,0,0
BRDA:1280,29,1,0
BRDA:1283,30,0,0
BRDA:1283,30,1,0
BRDA:1436,31,0,0
BRDA:1436,31,1,0
BRDA:1436,32,0,0
BRDA:1436,32,1,0
BRDA:1436,32,2,0
BRDA:1441,33,0,0
BRDA:1441,33,1,0
BRDA:1442,34,0,0
BRDA:1442,34,1,0
BRDA:1476,35,0,0
BRDA:1476,35,1,0
BRDA:1477,36,0,0
BRDA:1477,36,1,0
BRDA:1478,37,0,0
BRDA:1478,37,1,0
BRDA:1481,38,0,0
BRDA:1481,38,1,0
BRDA:1482,39,0,0
BRDA:1482,39,1,0
BRDA:1516,40,0,0
BRDA:1516,40,1,0
BRDA:1577,41,0,0
BRDA:1578,42,0,0
BRDA:1587,43,0,0
BRDA:1587,43,1,0
BRDA:1589,44,0,0
BRDA:1589,44,1,0
BRDA:1597,45,0,0
BRDA:1597,45,1,0
BRDA:1611,46,0,0
BRDA:1611,46,1,0
BRDA:1650,47,0,0
BRDA:1650,47,1,0
BRDA:1651,48,0,0
BRDA:1651,48,1,0
BRDA:1651,48,2,0
BRDA:1662,49,0,0
BRDA:1662,49,1,0
BRDA:1684,50,0,0
BRDA:1684,50,1,0
BRDA:1720,51,0,0
BRDA:1720,51,1,0
BRDA:1720,52,0,0
BRDA:1720,52,1,0
BRF:110
BRH:0
end_of_record
TN:
SF:src/mcp-handlers/index.js
FNF:0
FNH:0
LF:0
LH:0
BRF:0
BRH:0
end_of_record
TN:
SF:src/mcp-handlers/pingServer.handler.js
FN:14,pingServerHandler
FNF:1
FNH:0
FNDA:0,pingServerHandler
DA:16,0
DA:22,0
LF:2
LH:0
BRF:0
BRH:0
end_of_record
TN:
SF:src/schemas/mcp.schemas.js
FNF:0
FNH:0
DA:18,0
LF:1
LH:0
BRF:0
BRH:0
end_of_record
TN:
SF:src/services/git.service.js
FN:31,(anonymous_0)
FN:49,(anonymous_1)
FN:100,(anonymous_2)
FN:120,(anonymous_3)
FN:138,(anonymous_4)
FN:159,(anonymous_5)
FN:240,(anonymous_6)
FN:305,(anonymous_7)
FN:378,(anonymous_8)
FN:408,(anonymous_9)
FN:460,(anonymous_10)
FN:539,(anonymous_11)
FN:613,(anonymous_12)
FN:677,(anonymous_13)
FN:678,(anonymous_14)
FN:682,(anonymous_15)
FN:684,(anonymous_16)
FN:718,(anonymous_17)
FN:744,(anonymous_18)
FNF:19
FNH:0
FNDA:0,(anonymous_0)
FNDA:0,(anonymous_1)
FNDA:0,(anonymous_2)
FNDA:0,(anonymous_3)
FNDA:0,(anonymous_4)
FNDA:0,(anonymous_5)
FNDA:0,(anonymous_6)
FNDA:0,(anonymous_7)
FNDA:0,(anonymous_8)
FNDA:0,(anonymous_9)
FNDA:0,(anonymous_10)
FNDA:0,(anonymous_11)
FNDA:0,(anonymous_12)
FNDA:0,(anonymous_13)
FNDA:0,(anonymous_14)
FNDA:0,(anonymous_15)
FNDA:0,(anonymous_16)
FNDA:0,(anonymous_17)
FNDA:0,(anonymous_18)
DA:32,0
DA:33,0
DA:34,0
DA:35,0
DA:36,0
DA:37,0
DA:38,0
DA:39,0
DA:42,0
DA:50,0
DA:51,0
DA:54,0
DA:56,0
DA:57,0
DA:61,0
DA:66,0
DA:67,0
DA:72,0
DA:73,0
DA:76,0
DA:78,0
DA:85,0
DA:86,0
DA:88,0
DA:92,0
DA:101,0
DA:102,0
DA:107,0
DA:108,0
DA:109,0
DA:112,0
DA:117,0
DA:120,0
DA:121,0
DA:122,0
DA:124,0
DA:131,0
DA:132,0
DA:139,0
DA:140,0
DA:141,0
DA:144,0
DA:146,0
DA:147,0
DA:148,0
DA:151,0
DA:152,0
DA:160,0
DA:161,0
DA:166,0
DA:167,0
DA:170,0
DA:175,0
DA:176,0
DA:179,0
DA:182,0
DA:185,0
DA:191,0
DA:192,0
DA:195,0
DA:196,0
DA:201,0
DA:202,0
DA:205,0
DA:208,0
DA:211,0
DA:212,0
DA:215,0
DA:219,0
DA:221,0
DA:223,0
DA:224,0
DA:227,0
DA:231,0
DA:241,0
DA:242,0
DA:243,0
DA:246,0
DA:251,0
DA:256,0
DA:258,0
DA:259,0
DA:260,0
DA:263,0
DA:265,0
DA:268,0
DA:269,0
DA:276,0
DA:285,0
DA:287,0
DA:290,0
DA:292,0
DA:296,0
DA:306,0
DA:307,0
DA:309,0
DA:311,0
DA:313,0
DA:314,0
DA:320,0
DA:323,0
DA:327,0
DA:334,0
DA:335,0
DA:336,0
DA:338,0
DA:343,0
DA:345,0
DA:346,0
DA:349,0
DA:351,0
DA:361,0
DA:362,0
DA:364,0
DA:369,0
DA:379,0
DA:380,0
DA:381,0
DA:384,0
DA:387,0
DA:390,0
DA:391,0
DA:394,0
DA:397,0
DA:404,0
DA:409,0
DA:412,0
DA:413,0
DA:418,0
DA:422,0
DA:425,0
DA:430,0
DA:432,0
DA:433,0
DA:439,0
DA:445,0
DA:448,0
DA:449,0
DA:450,0
DA:451,0
DA:453,0
DA:462,0
DA:464,0
DA:465,0
DA:472,0
DA:474,0
DA:475,0
DA:482,0
DA:484,0
DA:485,0
DA:488,0
DA:489,0
DA:497,0
DA:498,0
DA:500,0
DA:501,0
DA:508,0
DA:513,0
DA:519,0
DA:522,0
DA:524,0
DA:528,0
DA:540,0
DA:542,0
DA:545,0
DA:546,0
DA:549,0
DA:550,0
DA:552,0
DA:553,0
DA:557,0
DA:559,0
DA:567,0
DA:568,0
DA:571,0
DA:577,0
DA:578,0
DA:579,0
DA:587,0
DA:588,0
DA:589,0
DA:596,0
DA:597,0
DA:599,0
DA:604,0
DA:614,0
DA:615,0
DA:617,0
DA:618,0
DA:620,0
DA:627,0
DA:630,0
DA:631,0
DA:635,0
DA:636,0
DA:637,0
DA:639,0
DA:648,0
DA:656,0
DA:674,0
DA:676,0
DA:677,0
DA:678,0
DA:681,0
DA:682,0
DA:684,0
DA:687,0
DA:689,0
DA:694,0
DA:703,0
DA:705,0
DA:709,0
DA:719,0
DA:720,0
DA:721,0
DA:724,0
DA:727,0
DA:728,0
DA:729,0
DA:731,0
DA:736,0
DA:745,0
LF:222
LH:0
BRDA:39,0,0,0
BRDA:39,0,1,0
BRDA:56,1,0,0
BRDA:56,1,1,0
BRDA:101,2,0,0
BRDA:101,2,1,0
BRDA:107,3,0,0
BRDA:107,3,1,0
BRDA:139,4,0,0
BRDA:139,4,1,0
BRDA:146,5,0,0
BRDA:146,5,1,0
BRDA:160,6,0,0
BRDA:160,6,1,0
BRDA:175,7,0,0
BRDA:175,7,1,0
BRDA:195,8,0,0
BRDA:195,8,1,0
BRDA:211,9,0,0
BRDA:211,9,1,0
BRDA:242,10,0,0
BRDA:242,10,1,0
BRDA:242,11,0,0
BRDA:242,11,1,0
BRDA:259,12,0,0
BRDA:259,12,1,0
BRDA:259,13,0,0
BRDA:259,13,1,0
BRDA:265,14,0,0
BRDA:265,14,1,0
BRDA:311,15,0,0
BRDA:311,15,1,0
BRDA:335,16,0,0
BRDA:335,16,1,0
BRDA:390,17,0,0
BRDA:390,17,1,0
BRDA:390,18,0,0
BRDA:390,18,1,0
BRDA:412,19,0,0
BRDA:412,19,1,0
BRDA:432,20,0,0
BRDA:432,20,1,0
BRDA:462,21,0,0
BRDA:462,21,1,0
BRDA:462,22,0,0
BRDA:462,22,1,0
BRDA:472,23,0,0
BRDA:472,23,1,0
BRDA:472,24,0,0
BRDA:472,24,1,0
BRDA:482,25,0,0
BRDA:482,25,1,0
BRDA:482,26,0,0
BRDA:482,26,1,0
BRDA:488,27,0,0
BRDA:488,27,1,0
BRDA:500,28,0,0
BRDA:500,28,1,0
BRDA:500,29,0,0
BRDA:500,29,1,0
BRDA:552,30,0,0
BRDA:552,30,1,0
BRDA:557,31,0,0
BRDA:557,31,1,0
BRDA:578,32,0,0
BRDA:578,32,1,0
BRDA:588,33,0,0
BRDA:588,33,1,0
BRDA:630,34,0,0
BRDA:630,34,1,0
BRDA:630,35,0,0
BRDA:630,35,1,0
BRDA:637,36,0,0
BRDA:637,36,1,0
BRDA:662,37,0,0
BRDA:662,37,1,0
BRDA:674,38,0,0
BRDA:674,38,1,0
BRDA:674,39,0,0
BRDA:674,39,1,0
BRDA:720,40,0,0
BRDA:720,40,1,0
BRF:82
BRH:0
end_of_record
TN:
SF:src/services/indexing.service.js
FN:93,(anonymous_0)
FN:111,(anonymous_1)
FN:142,(anonymous_2)
FN:186,(anonymous_3)
FN:201,(anonymous_4)
FN:337,(anonymous_5)
FN:458,(anonymous_6)
FN:577,(anonymous_7)
FN:687,(anonymous_8)
FN:797,(anonymous_9)
FN:1318,(anonymous_10)
FN:1467,(anonymous_11)
FNF:12
FNH:0
FNDA:0,(anonymous_0)
FNDA:0,(anonymous_1)
FNDA:0,(anonymous_2)
FNDA:0,(anonymous_3)
FNDA:0,(anonymous_4)
FNDA:0,(anonymous_5)
FNDA:0,(anonymous_6)
FNDA:0,(anonymous_7)
FNDA:0,(anonymous_8)
FNDA:0,(anonymous_9)
FNDA:0,(anonymous_10)
FNDA:0,(anonymous_11)
DA:19,0
DA:26,0
DA:29,0
DA:44,0
DA:99,0
DA:100,0
DA:101,0
DA:102,0
DA:103,0
DA:104,0
DA:112,0
DA:113,0
DA:114,0
DA:117,0
DA:118,0
DA:122,0
DA:123,0
DA:126,0
DA:127,0
DA:130,0
DA:133,0
DA:143,0
DA:145,0
DA:146,0
DA:149,0
DA:150,0
DA:154,0
DA:155,0
DA:159,0
DA:160,0
DA:161,0
DA:166,0
DA:167,0
DA:171,0
DA:173,0
DA:174,0
DA:178,0
DA:187,0
DA:189,0
DA:190,0
DA:202,0
DA:203,0
DA:204,0
DA:207,0
DA:208,0
DA:209,0
DA:212,0
DA:217,0
DA:225,0
DA:226,0
DA:227,0
DA:228,0
DA:231,0
DA:233,0
DA:234,0
DA:237,0
DA:241,0
DA:244,0
DA:245,0
DA:250,0
DA:257,0
DA:263,0
DA:271,0
DA:272,0
DA:273,0
DA:280,0
DA:281,0
DA:282,0
DA:289,0
DA:290,0
DA:291,0
DA:299,0
DA:300,0
DA:301,0
DA:308,0
DA:312,0
DA:323,0
DA:327,0
DA:338,0
DA:339,0
DA:341,0
DA:343,0
DA:344,0
DA:347,0
DA:348,0
DA:351,0
DA:352,0
DA:357,0
DA:358,0
DA:360,0
DA:362,0
DA:367,0
DA:368,0
DA:369,0
DA:374,0
DA:376,0
DA:380,0
DA:384,0
DA:396,0
DA:398,0
DA:402,0
DA:406,0
DA:417,0
DA:422,0
DA:433,0
DA:437,0
DA:440,0
DA:441,0
DA:444,0
DA:452,0
DA:453,0
DA:454,0
DA:458,0
DA:459,0
DA:463,0
DA:471,0
DA:472,0
DA:473,0
DA:477,0
DA:478,0
DA:480,0
DA:484,0
DA:486,0
DA:498,0
DA:504,0
DA:506,0
DA:510,0
DA:514,0
DA:525,0
DA:527,0
DA:531,0
DA:535,0
DA:548,0
DA:552,0
DA:555,0
DA:557,0
DA:566,0
DA:578,0
DA:579,0
DA:581,0
DA:583,0
DA:584,0
DA:587,0
DA:588,0
DA:589,0
DA:594,0
DA:595,0
DA:596,0
DA:601,0
DA:603,0
DA:607,0
DA:611,0
DA:623,0
DA:625,0
DA:629,0
DA:633,0
DA:644,0
DA:649,0
DA:659,0
DA:662,0
DA:663,0
DA:667,0
DA:668,0
DA:671,0
DA:672,0
DA:675,0
DA:681,0
DA:682,0
DA:683,0
DA:687,0
DA:688,0
DA:692,0
DA:700,0
DA:701,0
DA:702,0
DA:706,0
DA:707,0
DA:709,0
DA:713,0
DA:715,0
DA:727,0
DA:733,0
DA:735,0
DA:739,0
DA:743,0
DA:754,0
DA:756,0
DA:760,0
DA:764,0
DA:774,0
DA:775,0
DA:777,0
DA:785,0
DA:800,0
DA:802,0
DA:803,0
DA:805,0
DA:806,0
DA:813,0
DA:814,0
DA:815,0
DA:816,0
DA:819,0
DA:821,0
DA:824,0
DA:827,0
DA:828,0
DA:833,0
DA:834,0
DA:835,0
DA:836,0
DA:838,0
DA:860,0
DA:863,0
DA:867,0
DA:871,0
DA:882,0
DA:883,0
DA:886,0
DA:887,0
DA:891,0
DA:896,0
DA:899,0
DA:914,0
DA:917,0
DA:921,0
DA:925,0
DA:936,0
DA:937,0
DA:943,0
DA:944,0
DA:947,0
DA:954,0
DA:955,0
DA:956,0
DA:959,0
DA:965,0
DA:966,0
DA:972,0
DA:977,0
DA:980,0
DA:994,0
DA:999,0
DA:1002,0
DA:1003,0
DA:1007,0
DA:1010,0
DA:1015,0
DA:1018,0
DA:1025,0
DA:1028,0
DA:1039,0
DA:1044,0
DA:1049,0
DA:1050,0
DA:1053,0
DA:1054,0
DA:1061,0
DA:1065,0
DA:1075,0
DA:1080,0
DA:1085,0
DA:1086,0
DA:1088,0
DA:1095,0
DA:1096,0
DA:1101,0
DA:1103,0
DA:1109,0
DA:1110,0
DA:1111,0
DA:1116,0
DA:1123,0
DA:1124,0
DA:1130,0
DA:1131,0
DA:1132,0
DA:1134,0
DA:1155,0
DA:1158,0
DA:1162,0
DA:1166,0
DA:1177,0
DA:1186,0
DA:1193,0
DA:1197,0
DA:1203,0
DA:1210,0
DA:1220,0
DA:1221,0
DA:1222,0
DA:1224,0
DA:1245,0
DA:1248,0
DA:1252,0
DA:1256,0
DA:1268,0
DA:1274,0
DA:1278,0
DA:1280,0
DA:1285,0
DA:1288,0
DA:1293,0
DA:1294,0
DA:1297,0
DA:1306,0
DA:1319,0
DA:1320,0
DA:1321,0
DA:1324,0
DA:1329,0
DA:1338,0
DA:1340,0
DA:1341,0
DA:1343,0
DA:1344,0
DA:1347,0
DA:1348,0
DA:1352,0
DA:1353,0
DA:1356,0
DA:1360,0
DA:1363,0
DA:1382,0
DA:1383,0
DA:1388,0
DA:1390,0
DA:1396,0
DA:1397,0
DA:1404,0
DA:1406,0
DA:1416,0
DA:1417,0
DA:1419,0
DA:1422,0
DA:1425,0
DA:1428,0
DA:1437,0
DA:1440,0
DA:1448,0
DA:1452,0
DA:1457,0
DA:1468,0
DA:1469,0
DA:1470,0
DA:1473,0
DA:1478,0
DA:1484,0
DA:1485,0
DA:1487,0
DA:1491,0
DA:1497,0
DA:1505,0
DA:1506,0
DA:1508,0
DA:1511,0
DA:1512,0
DA:1516,0
DA:1517,0
DA:1521,0
DA:1522,0
DA:1525,0
DA:1526,0
DA:1530,0
DA:1531,0
DA:1535,0
DA:1536,0
DA:1540,0
DA:1541,0
DA:1545,0
DA:1546,0
DA:1553,0
DA:1563,0
DA:1564,0
DA:1568,0
DA:1570,0
DA:1580,0
DA:1583,0
DA:1591,0
DA:1595,0
LF:380
LH:0
BRDA:95,0,0,0
BRDA:96,1,0,0
BRDA:97,2,0,0
BRDA:113,3,0,0
BRDA:113,3,1,0
BRDA:117,4,0,0
BRDA:117,4,1,0
BRDA:122,5,0,0
BRDA:122,5,1,0
BRDA:143,6,0,0
BRDA:143,6,1,0
BRDA:149,7,0,0
BRDA:149,7,1,0
BRDA:154,8,0,0
BRDA:154,8,1,0
BRDA:160,9,0,0
BRDA:160,9,1,0
BRDA:166,10,0,0
BRDA:166,10,1,0
BRDA:171,11,0,0
BRDA:171,11,1,0
BRDA:173,12,0,0
BRDA:173,12,1,0
BRDA:187,13,0,0
BRDA:187,13,1,0
BRDA:203,14,0,0
BRDA:203,14,1,0
BRDA:207,15,0,0
BRDA:207,15,1,0
BRDA:207,16,0,0
BRDA:207,16,1,0
BRDA:226,17,0,0
BRDA:226,17,1,0
BRDA:233,18,0,0
BRDA:233,18,1,0
BRDA:233,19,0,0
BRDA:233,19,1,0
BRDA:244,20,0,0
BRDA:244,20,1,0
BRDA:271,21,0,0
BRDA:271,21,1,0
BRDA:280,22,0,0
BRDA:280,22,1,0
BRDA:289,23,0,0
BRDA:289,23,1,0
BRDA:299,24,0,0
BRDA:299,24,1,0
BRDA:325,25,0,0
BRDA:325,25,1,0
BRDA:343,26,0,0
BRDA:343,26,1,0
BRDA:343,27,0,0
BRDA:343,27,1,0
BRDA:351,28,0,0
BRDA:351,28,1,0
BRDA:367,29,0,0
BRDA:367,29,1,0
BRDA:472,30,0,0
BRDA:472,30,1,0
BRDA:484,31,0,0
BRDA:484,31,1,0
BRDA:583,32,0,0
BRDA:583,32,1,0
BRDA:594,33,0,0
BRDA:594,33,1,0
BRDA:667,34,0,0
BRDA:667,34,1,0
BRDA:701,35,0,0
BRDA:701,35,1,0
BRDA:713,36,0,0
BRDA:713,36,1,0
BRDA:800,37,0,0
BRDA:800,37,1,0
BRDA:808,38,0,0
BRDA:808,38,1,0
BRDA:813,39,0,0
BRDA:813,39,1,0
BRDA:827,40,0,0
BRDA:827,40,1,0
BRDA:833,41,0,0
BRDA:833,41,1,0
BRDA:882,42,0,0
BRDA:882,42,1,0
BRDA:896,43,0,0
BRDA:896,43,1,0
BRDA:936,44,0,0
BRDA:936,44,1,0
BRDA:954,45,0,0
BRDA:954,45,1,0
BRDA:965,46,0,0
BRDA:965,46,1,0
BRDA:965,47,0,0
BRDA:965,47,1,0
BRDA:977,48,0,0
BRDA:977,48,1,0
BRDA:1007,49,0,0
BRDA:1007,49,1,0
BRDA:1015,50,0,0
BRDA:1015,50,1,0
BRDA:1025,51,0,0
BRDA:1025,51,1,0
BRDA:1049,52,0,0
BRDA:1049,52,1,0
BRDA:1101,53,0,0
BRDA:1101,53,1,0
BRDA:1101,54,0,0
BRDA:1101,54,1,0
BRDA:1103,55,0,0
BRDA:1103,55,1,0
BRDA:1109,56,0,0
BRDA:1109,56,1,0
BRDA:1123,57,0,0
BRDA:1123,57,1,0
BRDA:1123,58,0,0
BRDA:1123,58,1,0
BRDA:1179,59,0,0
BRDA:1179,59,1,0
BRDA:1181,60,0,0
BRDA:1181,60,1,0
BRDA:1193,61,0,0
BRDA:1193,61,1,0
BRDA:1194,62,0,0
BRDA:1194,62,1,0
BRDA:1278,63,0,0
BRDA:1278,63,1,0
BRDA:1319,64,0,0
BRDA:1319,64,1,0
BRDA:1319,65,0,0
BRDA:1319,65,1,0
BRDA:1347,66,0,0
BRDA:1347,66,1,0
BRDA:1358,67,0,0
BRDA:1358,67,1,0
BRDA:1378,68,0,0
BRDA:1378,68,1,0
BRDA:1388,69,0,0
BRDA:1388,69,1,0
BRDA:1388,70,0,0
BRDA:1388,70,1,0
BRDA:1392,71,0,0
BRDA:1392,71,1,0
BRDA:1416,72,0,0
BRDA:1416,72,1,0
BRDA:1468,73,0,0
BRDA:1468,73,1,0
BRDA:1468,74,0,0
BRDA:1468,74,1,0
BRDA:1493,75,0,0
BRDA:1493,75,1,0
BRDA:1512,76,0,0
BRDA:1512,76,1,0
BRDA:1513,77,0,0
BRDA:1513,77,1,0
BRDA:1517,78,0,0
BRDA:1517,78,1,0
BRDA:1518,79,0,0
BRDA:1518,79,1,0
BRDA:1525,80,0,0
BRDA:1525,80,1,0
BRDA:1536,81,0,0
BRDA:1536,81,1,0
BRDA:1537,82,0,0
BRDA:1537,82,1,0
BRDA:1541,83,0,0
BRDA:1541,83,1,0
BRDA:1542,84,0,0
BRDA:1542,84,1,0
BRDA:1559,85,0,0
BRDA:1559,85,1,0
BRF:169
BRH:0
end_of_record
TN:
SF:src/services/initialScan.service.js
FN:24,(anonymous_0)
FN:58,(anonymous_1)
FN:91,(anonymous_2)
FN:93,(anonymous_3)
FN:94,(anonymous_4)
FN:141,(anonymous_5)
FN:154,(anonymous_6)
FN:156,(anonymous_7)
FN:162,(anonymous_8)
FN:167,(anonymous_9)
FN:228,(anonymous_10)
FN:264,(anonymous_11)
FN:284,(anonymous_12)
FN:295,(anonymous_13)
FN:345,(anonymous_14)
FN:368,(anonymous_15)
FN:407,(anonymous_16)
FN:412,(anonymous_17)
FN:453,(anonymous_18)
FN:462,(anonymous_19)
FN:471,(anonymous_20)
FNF:21
FNH:0
FNDA:0,(anonymous_0)
FNDA:0,(anonymous_1)
FNDA:0,(anonymous_2)
FNDA:0,(anonymous_3)
FNDA:0,(anonymous_4)
FNDA:0,(anonymous_5)
FNDA:0,(anonymous_6)
FNDA:0,(anonymous_7)
FNDA:0,(anonymous_8)
FNDA:0,(anonymous_9)
FNDA:0,(anonymous_10)
FNDA:0,(anonymous_11)
FNDA:0,(anonymous_12)
FNDA:0,(anonymous_13)
FNDA:0,(anonymous_14)
FNDA:0,(anonymous_15)
FNDA:0,(anonymous_16)
FNDA:0,(anonymous_17)
FNDA:0,(anonymous_18)
FNDA:0,(anonymous_19)
FNDA:0,(anonymous_20)
DA:25,0
DA:26,0
DA:27,0
DA:28,0
DA:31,0
DA:48,0
DA:59,0
DA:61,0
DA:63,0
DA:65,0
DA:66,0
DA:67,0
DA:71,0
DA:72,0
DA:73,0
DA:77,0
DA:78,0
DA:81,0
DA:82,0
DA:87,0
DA:90,0
DA:91,0
DA:93,0
DA:94,0
DA:101,0
DA:106,0
DA:108,0
DA:115,0
DA:123,0
DA:128,0
DA:142,0
DA:147,0
DA:149,0
DA:150,0
DA:153,0
DA:154,0
DA:155,0
DA:156,0
DA:157,0
DA:162,0
DA:163,0
DA:167,0
DA:168,0
DA:172,0
DA:173,0
DA:174,0
DA:176,0
DA:177,0
DA:180,0
DA:181,0
DA:182,0
DA:186,0
DA:189,0
DA:190,0
DA:191,0
DA:194,0
DA:195,0
DA:198,0
DA:199,0
DA:203,0
DA:204,0
DA:207,0
DA:210,0
DA:213,0
DA:220,0
DA:229,0
DA:231,0
DA:232,0
DA:237,0
DA:238,0
DA:239,0
DA:246,0
DA:247,0
DA:249,0
DA:255,0
DA:265,0
DA:266,0
DA:267,0
DA:268,0
DA:270,0
DA:274,0
DA:285,0
DA:286,0
DA:288,0
DA:291,0
DA:296,0
DA:298,0
DA:299,0
DA:302,0
DA:303,0
DA:306,0
DA:307,0
DA:313,0
DA:319,0
DA:323,0
DA:326,0
DA:328,0
DA:334,0
DA:335,0
DA:346,0
DA:348,0
DA:350,0
DA:357,0
DA:369,0
DA:370,0
DA:372,0
DA:373,0
DA:376,0
DA:377,0
DA:380,0
DA:382,0
DA:385,0
DA:386,0
DA:391,0
DA:393,0
DA:397,0
DA:408,0
DA:409,0
DA:412,0
DA:413,0
DA:418,0
DA:419,0
DA:420,0
DA:421,0
DA:422,0
DA:423,0
DA:424,0
DA:427,0
DA:430,0
DA:442,0
DA:444,0
DA:454,0
DA:462,0
DA:472,0
DA:476,0
DA:482,0
DA:483,0
DA:485,0
DA:486,0
DA:489,0
DA:497,0
DA:498,0
DA:500,0
DA:507,0
DA:509,0
DA:512,0
DA:513,0
DA:523,0
DA:530,0
DA:535,0
DA:538,0
LF:151
LH:0
BRDA:65,0,0,0
BRDA:65,0,1,0
BRDA:72,1,0,0
BRDA:72,1,1,0
BRDA:147,2,0,0
BRDA:147,2,1,0
BRDA:149,3,0,0
BRDA:149,3,1,0
BRDA:150,4,0,0
BRDA:150,4,1,0
BRDA:155,5,0,0
BRDA:155,5,1,0
BRDA:163,6,0,0
BRDA:163,6,1,0
BRDA:168,7,0,0
BRDA:168,7,1,0
BRDA:180,8,0,0
BRDA:180,8,1,0
BRDA:189,9,0,0
BRDA:189,9,1,0
BRDA:194,10,0,0
BRDA:194,10,1,0
BRDA:198,11,0,0
BRDA:198,11,1,0
BRDA:237,12,0,0
BRDA:237,12,1,0
BRDA:296,13,0,0
BRDA:296,13,1,0
BRDA:296,14,0,0
BRDA:296,14,1,0
BRDA:299,15,0,0
BRDA:299,15,1,0
BRDA:306,16,0,0
BRDA:306,16,1,0
BRDA:368,17,0,0
BRDA:376,18,0,0
BRDA:376,18,1,0
BRDA:376,19,0,0
BRDA:376,19,1,0
BRDA:380,20,0,0
BRDA:380,20,1,0
BRDA:385,21,0,0
BRDA:385,21,1,0
BRDA:408,22,0,0
BRDA:408,22,1,0
BRDA:412,23,0,0
BRDA:412,23,1,0
BRDA:419,24,0,0
BRDA:419,24,1,0
BRDA:419,25,0,0
BRDA:419,25,1,0
BRDA:421,26,0,0
BRDA:421,26,1,0
BRDA:421,27,0,0
BRDA:421,27,1,0
BRDA:423,28,0,0
BRDA:423,28,1,0
BRDA:423,29,0,0
BRDA:423,29,1,0
BRDA:427,30,0,0
BRDA:427,30,1,0
BRDA:442,31,0,0
BRDA:442,31,1,0
BRDA:512,32,0,0
BRDA:512,32,1,0
BRF:65
BRH:0
end_of_record
TN:
SF:src/services/job.service.js
FN:15,(anonymous_0)
FN:24,(anonymous_1)
FN:48,(anonymous_2)
FNF:3
FNH:0
FNDA:0,(anonymous_0)
FNDA:0,(anonymous_1)
FNDA:0,(anonymous_2)
DA:16,0
DA:17,0
DA:25,0
DA:26,0
DA:27,0
DA:28,0
DA:29,0
DA:31,0
DA:35,0
DA:49,0
DA:50,0
DA:53,0
DA:54,0
DA:59,0
DA:62,0
DA:75,0
DA:89,0
DA:90,0
DA:92,0
DA:96,0
LF:20
LH:0
BRDA:49,0,0,0
BRDA:49,0,1,0
BRDA:68,1,0,0
BRDA:68,1,1,0
BRF:4
BRH:0
end_of_record
TN:
SF:src/services/parser.service.js
FN:19,(anonymous_0)
FN:29,(anonymous_1)
FN:56,(anonymous_2)
FN:125,(anonymous_3)
FN:155,(anonymous_4)
FNF:5
FNH:0
FNDA:0,(anonymous_0)
FNDA:0,(anonymous_1)
FNDA:0,(anonymous_2)
FNDA:0,(anonymous_3)
FNDA:0,(anonymous_4)
DA:20,0
DA:21,0
DA:32,0
DA:33,0
DA:38,0
DA:39,0
DA:40,0
DA:42,0
DA:45,0
DA:57,0
DA:58,0
DA:59,0
DA:66,0
DA:67,0
DA:70,0
DA:71,0
DA:72,0
DA:73,0
DA:81,0
DA:82,0
DA:86,0
DA:89,0
DA:90,0
DA:93,0
DA:94,0
DA:96,0
DA:97,0
DA:99,0
DA:100,0
DA:107,0
DA:110,0
DA:112,0
DA:115,0
DA:126,0
DA:127,0
DA:130,0
DA:133,0
DA:138,0
DA:144,0
DA:156,0
LF:40
LH:0
BRDA:30,0,0,0
BRDA:57,1,0,0
BRDA:57,1,1,0
BRDA:71,2,0,0
BRDA:71,2,1,0
BRDA:86,3,0,0
BRDA:86,3,1,0
BRDA:86,3,2,0
BRDA:86,3,3,0
BRDA:86,3,4,0
BRDA:86,3,5,0
BRDA:135,4,0,0
BRDA:135,4,1,0
BRF:13
BRH:0
end_of_record
TN:
SF:src/services/parsing/javascript.parser.js
FN:14,parseJavaScript
FN:30,createEntity
FN:89,createRelationship
FN:114,findEntityByName
FN:128,processFunctionCalls
FN:192,processClassInheritance
FN:229,processInterfaceImplementation
FN:265,processVariableReferences
FN:309,processImportExportRelationships
FN:348,processFunctionDeclaration
FN:403,processFunctionExpression
FN:502,processClassDeclaration
FN:544,processMethodDefinition
FN:605,processVariableDeclaration
FN:671,processInterfaceDeclaration
FN:724,processTypeAliasDeclaration
FN:748,processEnumDeclaration
FN:772,processImportStatement
FN:832,processExportStatement
FN:910,processJsxElement
FN:963,processComment
FN:997,traverseNode
FN:1072,nodeToObject
FNF:23
FNH:0
FNDA:0,parseJavaScript
FNDA:0,createEntity
FNDA:0,createRelationship
FNDA:0,findEntityByName
FNDA:0,processFunctionCalls
FNDA:0,processClassInheritance
FNDA:0,processInterfaceImplementation
FNDA:0,processVariableReferences
FNDA:0,processImportExportRelationships
FNDA:0,processFunctionDeclaration
FNDA:0,processFunctionExpression
FNDA:0,processClassDeclaration
FNDA:0,processMethodDefinition
FNDA:0,processVariableDeclaration
FNDA:0,processInterfaceDeclaration
FNDA:0,processTypeAliasDeclaration
FNDA:0,processEnumDeclaration
FNDA:0,processImportStatement
FNDA:0,processExportStatement
FNDA:0,processJsxElement
FNDA:0,processComment
FNDA:0,traverseNode
FNDA:0,nodeToObject
DA:16,0
DA:17,0
DA:20,0
DA:32,0
DA:33,0
DA:34,0
DA:37,0
DA:38,0
DA:39,0
DA:40,0
DA:45,0
DA:53,0
DA:68,0
DA:69,0
DA:77,0
DA:96,0
DA:104,0
DA:105,0
DA:115,0
DA:116,0
DA:117,0
DA:120,0
DA:129,0
DA:132,0
DA:133,0
DA:134,0
DA:137,0
DA:138,0
DA:139,0
DA:141,0
DA:142,0
DA:144,0
DA:145,0
DA:146,0
DA:147,0
DA:150,0
DA:151,0
DA:152,0
DA:154,0
DA:159,0
DA:161,0
DA:163,0
DA:181,0
DA:182,0
DA:183,0
DA:194,0
DA:195,0
DA:196,0
DA:197,0
DA:198,0
DA:199,0
DA:203,0
DA:206,0
DA:211,0
DA:217,0
DA:231,0
DA:232,0
DA:233,0
DA:234,0
DA:235,0
DA:236,0
DA:240,0
DA:243,0
DA:248,0
DA:266,0
DA:269,0
DA:279,0
DA:282,0
DA:284,0
DA:299,0
DA:300,0
DA:301,0
DA:310,0
DA:311,0
DA:312,0
DA:315,0
DA:316,0
DA:324,0
DA:325,0
DA:326,0
DA:329,0
DA:331,0
DA:333,0
DA:350,0
DA:352,0
DA:353,0
DA:354,0
DA:355,0
DA:356,0
DA:360,0
DA:361,0
DA:362,0
DA:369,0
DA:375,0
DA:378,0
DA:379,0
DA:382,0
DA:383,0
DA:384,0
DA:385,0
DA:388,0
DA:389,0
DA:394,0
DA:404,0
DA:405,0
DA:411,0
DA:412,0
DA:416,0
DA:417,0
DA:418,0
DA:419,0
DA:420,0
DA:421,0
DA:427,0
DA:428,0
DA:429,0
DA:430,0
DA:431,0
DA:432,0
DA:438,0
DA:445,0
DA:446,0
DA:447,0
DA:448,0
DA:449,0
DA:450,0
DA:456,0
DA:460,0
DA:461,0
DA:464,0
DA:465,0
DA:468,0
DA:469,0
DA:470,0
DA:471,0
DA:472,0
DA:473,0
DA:478,0
DA:479,0
DA:480,0
DA:481,0
DA:482,0
DA:483,0
DA:489,0
DA:490,0
DA:491,0
DA:495,0
DA:504,0
DA:506,0
DA:507,0
DA:508,0
DA:509,0
DA:510,0
DA:514,0
DA:515,0
DA:516,0
DA:517,0
DA:520,0
DA:521,0
DA:524,0
DA:525,0
DA:528,0
DA:529,0
DA:530,0
DA:531,0
DA:536,0
DA:546,0
DA:548,0
DA:549,0
DA:550,0
DA:554,0
DA:555,0
DA:559,0
DA:560,0
DA:561,0
DA:568,0
DA:574,0
DA:577,0
DA:578,0
DA:581,0
DA:582,0
DA:583,0
DA:584,0
DA:585,0
DA:586,0
DA:591,0
DA:592,0
DA:593,0
DA:597,0
DA:606,0
DA:608,0
DA:609,0
DA:610,0
DA:612,0
DA:613,0
DA:614,0
DA:615,0
DA:616,0
DA:617,0
DA:621,0
DA:622,0
DA:625,0
DA:626,0
DA:627,0
DA:628,0
DA:629,0
DA:630,0
DA:631,0
DA:636,0
DA:641,0
DA:642,0
DA:648,0
DA:651,0
DA:652,0
DA:653,0
DA:655,0
DA:656,0
DA:658,0
DA:673,0
DA:675,0
DA:676,0
DA:677,0
DA:678,0
DA:679,0
DA:683,0
DA:684,0
DA:685,0
DA:686,0
DA:687,0
DA:690,0
DA:691,0
DA:692,0
DA:693,0
DA:694,0
DA:695,0
DA:699,0
DA:702,0
DA:707,0
DA:726,0
DA:728,0
DA:729,0
DA:730,0
DA:731,0
DA:732,0
DA:736,0
DA:737,0
DA:738,0
DA:739,0
DA:740,0
DA:750,0
DA:752,0
DA:753,0
DA:754,0
DA:755,0
DA:756,0
DA:760,0
DA:761,0
DA:762,0
DA:763,0
DA:764,0
DA:774,0
DA:775,0
DA:777,0
DA:778,0
DA:780,0
DA:782,0
DA:783,0
DA:784,0
DA:785,0
DA:786,0
DA:789,0
DA:791,0
DA:792,0
DA:794,0
DA:795,0
DA:796,0
DA:797,0
DA:798,0
DA:801,0
DA:803,0
DA:808,0
DA:809,0
DA:810,0
DA:815,0
DA:821,0
DA:824,0
DA:833,0
DA:834,0
DA:839,0
DA:840,0
DA:841,0
DA:842,0
DA:843,0
DA:849,0
DA:850,0
DA:851,0
DA:853,0
DA:854,0
DA:855,0
DA:857,0
DA:858,0
DA:859,0
DA:860,0
DA:861,0
DA:864,0
DA:866,0
DA:867,0
DA:868,0
DA:869,0
DA:870,0
DA:871,0
DA:872,0
DA:873,0
DA:878,0
DA:884,0
DA:888,0
DA:889,0
DA:890,0
DA:894,0
DA:900,0
DA:903,0
DA:912,0
DA:914,0
DA:915,0
DA:917,0
DA:918,0
DA:919,0
DA:920,0
DA:925,0
DA:926,0
DA:929,0
DA:935,0
DA:936,0
DA:940,0
DA:941,0
DA:945,0
DA:947,0
DA:949,0
DA:965,0
DA:968,0
DA:969,0
DA:972,0
DA:973,0
DA:977,0
DA:978,0
DA:979,0
DA:986,0
DA:988,0
DA:989,0
DA:998,0
DA:1000,0
DA:1001,0
DA:1005,0
DA:1006,0
DA:1009,0
DA:1010,0
DA:1013,0
DA:1014,0
DA:1018,0
DA:1019,0
DA:1022,0
DA:1023,0
DA:1026,0
DA:1027,0
DA:1030,0
DA:1031,0
DA:1034,0
DA:1035,0
DA:1038,0
DA:1039,0
DA:1043,0
DA:1044,0
DA:1047,0
DA:1048,0
DA:1052,0
DA:1053,0
DA:1055,0
DA:1060,0
DA:1063,0
DA:1073,0
DA:1075,0
DA:1092,0
DA:1093,0
DA:1096,0
LF:384
LH:0
BRDA:30,0,0,0
BRDA:45,1,0,0
BRDA:45,1,1,0
BRDA:45,2,0,0
BRDA:45,2,1,0
BRDA:45,2,2,0
BRDA:63,3,0,0
BRDA:63,3,1,0
BRDA:68,4,0,0
BRDA:68,4,1,0
BRDA:94,5,0,0
BRDA:114,6,0,0
BRDA:116,7,0,0
BRDA:116,7,1,0
BRDA:116,8,0,0
BRDA:116,8,1,0
BRDA:116,8,2,0
BRDA:129,9,0,0
BRDA:129,9,1,0
BRDA:129,10,0,0
BRDA:129,10,1,0
BRDA:132,11,0,0
BRDA:132,11,1,0
BRDA:138,12,0,0
BRDA:138,12,1,0
BRDA:139,13,0,0
BRDA:139,13,1,0
BRDA:142,14,0,0
BRDA:142,14,1,0
BRDA:146,15,0,0
BRDA:146,15,1,0
BRDA:151,16,0,0
BRDA:151,16,1,0
BRDA:151,17,0,0
BRDA:151,17,1,0
BRDA:159,18,0,0
BRDA:159,18,1,0
BRDA:165,19,0,0
BRDA:165,19,1,0
BRDA:196,20,0,0
BRDA:196,20,1,0
BRDA:199,21,0,0
BRDA:199,21,1,0
BRDA:200,22,0,0
BRDA:200,22,1,0
BRDA:213,23,0,0
BRDA:213,23,1,0
BRDA:233,24,0,0
BRDA:233,24,1,0
BRDA:236,25,0,0
BRDA:236,25,1,0
BRDA:237,26,0,0
BRDA:237,26,1,0
BRDA:250,27,0,0
BRDA:250,27,1,0
BRDA:266,28,0,0
BRDA:266,28,1,0
BRDA:266,29,0,0
BRDA:266,29,1,0
BRDA:269,30,0,0
BRDA:269,30,1,0
BRDA:270,31,0,0
BRDA:270,31,1,0
BRDA:270,31,2,0
BRDA:286,32,0,0
BRDA:286,32,1,0
BRDA:310,33,0,0
BRDA:310,33,1,0
BRDA:312,34,0,0
BRDA:312,34,1,0
BRDA:324,35,0,0
BRDA:324,35,1,0
BRDA:325,36,0,0
BRDA:325,36,1,0
BRDA:335,37,0,0
BRDA:335,37,1,0
BRDA:354,38,0,0
BRDA:354,38,1,0
BRDA:360,39,0,0
BRDA:360,39,1,0
BRDA:364,40,0,0
BRDA:364,40,1,0
BRDA:364,40,2,0
BRDA:384,41,0,0
BRDA:384,41,1,0
BRDA:411,42,0,0
BRDA:411,42,1,0
BRDA:411,43,0,0
BRDA:411,43,1,0
BRDA:416,44,0,0
BRDA:416,44,1,0
BRDA:416,45,0,0
BRDA:416,45,1,0
BRDA:419,46,0,0
BRDA:419,46,1,0
BRDA:427,47,0,0
BRDA:427,47,1,0
BRDA:427,48,0,0
BRDA:427,48,1,0
BRDA:430,49,0,0
BRDA:430,49,1,0
BRDA:438,50,0,0
BRDA:438,50,1,0
BRDA:439,51,0,0
BRDA:439,51,1,0
BRDA:439,51,2,0
BRDA:439,51,3,0
BRDA:439,51,4,0
BRDA:448,52,0,0
BRDA:448,52,1,0
BRDA:456,53,0,0
BRDA:456,53,1,0
BRDA:471,54,0,0
BRDA:471,54,1,0
BRDA:478,55,0,0
BRDA:478,55,1,0
BRDA:478,56,0,0
BRDA:478,56,1,0
BRDA:481,57,0,0
BRDA:481,57,1,0
BRDA:489,58,0,0
BRDA:489,58,1,0
BRDA:508,59,0,0
BRDA:508,59,1,0
BRDA:514,60,0,0
BRDA:514,60,1,0
BRDA:530,61,0,0
BRDA:530,61,1,0
BRDA:550,62,0,0
BRDA:550,62,1,0
BRDA:551,63,0,0
BRDA:551,63,1,0
BRDA:559,64,0,0
BRDA:559,64,1,0
BRDA:562,65,0,0
BRDA:562,65,1,0
BRDA:563,66,0,0
BRDA:563,66,1,0
BRDA:564,67,0,0
BRDA:564,67,1,0
BRDA:565,68,0,0
BRDA:565,68,1,0
BRDA:584,69,0,0
BRDA:584,69,1,0
BRDA:591,70,0,0
BRDA:591,70,1,0
BRDA:606,71,0,0
BRDA:606,71,1,0
BRDA:610,72,0,0
BRDA:610,72,1,0
BRDA:615,73,0,0
BRDA:615,73,1,0
BRDA:621,74,0,0
BRDA:621,74,1,0
BRDA:628,75,0,0
BRDA:628,75,1,0
BRDA:628,76,0,0
BRDA:628,76,1,0
BRDA:636,77,0,0
BRDA:636,77,1,0
BRDA:637,78,0,0
BRDA:637,78,1,0
BRDA:637,78,2,0
BRDA:653,79,0,0
BRDA:653,79,1,0
BRDA:655,80,0,0
BRDA:655,80,1,0
BRDA:677,81,0,0
BRDA:677,81,1,0
BRDA:683,82,0,0
BRDA:683,82,1,0
BRDA:692,83,0,0
BRDA:692,83,1,0
BRDA:695,84,0,0
BRDA:695,84,1,0
BRDA:696,85,0,0
BRDA:696,85,1,0
BRDA:709,86,0,0
BRDA:709,86,1,0
BRDA:730,87,0,0
BRDA:730,87,1,0
BRDA:736,88,0,0
BRDA:736,88,1,0
BRDA:754,89,0,0
BRDA:754,89,1,0
BRDA:760,90,0,0
BRDA:760,90,1,0
BRDA:780,91,0,0
BRDA:780,91,1,0
BRDA:784,92,0,0
BRDA:784,92,1,0
BRDA:789,93,0,0
BRDA:789,93,1,0
BRDA:792,94,0,0
BRDA:792,94,1,0
BRDA:796,95,0,0
BRDA:796,95,1,0
BRDA:801,96,0,0
BRDA:801,96,1,0
BRDA:808,97,0,0
BRDA:808,97,1,0
BRDA:808,98,0,0
BRDA:808,98,1,0
BRDA:839,99,0,0
BRDA:839,99,1,0
BRDA:841,100,0,0
BRDA:841,100,1,0
BRDA:853,101,0,0
BRDA:853,101,1,0
BRDA:855,102,0,0
BRDA:855,102,1,0
BRDA:859,103,0,0
BRDA:859,103,1,0
BRDA:864,104,0,0
BRDA:864,104,1,0
BRDA:868,105,0,0
BRDA:868,105,1,0
BRDA:871,106,0,0
BRDA:871,106,1,0
BRDA:878,107,0,0
BRDA:878,107,1,0
BRDA:879,108,0,0
BRDA:879,108,1,0
BRDA:879,108,2,0
BRDA:888,109,0,0
BRDA:888,109,1,0
BRDA:917,110,0,0
BRDA:917,110,1,0
BRDA:920,111,0,0
BRDA:920,111,1,0
BRDA:921,112,0,0
BRDA:921,112,1,0
BRDA:921,112,2,0
BRDA:935,113,0,0
BRDA:935,113,1,0
BRDA:945,114,0,0
BRDA:945,114,1,0
BRDA:951,115,0,0
BRDA:951,115,1,0
BRDA:968,116,0,0
BRDA:968,116,1,0
BRDA:968,117,0,0
BRDA:968,117,1,0
BRDA:972,118,0,0
BRDA:972,118,1,0
BRDA:972,119,0,0
BRDA:972,119,1,0
BRDA:978,120,0,0
BRDA:978,120,1,0
BRDA:980,121,0,0
BRDA:980,121,1,0
BRDA:981,122,0,0
BRDA:981,122,1,0
BRDA:986,123,0,0
BRDA:986,123,1,0
BRDA:998,124,0,0
BRDA:998,124,1,0
BRDA:998,124,2,0
BRDA:998,124,3,0
BRDA:998,124,4,0
BRDA:998,124,5,0
BRDA:998,124,6,0
BRDA:998,124,7,0
BRDA:998,124,8,0
BRDA:998,124,9,0
BRDA:998,124,10,0
BRDA:998,124,11,0
BRDA:998,124,12,0
BRDA:998,124,13,0
BRDA:998,124,14,0
BRDA:998,124,15,0
BRDA:1073,125,0,0
BRDA:1073,125,1,0
BRF:273
BRH:0
end_of_record
TN:
SF:src/services/parsing/javascriptParser.test.js
FN:16,testJavaScriptParser
FN:118,(anonymous_1)
FN:146,(anonymous_2)
FN:164,(anonymous_3)
FN:238,(anonymous_4)
FN:263,(anonymous_5)
FN:281,(anonymous_6)
FN:295,(anonymous_7)
FN:299,(anonymous_8)
FN:317,(anonymous_9)
FNF:10
FNH:0
FNDA:0,testJavaScriptParser
FNDA:0,(anonymous_1)
FNDA:0,(anonymous_2)
FNDA:0,(anonymous_3)
FNDA:0,(anonymous_4)
FNDA:0,(anonymous_5)
FNDA:0,(anonymous_6)
FNDA:0,(anonymous_7)
FNDA:0,(anonymous_8)
FNDA:0,(anonymous_9)
DA:17,0
DA:19,0
DA:22,0
DA:25,0
DA:26,0
DA:29,0
DA:103,0
DA:104,0
DA:105,0
DA:107,0
DA:110,0
DA:116,0
DA:118,0
DA:119,0
DA:120,0
DA:121,0
DA:122,0
DA:123,0
DA:124,0
DA:127,0
DA:128,0
DA:132,0
DA:135,0
DA:140,0
DA:144,0
DA:146,0
DA:147,0
DA:148,0
DA:149,0
DA:150,0
DA:153,0
DA:156,0
DA:157,0
DA:160,0
DA:164,0
DA:165,0
DA:166,0
DA:169,0
DA:170,0
DA:171,0
DA:176,0
DA:225,0
DA:226,0
DA:227,0
DA:229,0
DA:233,0
DA:236,0
DA:238,0
DA:239,0
DA:240,0
DA:241,0
DA:242,0
DA:243,0
DA:244,0
DA:247,0
DA:250,0
DA:255,0
DA:259,0
DA:263,0
DA:264,0
DA:265,0
DA:266,0
DA:267,0
DA:270,0
DA:273,0
DA:274,0
DA:277,0
DA:281,0
DA:282,0
DA:283,0
DA:286,0
DA:287,0
DA:288,0
DA:292,0
DA:293,0
DA:296,0
DA:300,0
DA:303,0
DA:308,0
DA:310,0
DA:317,0
DA:318,0
DA:321,0
LF:83
LH:0
BRDA:103,0,0,0
BRDA:103,0,1,0
BRDA:127,1,0,0
BRDA:127,1,1,0
BRDA:137,2,0,0
BRDA:137,2,1,0
BRDA:151,3,0,0
BRDA:151,3,1,0
BRDA:156,4,0,0
BRDA:156,4,1,0
BRDA:165,5,0,0
BRDA:165,5,1,0
BRDA:225,6,0,0
BRDA:225,6,1,0
BRDA:252,7,0,0
BRDA:252,7,1,0
BRDA:268,8,0,0
BRDA:268,8,1,0
BRDA:273,9,0,0
BRDA:273,9,1,0
BRDA:282,10,0,0
BRDA:282,10,1,0
BRDA:296,11,0,0
BRDA:296,11,1,0
BRF:24
BRH:0
end_of_record
TN:
SF:src/services/parsing/markdown.parser.js
FN:17,parseMarkdownContent
FNF:1
FNH:0
FNDA:0,parseMarkdownContent
DA:18,0
DA:19,0
DA:22,0
DA:25,0
DA:27,0
DA:33,0
DA:36,0
LF:7
LH:0
BRDA:18,0,0,0
BRDA:18,0,1,0
BRF:2
BRH:0
end_of_record
TN:
SF:src/services/parsing/python.parser.js
FN:14,parsePython
FN:30,createEntity
FN:83,createRelationship
FN:108,findEntityByName
FN:110,(anonymous_4)
FN:118,processFunctionDefinition
FN:179,processClassDefinition
FN:246,processAssignment
FN:294,processImport
FN:361,processComment
FN:392,processFunctionCalls
FN:461,processClassInheritance
FN:494,processVariableReferences
FN:541,processImportRelationships
FN:574,traverseNode
FN:619,nodeToObject
FNF:16
FNH:0
FNDA:0,parsePython
FNDA:0,createEntity
FNDA:0,createRelationship
FNDA:0,findEntityByName
FNDA:0,(anonymous_4)
FNDA:0,processFunctionDefinition
FNDA:0,processClassDefinition
FNDA:0,processAssignment
FNDA:0,processImport
FNDA:0,processComment
FNDA:0,processFunctionCalls
FNDA:0,processClassInheritance
FNDA:0,processVariableReferences
FNDA:0,processImportRelationships
FNDA:0,traverseNode
FNDA:0,nodeToObject
DA:16,0
DA:17,0
DA:20,0
DA:32,0
DA:33,0
DA:34,0
DA:37,0
DA:38,0
DA:39,0
DA:40,0
DA:43,0
DA:46,0
DA:62,0
DA:63,0
DA:71,0
DA:90,0
DA:98,0
DA:99,0
DA:109,0
DA:110,0
DA:120,0
DA:121,0
DA:124,0
DA:125,0
DA:129,0
DA:130,0
DA:131,0
DA:132,0
DA:133,0
DA:137,0
DA:138,0
DA:139,0
DA:146,0
DA:152,0
DA:155,0
DA:156,0
DA:159,0
DA:160,0
DA:161,0
DA:162,0
DA:165,0
DA:166,0
DA:171,0
DA:181,0
DA:183,0
DA:184,0
DA:185,0
DA:186,0
DA:187,0
DA:191,0
DA:192,0
DA:195,0
DA:196,0
DA:197,0
DA:198,0
DA:200,0
DA:201,0
DA:202,0
DA:203,0
DA:206,0
DA:210,0
DA:214,0
DA:220,0
DA:223,0
DA:226,0
DA:227,0
DA:230,0
DA:231,0
DA:232,0
DA:233,0
DA:238,0
DA:248,0
DA:249,0
DA:252,0
DA:255,0
DA:256,0
DA:257,0
DA:262,0
DA:265,0
DA:266,0
DA:267,0
DA:268,0
DA:269,0
DA:270,0
DA:281,0
DA:285,0
DA:295,0
DA:296,0
DA:299,0
DA:300,0
DA:302,0
DA:304,0
DA:305,0
DA:307,0
DA:308,0
DA:309,0
DA:310,0
DA:311,0
DA:312,0
DA:313,0
DA:315,0
DA:317,0
DA:320,0
DA:325,0
DA:329,0
DA:333,0
DA:337,0
DA:338,0
DA:339,0
DA:344,0
DA:350,0
DA:353,0
DA:363,0
DA:368,0
DA:371,0
DA:372,0
DA:382,0
DA:393,0
DA:396,0
DA:397,0
DA:398,0
DA:401,0
DA:403,0
DA:404,0
DA:406,0
DA:407,0
DA:410,0
DA:411,0
DA:412,0
DA:416,0
DA:419,0
DA:420,0
DA:421,0
DA:423,0
DA:428,0
DA:430,0
DA:432,0
DA:450,0
DA:451,0
DA:452,0
DA:463,0
DA:464,0
DA:465,0
DA:466,0
DA:467,0
DA:468,0
DA:469,0
DA:472,0
DA:477,0
DA:495,0
DA:498,0
DA:511,0
DA:514,0
DA:516,0
DA:531,0
DA:532,0
DA:533,0
DA:542,0
DA:546,0
DA:547,0
DA:550,0
DA:552,0
DA:556,0
DA:575,0
DA:577,0
DA:578,0
DA:581,0
DA:582,0
DA:585,0
DA:586,0
DA:590,0
DA:591,0
DA:594,0
DA:595,0
DA:599,0
DA:600,0
DA:602,0
DA:607,0
DA:610,0
DA:620,0
DA:622,0
DA:639,0
DA:640,0
DA:643,0
LF:184
LH:0
BRDA:30,0,0,0
BRDA:62,1,0,0
BRDA:62,1,1,0
BRDA:88,2,0,0
BRDA:108,3,0,0
BRDA:110,4,0,0
BRDA:110,4,1,0
BRDA:110,4,2,0
BRDA:124,5,0,0
BRDA:124,5,1,0
BRDA:124,6,0,0
BRDA:124,6,1,0
BRDA:131,7,0,0
BRDA:131,7,1,0
BRDA:137,8,0,0
BRDA:137,8,1,0
BRDA:142,9,0,0
BRDA:142,9,1,0
BRDA:148,10,0,0
BRDA:148,10,1,0
BRDA:161,11,0,0
BRDA:161,11,1,0
BRDA:185,12,0,0
BRDA:185,12,1,0
BRDA:191,13,0,0
BRDA:191,13,1,0
BRDA:198,14,0,0
BRDA:198,14,1,0
BRDA:202,15,0,0
BRDA:202,15,1,0
BRDA:232,16,0,0
BRDA:232,16,1,0
BRDA:252,17,0,0
BRDA:252,17,1,0
BRDA:255,18,0,0
BRDA:255,18,1,0
BRDA:258,19,0,0
BRDA:258,19,1,0
BRDA:265,20,0,0
BRDA:265,20,1,0
BRDA:268,21,0,0
BRDA:268,21,1,0
BRDA:276,22,0,0
BRDA:276,22,1,0
BRDA:302,23,0,0
BRDA:302,23,1,0
BRDA:305,24,0,0
BRDA:305,24,1,0
BRDA:309,25,0,0
BRDA:309,25,1,0
BRDA:312,26,0,0
BRDA:312,26,1,0
BRDA:312,27,0,0
BRDA:312,27,1,0
BRDA:320,28,0,0
BRDA:320,28,1,0
BRDA:321,29,0,0
BRDA:321,29,1,0
BRDA:329,30,0,0
BRDA:329,30,1,0
BRDA:330,31,0,0
BRDA:330,31,1,0
BRDA:337,32,0,0
BRDA:337,32,1,0
BRDA:346,33,0,0
BRDA:346,33,1,0
BRDA:363,34,0,0
BRDA:363,34,1,0
BRDA:364,35,0,0
BRDA:364,35,1,0
BRDA:371,36,0,0
BRDA:371,36,1,0
BRDA:375,37,0,0
BRDA:375,37,1,0
BRDA:377,38,0,0
BRDA:377,38,1,0
BRDA:393,39,0,0
BRDA:393,39,1,0
BRDA:393,40,0,0
BRDA:393,40,1,0
BRDA:396,41,0,0
BRDA:396,41,1,0
BRDA:403,42,0,0
BRDA:403,42,1,0
BRDA:404,43,0,0
BRDA:404,43,1,0
BRDA:407,44,0,0
BRDA:407,44,1,0
BRDA:412,45,0,0
BRDA:412,45,1,0
BRDA:413,46,0,0
BRDA:413,46,1,0
BRDA:420,47,0,0
BRDA:420,47,1,0
BRDA:420,48,0,0
BRDA:420,48,1,0
BRDA:428,49,0,0
BRDA:428,49,1,0
BRDA:434,50,0,0
BRDA:434,50,1,0
BRDA:465,51,0,0
BRDA:465,51,1,0
BRDA:468,52,0,0
BRDA:468,52,1,0
BRDA:479,53,0,0
BRDA:479,53,1,0
BRDA:495,54,0,0
BRDA:495,54,1,0
BRDA:495,55,0,0
BRDA:495,55,1,0
BRDA:498,56,0,0
BRDA:498,56,1,0
BRDA:499,57,0,0
BRDA:499,57,1,0
BRDA:499,57,2,0
BRDA:499,57,3,0
BRDA:509,58,0,0
BRDA:509,58,1,0
BRDA:518,59,0,0
BRDA:518,59,1,0
BRDA:542,60,0,0
BRDA:542,60,1,0
BRDA:543,61,0,0
BRDA:543,61,1,0
BRDA:547,62,0,0
BRDA:547,62,1,0
BRDA:552,63,0,0
BRDA:552,63,1,0
BRDA:575,64,0,0
BRDA:575,64,1,0
BRDA:575,64,2,0
BRDA:575,64,3,0
BRDA:575,64,4,0
BRDA:575,64,5,0
BRDA:575,64,6,0
BRDA:620,65,0,0
BRDA:620,65,1,0
BRF:137
BRH:0
end_of_record
TN:
SF:src/services/parsing/pythonParser.test.js
FN:16,testPythonParser
FN:140,(anonymous_1)
FN:166,(anonymous_2)
FN:180,(anonymous_3)
FN:192,(anonymous_4)
FN:194,(anonymous_5)
FN:197,(anonymous_6)
FN:237,(anonymous_7)
FN:238,(anonymous_8)
FN:240,(anonymous_9)
FN:252,(anonymous_10)
FN:253,(anonymous_11)
FN:255,(anonymous_12)
FN:267,(anonymous_13)
FN:268,(anonymous_14)
FN:270,(anonymous_15)
FN:286,(anonymous_16)
FN:287,(anonymous_17)
FN:310,(anonymous_18)
FNF:19
FNH:0
FNDA:0,testPythonParser
FNDA:0,(anonymous_1)
FNDA:0,(anonymous_2)
FNDA:0,(anonymous_3)
FNDA:0,(anonymous_4)
FNDA:0,(anonymous_5)
FNDA:0,(anonymous_6)
FNDA:0,(anonymous_7)
FNDA:0,(anonymous_8)
FNDA:0,(anonymous_9)
FNDA:0,(anonymous_10)
FNDA:0,(anonymous_11)
FNDA:0,(anonymous_12)
FNDA:0,(anonymous_13)
FNDA:0,(anonymous_14)
FNDA:0,(anonymous_15)
FNDA:0,(anonymous_16)
FNDA:0,(anonymous_17)
FNDA:0,(anonymous_18)
DA:17,0
DA:19,0
DA:22,0
DA:25,0
DA:26,0
DA:29,0
DA:125,0
DA:126,0
DA:127,0
DA:129,0
DA:132,0
DA:138,0
DA:140,0
DA:141,0
DA:142,0
DA:143,0
DA:144,0
DA:145,0
DA:146,0
DA:149,0
DA:150,0
DA:154,0
DA:157,0
DA:162,0
DA:166,0
DA:167,0
DA:168,0
DA:171,0
DA:172,0
DA:173,0
DA:177,0
DA:180,0
DA:181,0
DA:184,0
DA:188,0
DA:189,0
DA:192,0
DA:193,0
DA:194,0
DA:196,0
DA:197,0
DA:200,0
DA:205,0
DA:210,0
DA:211,0
DA:215,0
DA:221,0
DA:222,0
DA:227,0
DA:228,0
DA:235,0
DA:236,0
DA:237,0
DA:239,0
DA:240,0
DA:242,0
DA:250,0
DA:251,0
DA:252,0
DA:254,0
DA:256,0
DA:260,0
DA:264,0
DA:265,0
DA:266,0
DA:267,0
DA:269,0
DA:270,0
DA:272,0
DA:273,0
DA:275,0
DA:279,0
DA:280,0
DA:284,0
DA:285,0
DA:286,0
DA:288,0
DA:289,0
DA:290,0
DA:294,0
DA:298,0
DA:300,0
DA:303,0
DA:310,0
DA:311,0
DA:314,0
LF:86
LH:0
BRDA:125,0,0,0
BRDA:125,0,1,0
BRDA:149,1,0,0
BRDA:149,1,1,0
BRDA:159,2,0,0
BRDA:159,2,1,0
BRDA:167,3,0,0
BRDA:167,3,1,0
BRDA:181,4,0,0
BRDA:181,4,1,0
BRDA:201,5,0,0
BRDA:201,5,1,0
BRDA:206,6,0,0
BRDA:206,6,1,0
BRDA:210,7,0,0
BRDA:210,7,1,0
BRDA:221,8,0,0
BRDA:221,8,1,0
BRDA:227,9,0,0
BRDA:227,9,1,0
BRDA:243,10,0,0
BRDA:243,10,1,0
BRDA:256,11,0,0
BRDA:256,11,1,0
BRDA:256,11,2,0
BRDA:272,12,0,0
BRDA:272,12,1,0
BRDA:274,13,0,0
BRDA:274,13,1,0
BRDA:289,14,0,0
BRDA:289,14,1,0
BRF:31
BRH:0
end_of_record
TN:
SF:src/services/parsing/treeSitterManager.js
FN:23,(anonymous_0)
FN:33,(anonymous_1)
FN:94,(anonymous_2)
FN:123,(anonymous_3)
FN:166,(anonymous_4)
FN:197,(anonymous_5)
FN:236,(anonymous_6)
FN:244,(anonymous_7)
FNF:8
FNH:0
FNDA:0,(anonymous_0)
FNDA:0,(anonymous_1)
FNDA:0,(anonymous_2)
FNDA:0,(anonymous_3)
FNDA:0,(anonymous_4)
FNDA:0,(anonymous_5)
FNDA:0,(anonymous_6)
FNDA:0,(anonymous_7)
DA:10,0
DA:24,0
DA:25,0
DA:34,0
DA:35,0
DA:38,0
DA:41,0
DA:45,0
DA:48,0
DA:49,0
DA:51,0
DA:52,0
DA:53,0
DA:54,0
DA:55,0
DA:56,0
DA:57,0
DA:58,0
DA:59,0
DA:63,0
DA:64,0
DA:66,0
DA:72,0
DA:77,0
DA:79,0
DA:80,0
DA:81,0
DA:84,0
DA:87,0
DA:95,0
DA:96,0
DA:99,0
DA:100,0
DA:103,0
DA:105,0
DA:106,0
DA:109,0
DA:110,0
DA:112,0
DA:115,0
DA:124,0
DA:125,0
DA:129,0
DA:130,0
DA:133,0
DA:135,0
DA:136,0
DA:140,0
DA:141,0
DA:142,0
DA:144,0
DA:148,0
DA:149,0
DA:150,0
DA:152,0
DA:155,0
DA:158,0
DA:167,0
DA:168,0
DA:172,0
DA:173,0
DA:176,0
DA:178,0
DA:179,0
DA:182,0
DA:183,0
DA:185,0
DA:188,0
DA:198,0
DA:199,0
DA:202,0
DA:205,0
DA:207,0
DA:208,0
DA:209,0
DA:212,0
DA:214,0
DA:217,0
DA:219,0
DA:221,0
DA:227,0
DA:237,0
DA:245,0
LF:83
LH:0
BRDA:34,0,0,0
BRDA:34,0,1,0
BRDA:51,1,0,0
BRDA:51,1,1,0
BRDA:54,2,0,0
BRDA:54,2,1,0
BRDA:57,3,0,0
BRDA:57,3,1,0
BRDA:79,4,0,0
BRDA:79,4,1,0
BRDA:105,5,0,0
BRDA:105,5,1,0
BRDA:135,6,0,0
BRDA:135,6,1,0
BRDA:140,7,0,0
BRDA:140,7,1,0
BRDA:148,8,0,0
BRDA:148,8,1,0
BRDA:178,9,0,0
BRDA:178,9,1,0
BRDA:198,10,0,0
BRDA:198,10,1,0
BRDA:207,11,0,0
BRDA:207,11,1,0
BRF:24
BRH:0
end_of_record
TN:
SF:src/services/parsing/treeSitterTest.js
FN:14,testTreeSitter
FN:62,(anonymous_1)
FNF:2
FNH:0
FNDA:0,testTreeSitter
FNDA:0,(anonymous_1)
DA:15,0
DA:17,0
DA:20,0
DA:23,0
DA:24,0
DA:27,0
DA:28,0
DA:29,0
DA:30,0
DA:31,0
DA:32,0
DA:36,0
DA:37,0
DA:38,0
DA:39,0
DA:40,0
DA:41,0
DA:45,0
DA:46,0
DA:47,0
DA:48,0
DA:49,0
DA:50,0
DA:53,0
DA:55,0
DA:62,0
DA:63,0
DA:66,0
LF:28
LH:0
BRDA:27,0,0,0
BRDA:27,0,1,0
BRDA:36,1,0,0
BRDA:36,1,1,0
BRDA:45,2,0,0
BRDA:45,2,1,0
BRF:6
BRH:0
end_of_record
TN:
SF:src/services/parsing/typescript.parser.js
FN:14,parseTypeScript
FN:30,createCodeEntity
FN:85,createRelationship
FN:113,createInterfaceEntity
FN:157,createTypeAliasEntity
FN:201,createEnumEntity
FN:231,createEnumMemberEntity
FN:271,createNamespaceEntity
FN:305,createClassEntity
FN:362,createFunctionEntity
FN:411,createMethodEntity
FN:465,createPropertyEntity
FN:523,extractInterfaceExtension
FN:559,extractImplementsInterface
FN:595,extractTypeReference
FN:697,extractFunctionCall
FN:740,extractMemberAccess
FN:774,extractVariableAssignment
FN:800,extractImportRelationship
FN:837,extractExportRelationship
FN:851,visitNode
FN:989,(anonymous_21)
FN:1005,nodeToObject
FNF:23
FNH:0
FNDA:0,parseTypeScript
FNDA:0,createCodeEntity
FNDA:0,createRelationship
FNDA:0,createInterfaceEntity
FNDA:0,createTypeAliasEntity
FNDA:0,createEnumEntity
FNDA:0,createEnumMemberEntity
FNDA:0,createNamespaceEntity
FNDA:0,createClassEntity
FNDA:0,createFunctionEntity
FNDA:0,createMethodEntity
FNDA:0,createPropertyEntity
FNDA:0,extractInterfaceExtension
FNDA:0,extractImplementsInterface
FNDA:0,extractTypeReference
FNDA:0,extractFunctionCall
FNDA:0,extractMemberAccess
FNDA:0,extractVariableAssignment
FNDA:0,extractImportRelationship
FNDA:0,extractExportRelationship
FNDA:0,visitNode
FNDA:0,(anonymous_21)
FNDA:0,nodeToObject
DA:16,0
DA:17,0
DA:20,0
DA:31,0
DA:34,0
DA:35,0
DA:36,0
DA:39,0
DA:40,0
DA:41,0
DA:42,0
DA:46,0
DA:61,0
DA:64,0
DA:65,0
DA:73,0
DA:92,0
DA:94,0
DA:102,0
DA:103,0
DA:114,0
DA:117,0
DA:118,0
DA:119,0
DA:120,0
DA:121,0
DA:122,0
DA:126,0
DA:128,0
DA:129,0
DA:134,0
DA:136,0
DA:139,0
DA:140,0
DA:141,0
DA:142,0
DA:143,0
DA:147,0
DA:158,0
DA:161,0
DA:162,0
DA:163,0
DA:164,0
DA:165,0
DA:166,0
DA:170,0
DA:172,0
DA:173,0
DA:178,0
DA:180,0
DA:183,0
DA:184,0
DA:185,0
DA:186,0
DA:187,0
DA:191,0
DA:202,0
DA:205,0
DA:206,0
DA:207,0
DA:208,0
DA:209,0
DA:210,0
DA:214,0
DA:216,0
DA:217,0
DA:218,0
DA:220,0
DA:221,0
DA:232,0
DA:235,0
DA:236,0
DA:237,0
DA:238,0
DA:239,0
DA:240,0
DA:244,0
DA:246,0
DA:247,0
DA:248,0
DA:250,0
DA:253,0
DA:254,0
DA:255,0
DA:256,0
DA:257,0
DA:261,0
DA:272,0
DA:275,0
DA:276,0
DA:277,0
DA:278,0
DA:279,0
DA:280,0
DA:284,0
DA:286,0
DA:287,0
DA:292,0
DA:294,0
DA:295,0
DA:306,0
DA:309,0
DA:310,0
DA:311,0
DA:312,0
DA:313,0
DA:314,0
DA:318,0
DA:320,0
DA:321,0
DA:322,0
DA:324,0
DA:327,0
DA:328,0
DA:332,0
DA:333,0
DA:335,0
DA:336,0
DA:337,0
DA:338,0
DA:339,0
DA:340,0
DA:344,0
DA:345,0
DA:348,0
DA:349,0
DA:352,0
DA:363,0
DA:366,0
DA:367,0
DA:368,0
DA:369,0
DA:370,0
DA:371,0
DA:376,0
DA:378,0
DA:379,0
DA:381,0
DA:384,0
DA:385,0
DA:386,0
DA:387,0
DA:388,0
DA:393,0
DA:394,0
DA:395,0
DA:396,0
DA:397,0
DA:401,0
DA:412,0
DA:415,0
DA:416,0
DA:417,0
DA:418,0
DA:419,0
DA:420,0
DA:424,0
DA:426,0
DA:427,0
DA:428,0
DA:430,0
DA:433,0
DA:434,0
DA:435,0
DA:436,0
DA:437,0
DA:438,0
DA:439,0
DA:440,0
DA:441,0
DA:442,0
DA:447,0
DA:448,0
DA:449,0
DA:450,0
DA:451,0
DA:455,0
DA:466,0
DA:469,0
DA:470,0
DA:471,0
DA:472,0
DA:476,0
DA:477,0
DA:481,0
DA:483,0
DA:484,0
DA:485,0
DA:487,0
DA:490,0
DA:491,0
DA:492,0
DA:493,0
DA:494,0
DA:495,0
DA:496,0
DA:497,0
DA:498,0
DA:499,0
DA:500,0
DA:501,0
DA:506,0
DA:507,0
DA:508,0
DA:509,0
DA:510,0
DA:514,0
DA:524,0
DA:527,0
DA:528,0
DA:529,0
DA:530,0
DA:531,0
DA:532,0
DA:536,0
DA:539,0
DA:540,0
DA:541,0
DA:542,0
DA:543,0
DA:560,0
DA:563,0
DA:564,0
DA:565,0
DA:566,0
DA:567,0
DA:568,0
DA:572,0
DA:575,0
DA:576,0
DA:577,0
DA:578,0
DA:579,0
DA:596,0
DA:598,0
DA:601,0
DA:602,0
DA:603,0
DA:604,0
DA:609,0
DA:615,0
DA:617,0
DA:618,0
DA:619,0
DA:620,0
DA:627,0
DA:629,0
DA:630,0
DA:631,0
DA:635,0
DA:646,0
DA:648,0
DA:649,0
DA:650,0
DA:654,0
DA:667,0
DA:668,0
DA:669,0
DA:670,0
DA:671,0
DA:672,0
DA:673,0
DA:677,0
DA:698,0
DA:701,0
DA:702,0
DA:703,0
DA:706,0
DA:708,0
DA:711,0
DA:712,0
DA:713,0
DA:715,0
DA:716,0
DA:717,0
DA:718,0
DA:719,0
DA:724,0
DA:725,0
DA:741,0
DA:744,0
DA:745,0
DA:747,0
DA:748,0
DA:749,0
DA:752,0
DA:754,0
DA:755,0
DA:758,0
DA:775,0
DA:778,0
DA:779,0
DA:780,0
DA:781,0
DA:783,0
DA:786,0
DA:787,0
DA:788,0
DA:789,0
DA:790,0
DA:801,0
DA:804,0
DA:805,0
DA:806,0
DA:807,0
DA:808,0
DA:809,0
DA:813,0
DA:815,0
DA:818,0
DA:820,0
DA:821,0
DA:838,0
DA:852,0
DA:854,0
DA:855,0
DA:858,0
DA:865,0
DA:866,0
DA:870,0
DA:871,0
DA:874,0
DA:875,0
DA:878,0
DA:879,0
DA:883,0
DA:884,0
DA:887,0
DA:888,0
DA:891,0
DA:892,0
DA:895,0
DA:896,0
DA:900,0
DA:901,0
DA:905,0
DA:906,0
DA:909,0
DA:910,0
DA:913,0
DA:914,0
DA:916,0
DA:919,0
DA:920,0
DA:923,0
DA:924,0
DA:928,0
DA:930,0
DA:931,0
DA:932,0
DA:933,0
DA:934,0
DA:935,0
DA:939,0
DA:940,0
DA:944,0
DA:949,0
DA:950,0
DA:951,0
DA:952,0
DA:953,0
DA:954,0
DA:958,0
DA:959,0
DA:964,0
DA:972,0
DA:976,0
DA:977,0
DA:978,0
DA:983,0
DA:986,0
DA:987,0
DA:988,0
DA:989,0
DA:991,0
DA:992,0
DA:997,0
DA:1006,0
DA:1008,0
DA:1019,0
DA:1020,0
DA:1021,0
DA:1024,0
LF:383
LH:0
BRDA:30,0,0,0
BRDA:31,1,0,0
BRDA:31,1,1,0
BRDA:56,2,0,0
BRDA:56,2,1,0
BRDA:64,3,0,0
BRDA:64,3,1,0
BRDA:90,4,0,0
BRDA:92,5,0,0
BRDA:92,5,1,0
BRDA:92,6,0,0
BRDA:92,6,1,0
BRDA:113,7,0,0
BRDA:114,8,0,0
BRDA:114,8,1,0
BRDA:120,9,0,0
BRDA:120,9,1,0
BRDA:126,10,0,0
BRDA:126,10,1,0
BRDA:134,11,0,0
BRDA:134,11,1,0
BRDA:141,12,0,0
BRDA:141,12,1,0
BRDA:157,13,0,0
BRDA:158,14,0,0
BRDA:158,14,1,0
BRDA:164,15,0,0
BRDA:164,15,1,0
BRDA:170,16,0,0
BRDA:170,16,1,0
BRDA:178,17,0,0
BRDA:178,17,1,0
BRDA:185,18,0,0
BRDA:185,18,1,0
BRDA:185,19,0,0
BRDA:185,19,1,0
BRDA:201,20,0,0
BRDA:202,21,0,0
BRDA:202,21,1,0
BRDA:208,22,0,0
BRDA:208,22,1,0
BRDA:214,23,0,0
BRDA:214,23,1,0
BRDA:218,24,0,0
BRDA:218,24,1,0
BRDA:231,25,0,0
BRDA:232,26,0,0
BRDA:232,26,1,0
BRDA:238,27,0,0
BRDA:238,27,1,0
BRDA:244,28,0,0
BRDA:244,28,1,0
BRDA:248,29,0,0
BRDA:248,29,1,0
BRDA:255,30,0,0
BRDA:255,30,1,0
BRDA:255,31,0,0
BRDA:255,31,1,0
BRDA:271,32,0,0
BRDA:272,33,0,0
BRDA:272,33,1,0
BRDA:278,34,0,0
BRDA:278,34,1,0
BRDA:278,35,0,0
BRDA:278,35,1,0
BRDA:284,36,0,0
BRDA:284,36,1,0
BRDA:292,37,0,0
BRDA:292,37,1,0
BRDA:305,38,0,0
BRDA:306,39,0,0
BRDA:306,39,1,0
BRDA:312,40,0,0
BRDA:312,40,1,0
BRDA:318,41,0,0
BRDA:318,41,1,0
BRDA:322,42,0,0
BRDA:322,42,1,0
BRDA:327,43,0,0
BRDA:327,43,1,0
BRDA:337,44,0,0
BRDA:337,44,1,0
BRDA:339,45,0,0
BRDA:339,45,1,0
BRDA:344,46,0,0
BRDA:344,46,1,0
BRDA:348,47,0,0
BRDA:348,47,1,0
BRDA:362,48,0,0
BRDA:363,49,0,0
BRDA:363,49,1,0
BRDA:369,50,0,0
BRDA:369,50,1,0
BRDA:376,51,0,0
BRDA:376,51,1,0
BRDA:379,52,0,0
BRDA:379,52,1,0
BRDA:386,53,0,0
BRDA:386,53,1,0
BRDA:395,54,0,0
BRDA:395,54,1,0
BRDA:411,55,0,0
BRDA:412,56,0,0
BRDA:412,56,1,0
BRDA:418,57,0,0
BRDA:418,57,1,0
BRDA:424,58,0,0
BRDA:424,58,1,0
BRDA:428,59,0,0
BRDA:428,59,1,0
BRDA:435,60,0,0
BRDA:435,60,1,0
BRDA:437,61,0,0
BRDA:437,61,1,0
BRDA:439,62,0,0
BRDA:439,62,1,0
BRDA:441,63,0,0
BRDA:441,63,1,0
BRDA:449,64,0,0
BRDA:449,64,1,0
BRDA:465,65,0,0
BRDA:466,66,0,0
BRDA:466,66,1,0
BRDA:472,67,0,0
BRDA:472,67,1,0
BRDA:473,68,0,0
BRDA:473,68,1,0
BRDA:481,69,0,0
BRDA:481,69,1,0
BRDA:485,70,0,0
BRDA:485,70,1,0
BRDA:492,71,0,0
BRDA:492,71,1,0
BRDA:494,72,0,0
BRDA:494,72,1,0
BRDA:496,73,0,0
BRDA:496,73,1,0
BRDA:498,74,0,0
BRDA:498,74,1,0
BRDA:500,75,0,0
BRDA:500,75,1,0
BRDA:508,76,0,0
BRDA:508,76,1,0
BRDA:524,77,0,0
BRDA:524,77,1,0
BRDA:524,78,0,0
BRDA:524,78,1,0
BRDA:530,79,0,0
BRDA:530,79,1,0
BRDA:536,80,0,0
BRDA:536,80,1,0
BRDA:541,81,0,0
BRDA:541,81,1,0
BRDA:541,82,0,0
BRDA:541,82,1,0
BRDA:560,83,0,0
BRDA:560,83,1,0
BRDA:560,84,0,0
BRDA:560,84,1,0
BRDA:566,85,0,0
BRDA:566,85,1,0
BRDA:572,86,0,0
BRDA:572,86,1,0
BRDA:577,87,0,0
BRDA:577,87,1,0
BRDA:577,88,0,0
BRDA:577,88,1,0
BRDA:596,89,0,0
BRDA:596,89,1,0
BRDA:596,90,0,0
BRDA:596,90,1,0
BRDA:601,91,0,0
BRDA:601,91,1,0
BRDA:604,92,0,0
BRDA:604,92,1,0
BRDA:605,93,0,0
BRDA:605,93,1,0
BRDA:605,93,2,0
BRDA:615,94,0,0
BRDA:615,94,1,0
BRDA:619,95,0,0
BRDA:619,95,1,0
BRDA:627,96,0,0
BRDA:627,96,1,0
BRDA:631,97,0,0
BRDA:631,97,1,0
BRDA:632,98,0,0
BRDA:632,98,1,0
BRDA:646,99,0,0
BRDA:646,99,1,0
BRDA:650,100,0,0
BRDA:650,100,1,0
BRDA:651,101,0,0
BRDA:651,101,1,0
BRDA:667,102,0,0
BRDA:667,102,1,0
BRDA:670,103,0,0
BRDA:670,103,1,0
BRDA:673,104,0,0
BRDA:673,104,1,0
BRDA:674,105,0,0
BRDA:674,105,1,0
BRDA:697,106,0,0
BRDA:698,107,0,0
BRDA:698,107,1,0
BRDA:698,108,0,0
BRDA:698,108,1,0
BRDA:702,109,0,0
BRDA:702,109,1,0
BRDA:706,110,0,0
BRDA:706,110,1,0
BRDA:711,111,0,0
BRDA:711,111,1,0
BRDA:713,112,0,0
BRDA:713,112,1,0
BRDA:717,113,0,0
BRDA:717,113,1,0
BRDA:724,114,0,0
BRDA:724,114,1,0
BRDA:740,115,0,0
BRDA:741,116,0,0
BRDA:741,116,1,0
BRDA:741,117,0,0
BRDA:741,117,1,0
BRDA:747,118,0,0
BRDA:747,118,1,0
BRDA:752,119,0,0
BRDA:752,119,1,0
BRDA:752,120,0,0
BRDA:752,120,1,0
BRDA:754,121,0,0
BRDA:754,121,1,0
BRDA:774,122,0,0
BRDA:775,123,0,0
BRDA:775,123,1,0
BRDA:775,124,0,0
BRDA:775,124,1,0
BRDA:779,125,0,0
BRDA:779,125,1,0
BRDA:781,126,0,0
BRDA:781,126,1,0
BRDA:786,127,0,0
BRDA:786,127,1,0
BRDA:787,128,0,0
BRDA:787,128,1,0
BRDA:789,129,0,0
BRDA:789,129,1,0
BRDA:801,130,0,0
BRDA:801,130,1,0
BRDA:807,131,0,0
BRDA:807,131,1,0
BRDA:813,132,0,0
BRDA:813,132,1,0
BRDA:820,133,0,0
BRDA:820,133,1,0
BRDA:826,134,0,0
BRDA:826,134,1,0
BRDA:838,135,0,0
BRDA:838,135,1,0
BRDA:851,136,0,0
BRDA:852,137,0,0
BRDA:852,137,1,0
BRDA:858,138,0,0
BRDA:858,138,1,0
BRDA:858,138,2,0
BRDA:858,138,3,0
BRDA:858,138,4,0
BRDA:858,138,5,0
BRDA:858,138,6,0
BRDA:858,138,7,0
BRDA:858,138,8,0
BRDA:858,138,9,0
BRDA:858,138,10,0
BRDA:858,138,11,0
BRDA:858,138,12,0
BRDA:858,138,13,0
BRDA:858,138,14,0
BRDA:858,138,15,0
BRDA:858,138,16,0
BRDA:858,138,17,0
BRDA:858,138,18,0
BRDA:858,138,19,0
BRDA:913,139,0,0
BRDA:913,139,1,0
BRDA:913,140,0,0
BRDA:913,140,1,0
BRDA:928,141,0,0
BRDA:928,141,1,0
BRDA:933,142,0,0
BRDA:933,142,1,0
BRDA:939,143,0,0
BRDA:939,143,1,0
BRDA:939,144,0,0
BRDA:939,144,1,0
BRDA:944,145,0,0
BRDA:944,145,1,0
BRDA:945,146,0,0
BRDA:945,146,1,0
BRDA:952,147,0,0
BRDA:952,147,1,0
BRDA:958,148,0,0
BRDA:958,148,1,0
BRDA:958,149,0,0
BRDA:958,149,1,0
BRDA:964,150,0,0
BRDA:964,150,1,0
BRDA:972,151,0,0
BRDA:972,151,1,0
BRDA:978,152,0,0
BRDA:978,152,1,0
BRDA:987,153,0,0
BRDA:987,153,1,0
BRDA:991,154,0,0
BRDA:991,154,1,0
BRDA:1006,155,0,0
BRDA:1006,155,1,0
BRF:316
BRH:0
end_of_record
TN:
SF:src/services/parsing/typescriptParser.test.js
FN:16,testTypeScriptParser
FN:135,(anonymous_1)
FN:144,(anonymous_2)
FN:162,(anonymous_3)
FN:202,(anonymous_4)
FN:231,(anonymous_5)
FN:234,(anonymous_6)
FNF:7
FNH:0
FNDA:0,testTypeScriptParser
FNDA:0,(anonymous_1)
FNDA:0,(anonymous_2)
FNDA:0,(anonymous_3)
FNDA:0,(anonymous_4)
FNDA:0,(anonymous_5)
FNDA:0,(anonymous_6)
DA:17,0
DA:19,0
DA:22,0
DA:25,0
DA:26,0
DA:29,0
DA:102,0
DA:104,0
DA:105,0
DA:106,0
DA:109,0
DA:111,0
DA:114,0
DA:115,0
DA:116,0
DA:117,0
DA:125,0
DA:131,0
DA:134,0
DA:135,0
DA:136,0
DA:142,0
DA:144,0
DA:145,0
DA:146,0
DA:147,0
DA:149,0
DA:153,0
DA:154,0
DA:155,0
DA:159,0
DA:160,0
DA:162,0
DA:163,0
DA:164,0
DA:167,0
DA:168,0
DA:169,0
DA:170,0
DA:171,0
DA:172,0
DA:177,0
DA:183,0
DA:186,0
DA:191,0
DA:196,0
DA:201,0
DA:202,0
DA:203,0
DA:204,0
DA:205,0
DA:207,0
DA:211,0
DA:212,0
DA:213,0
DA:217,0
DA:223,0
DA:224,0
DA:226,0
DA:227,0
DA:231,0
DA:233,0
DA:234,0
DA:236,0
DA:238,0
DA:243,0
DA:244,0
DA:245,0
DA:246,0
DA:247,0
DA:248,0
DA:249,0
DA:250,0
DA:255,0
DA:260,0
DA:265,0
DA:267,0
DA:274,0
LF:78
LH:0
BRDA:104,0,0,0
BRDA:104,0,1,0
BRDA:120,1,0,0
BRDA:120,1,1,0
BRDA:146,2,0,0
BRDA:146,2,1,0
BRDA:167,3,0,0
BRDA:167,3,1,0
BRDA:170,4,0,0
BRDA:170,4,1,0
BRDA:172,5,0,0
BRDA:172,5,1,0
BRDA:173,6,0,0
BRDA:173,6,1,0
BRDA:173,6,2,0
BRDA:188,7,0,0
BRDA:188,7,1,0
BRDA:204,8,0,0
BRDA:204,8,1,0
BRDA:224,9,0,0
BRDA:224,9,1,0
BRDA:226,10,0,0
BRDA:226,10,1,0
BRDA:236,11,0,0
BRDA:236,11,1,0
BRDA:243,12,0,0
BRDA:243,12,1,0
BRDA:246,13,0,0
BRDA:246,13,1,0
BRDA:248,14,0,0
BRDA:248,14,1,0
BRDA:250,15,0,0
BRDA:250,15,1,0
BRDA:251,16,0,0
BRDA:251,16,1,0
BRDA:251,16,2,0
BRF:36
BRH:0
end_of_record
TN:
SF:src/utils/logger.js
FN:17,(anonymous_0)
FN:27,(anonymous_1)
FN:38,(anonymous_2)
FN:53,(anonymous_3)
FN:74,(anonymous_4)
FN:100,(anonymous_5)
FN:107,(anonymous_6)
FN:114,(anonymous_7)
FN:121,(anonymous_8)
FNF:9
FNH:0
FNDA:0,(anonymous_0)
FNDA:0,(anonymous_1)
FNDA:0,(anonymous_2)
FNDA:0,(anonymous_3)
FNDA:0,(anonymous_4)
FNDA:0,(anonymous_5)
FNDA:0,(anonymous_6)
FNDA:0,(anonymous_7)
FNDA:0,(anonymous_8)
DA:9,0
DA:17,0
DA:18,0
DA:19,0
DA:27,0
DA:28,0
DA:29,0
DA:30,0
DA:38,0
DA:39,0
DA:40,0
DA:45,0
DA:53,0
DA:54,0
DA:56,0
DA:57,0
DA:65,0
DA:74,0
DA:75,0
DA:77,0
DA:78,0
DA:80,0
DA:88,0
DA:94,0
DA:100,0
DA:107,0
DA:114,0
DA:121,0
LF:28
LH:0
BRDA:18,0,0,0
BRDA:18,0,1,0
BRDA:19,1,0,0
BRDA:19,1,1,0
BRDA:39,2,0,0
BRDA:39,2,1,0
BRDA:54,3,0,0
BRDA:54,3,1,0
BRDA:56,4,0,0
BRDA:56,4,1,0
BRDA:75,5,0,0
BRDA:75,5,1,0
BRDA:84,6,0,0
BRDA:84,6,1,0
BRF:14
BRH:0
end_of_record
